Log file open, 04/29/21 15:57:58
LogInit: Display: Running engine for game: FMP_Rat_Trap
LogPlatformFile: Not using cached read wrapper
LogTaskGraph: Started task graph with 5 named threads and 35 total threads with 3 sets of task threads.
LogStats: Stats thread started at 1.314533
LogD3D11RHI: Loaded GFSDK_Aftermath_Lib.x64.dll
LogICUInternationalization: ICU TimeZone Detection - Raw Offset: +0:00, Platform Override: ''
LogPluginManager: Mounting plugin Paper2D
LogPluginManager: Mounting plugin AISupport
LogPluginManager: Mounting plugin LightPropagationVolume
LogPluginManager: Mounting plugin CameraShakePreviewer
LogPluginManager: Mounting plugin ActorLayerUtilities
LogPluginManager: Mounting plugin AnimationSharing
LogPluginManager: Mounting plugin CLionSourceCodeAccess
LogPluginManager: Mounting plugin CodeLiteSourceCodeAccess
LogPluginManager: Mounting plugin GitSourceControl
LogPluginManager: Mounting plugin KDevelopSourceCodeAccess
LogPluginManager: Mounting plugin NullSourceCodeAccess
LogPluginManager: Mounting plugin PerforceSourceControl
LogPluginManager: Mounting plugin PlasticSourceControl
LogPluginManager: Mounting plugin RiderSourceCodeAccess
LogPluginManager: Mounting plugin SubversionSourceControl
LogPluginManager: Mounting plugin UObjectPlugin
LogPluginManager: Mounting plugin VisualStudioCodeSourceCodeAccess
LogPluginManager: Mounting plugin VisualStudioSourceCodeAccess
LogPluginManager: Mounting plugin XCodeSourceCodeAccess
LogPluginManager: Mounting plugin AssetManagerEditor
LogPluginManager: Mounting plugin CryptoKeys
LogPluginManager: Mounting plugin CurveEditorTools
LogPluginManager: Mounting plugin DataValidation
LogPluginManager: Mounting plugin EditorScriptingUtilities
LogPluginManager: Mounting plugin FacialAnimation
LogPluginManager: Mounting plugin GameplayTagsEditor
LogPluginManager: Mounting plugin GeometryMode
LogPluginManager: Mounting plugin MacGraphicsSwitching
LogPluginManager: Mounting plugin MaterialAnalyzer
LogPluginManager: Mounting plugin MobileLauncherProfileWizard
LogPluginManager: Mounting plugin PluginBrowser
LogPluginManager: Mounting plugin SpeedTreeImporter
LogPluginManager: Mounting plugin DatasmithContent
LogPluginManager: Mounting plugin VariantManagerContent
LogPluginManager: Mounting plugin AlembicImporter
LogPluginManager: Mounting plugin AutomationUtils
LogPluginManager: Mounting plugin BackChannel
LogPluginManager: Mounting plugin ChaosCloth
LogPluginManager: Mounting plugin ChaosClothEditor
LogPluginManager: Mounting plugin ChaosEditor
LogPluginManager: Mounting plugin ChaosNiagara
LogPluginManager: Mounting plugin ChaosSolverPlugin
LogPluginManager: Mounting plugin CharacterAI
LogPluginManager: Mounting plugin GeometryCache
LogPluginManager: Mounting plugin GeometryCollectionPlugin
LogPluginManager: Mounting plugin GeometryProcessing
LogPluginManager: Mounting plugin PlanarCut
LogPluginManager: Mounting plugin PlatformCrypto
LogPluginManager: Mounting plugin ProxyLODPlugin
LogPluginManager: Mounting plugin SkeletalReduction
LogPluginManager: Mounting plugin Niagara
LogPluginManager: Mounting plugin MagicLeap
LogPluginManager: Mounting plugin MagicLeapLightEstimation
LogPluginManager: Mounting plugin MagicLeapMedia
LogPluginManager: Mounting plugin MagicLeapPassableWorld
LogPluginManager: Mounting plugin MLSDK
LogPluginManager: Mounting plugin AndroidMedia
LogPluginManager: Mounting plugin AvfMedia
LogPluginManager: Mounting plugin ImgMedia
LogPluginManager: Mounting plugin MediaCompositing
LogPluginManager: Mounting plugin MediaPlayerEditor
LogPluginManager: Mounting plugin WebMMedia
LogPluginManager: Mounting plugin WmfMedia
LogPluginManager: Mounting plugin MeshPainting
LogPluginManager: Mounting plugin TcpMessaging
LogPluginManager: Mounting plugin UdpMessaging
LogPluginManager: Mounting plugin ActorSequence
LogPluginManager: Mounting plugin LevelSequenceEditor
LogPluginManager: Mounting plugin MatineeToLevelSequence
LogPluginManager: Mounting plugin MovieRenderPipeline
LogPluginManager: Mounting plugin TemplateSequence
LogPluginManager: Mounting plugin NetcodeUnitTest
LogPluginManager: Mounting plugin NUTUnrealEngine4
LogPluginManager: Mounting plugin OnlineSubsystemGooglePlay
LogPluginManager: Mounting plugin OnlineSubsystemIOS
LogPluginManager: Mounting plugin OnlineSubsystem
LogPluginManager: Mounting plugin OnlineSubsystemNull
LogPluginManager: Mounting plugin OnlineSubsystemUtils
LogPluginManager: Mounting plugin LauncherChunkInstaller
LogPluginManager: Mounting plugin AndroidDeviceProfileSelector
LogPluginManager: Mounting plugin AndroidMoviePlayer
LogPluginManager: Mounting plugin AndroidPermission
LogPluginManager: Mounting plugin AppleImageUtils
LogPluginManager: Mounting plugin AppleMoviePlayer
LogPluginManager: Mounting plugin ArchVisCharacter
LogPluginManager: Mounting plugin AssetTags
LogPluginManager: Mounting plugin AudioCapture
LogPluginManager: Mounting plugin CableComponent
LogPluginManager: Mounting plugin CustomMeshComponent
LogPluginManager: Mounting plugin EditableMesh
LogPluginManager: Mounting plugin ExampleDeviceProfileSelector
LogPluginManager: Mounting plugin GoogleCloudMessaging
LogPluginManager: Mounting plugin GooglePAD
LogPluginManager: Mounting plugin IOSDeviceProfileSelector
LogPluginManager: Mounting plugin LinuxDeviceProfileSelector
LogPluginManager: Mounting plugin LocationServicesBPLibrary
LogPluginManager: Mounting plugin MobilePatchingUtils
LogPluginManager: Mounting plugin OculusVR
LogPluginManager: Mounting plugin PhysXVehicles
LogPluginManager: Mounting plugin PostSplashScreen
LogPluginManager: Mounting plugin ProceduralMeshComponent
LogPluginManager: Mounting plugin RuntimePhysXCooking
LogPluginManager: Mounting plugin SignificanceManager
LogPluginManager: Mounting plugin SoundFields
LogPluginManager: Mounting plugin SteamVR
LogPluginManager: Mounting plugin Synthesis
LogPluginManager: Mounting plugin WebMMoviePlayer
LogPluginManager: Mounting plugin WindowsMoviePlayer
LogPluginManager: Mounting plugin ScreenshotTools
LogInit: Using libcurl 7.55.1-DEV
LogInit:  - built for x86_64-pc-win32
LogInit:  - supports SSL with OpenSSL/1.1.1
LogInit:  - supports HTTP deflate (compression) using libz 1.2.8
LogInit:  - other features:
LogInit:      CURL_VERSION_SSL
LogInit:      CURL_VERSION_LIBZ
LogInit:      CURL_VERSION_IPV6
LogInit:      CURL_VERSION_ASYNCHDNS
LogInit:      CURL_VERSION_LARGEFILE
LogInit:      CURL_VERSION_IDN
LogInit:  CurlRequestOptions (configurable via config and command line):
LogInit:  - bVerifyPeer = true  - Libcurl will verify peer certificate
LogInit:  - bUseHttpProxy = false  - Libcurl will NOT use HTTP proxy
LogInit:  - bDontReuseConnections = false  - Libcurl will reuse connections
LogInit:  - MaxHostConnections = 16  - Libcurl will limit the number of connections to a host
LogInit:  - LocalHostAddr = Default
LogInit:  - BufferSize = 65536
LogOnline: OSS: Creating online subsystem instance for: NULL
LogInit: WinSock: version 1.1 (2.2), MaxSocks=32767, MaxUdp=65467
LogOnline: OSS: TryLoadSubsystemAndSetDefault: Loaded subsystem for module [NULL]
LogInit: Build: ++UE4+Release-4.25-CL-13942748
LogInit: Engine Version: 4.25.3-13942748+++UE4+Release-4.25
LogInit: Compatible Engine Version: 4.25.0-13144385+++UE4+Release-4.25
LogInit: Net CL: 13144385
LogInit: OS: Windows 10 (Release 2004) (), CPU: Intel(R) Core(TM) i5-10400 CPU @ 2.90GHz, GPU: NVIDIA GeForce GTX 1660 SUPER
LogInit: Compiled (64-bit): Jul 25 2020 02:07:48
LogInit: Compiled with Visual C++: 19.24.28315.00
LogInit: Build Configuration: Development
LogInit: Branch Name: ++UE4+Release-4.25
LogInit: Command Line: 
LogInit: Base Directory: C:/Program Files/Epic Games/UE_4.25/Engine/Binaries/Win64/
LogInit: Allocator: TBB
LogInit: Installed Engine Build: 1
LogDevObjectVersion: Number of dev versions registered: 26
LogDevObjectVersion:   Dev-Blueprints (B0D832E4-1F89-4F0D-ACCF-7EB736FD4AA2): 10
LogDevObjectVersion:   Dev-Build (E1C64328-A22C-4D53-A36C-8E866417BD8C): 0
LogDevObjectVersion:   Dev-Core (375EC13C-06E4-48FB-B500-84F0262A717E): 4
LogDevObjectVersion:   Dev-Editor (E4B068ED-F494-42E9-A231-DA0B2E46BB41): 38
LogDevObjectVersion:   Dev-Framework (CFFC743F-43B0-4480-9391-14DF171D2073): 37
LogDevObjectVersion:   Dev-Mobile (B02B49B5-BB20-44E9-A304-32B752E40360): 2
LogDevObjectVersion:   Dev-Networking (A4E4105C-59A1-49B5-A7C5-40C4547EDFEE): 0
LogDevObjectVersion:   Dev-Online (39C831C9-5AE6-47DC-9A44-9C173E1C8E7C): 0
LogDevObjectVersion:   Dev-Physics (78F01B33-EBEA-4F98-B9B4-84EACCB95AA2): 4
LogDevObjectVersion:   Dev-Platform (6631380F-2D4D-43E0-8009-CF276956A95A): 0
LogDevObjectVersion:   Dev-Rendering (12F88B9F-8875-4AFC-A67C-D90C383ABD29): 43
LogDevObjectVersion:   Dev-Sequencer (7B5AE74C-D270-4C10-A958-57980B212A5A): 12
LogDevObjectVersion:   Dev-VR (D7296918-1DD6-4BDD-9DE2-64A83CC13884): 3
LogDevObjectVersion:   Dev-LoadTimes (C2A15278-BFE7-4AFE-6C17-90FF531DF755): 1
LogDevObjectVersion:   Private-Geometry (6EACA3D4-40EC-4CC1-B786-8BED09428FC5): 3
LogDevObjectVersion:   Dev-AnimPhys (29E575DD-E0A3-4627-9D10-D276232CDCEA): 17
LogDevObjectVersion:   Dev-Anim (AF43A65D-7FD3-4947-9873-3E8ED9C1BB05): 7
LogDevObjectVersion:   Dev-ReflectionCapture (6B266CEC-1EC7-4B8F-A30B-E4D90942FC07): 1
LogDevObjectVersion:   Dev-Automation (0DF73D61-A23F-47EA-B727-89E90C41499A): 1
LogDevObjectVersion:   FortniteMain (601D1886-AC64-4F84-AA16-D3DE0DEAC7D6): 31
LogDevObjectVersion:   Dev-Enterprise (9DFFBCD6-494F-0158-E221-12823C92A888): 10
LogDevObjectVersion:   Dev-Niagara (F2AED0AC-9AFE-416F-8664-AA7FFA26D6FC): 1
LogDevObjectVersion:   Dev-Destruction (174F1F0B-B4C6-45A5-B13F-2EE8D0FB917D): 10
LogDevObjectVersion:   Dev-Physics-Ext (35F94A83-E258-406C-A318-09F59610247C): 37
LogDevObjectVersion:   Dev-PhysicsMaterial-Chaos (B68FC16E-8B1B-42E2-B453-215C058844FE): 1
LogDevObjectVersion:   Dev-CineCamera (B2E18506-4273-CFC2-A54E-F4BB758BBA07): 1
LogInit: Presizing for max 25165824 objects, including 0 objects not considered by GC, pre-allocating 0 bytes for permanent pool.
LogConfig: Applying CVar settings from Section [/Script/Engine.StreamingSettings] File [C:/Users/danie/Documents/FMP YEAR 1/FMP_Rat_Trap/FMP_Rat_Trap/Saved/Config/Windows/Engine.ini]
LogConfig: Setting CVar [[s.MinBulkDataSizeForAsyncLoading:131072]]
LogConfig: Setting CVar [[s.AsyncLoadingThreadEnabled:0]]
LogConfig: Setting CVar [[s.EventDrivenLoaderEnabled:1]]
LogConfig: Setting CVar [[s.WarnIfTimeLimitExceeded:0]]
LogConfig: Setting CVar [[s.TimeLimitExceededMultiplier:1.5]]
LogConfig: Setting CVar [[s.TimeLimitExceededMinTime:0.005]]
LogConfig: Setting CVar [[s.UseBackgroundLevelStreaming:1]]
LogConfig: Setting CVar [[s.PriorityAsyncLoadingExtraTime:15.0]]
LogConfig: Setting CVar [[s.LevelStreamingActorsUpdateTimeLimit:5.0]]
LogConfig: Setting CVar [[s.PriorityLevelStreamingActorsUpdateExtraTime:5.0]]
LogConfig: Setting CVar [[s.LevelStreamingComponentsRegistrationGranularity:10]]
LogConfig: Setting CVar [[s.UnregisterComponentsTimeLimit:1.0]]
LogConfig: Setting CVar [[s.LevelStreamingComponentsUnregistrationGranularity:5]]
LogConfig: Setting CVar [[s.FlushStreamingOnExit:1]]
LogInit: Object subsystem initialized
LogConfig: Setting CVar [[con.DebugEarlyDefault:1]]
LogConfig: Setting CVar [[r.setres:1280x720]]
[2021.04.29-14.57.59:456][  0]LogConfig: Setting CVar [[r.VSync:0]]
[2021.04.29-14.57.59:456][  0]LogConfig: Setting CVar [[r.RHICmdBypass:0]]
[2021.04.29-14.57.59:457][  0]LogConfig: Applying CVar settings from Section [/Script/Engine.RendererSettings] File [C:/Users/danie/Documents/FMP YEAR 1/FMP_Rat_Trap/FMP_Rat_Trap/Saved/Config/Windows/Engine.ini]
[2021.04.29-14.57.59:457][  0]LogConfig: Setting CVar [[r.GPUCrashDebugging:0]]
[2021.04.29-14.57.59:457][  0]LogConfig: Applying CVar settings from Section [/Script/Engine.RendererOverrideSettings] File [C:/Users/danie/Documents/FMP YEAR 1/FMP_Rat_Trap/FMP_Rat_Trap/Saved/Config/Windows/Engine.ini]
[2021.04.29-14.57.59:457][  0]LogConfig: Applying CVar settings from Section [/Script/Engine.StreamingSettings] File [C:/Users/danie/Documents/FMP YEAR 1/FMP_Rat_Trap/FMP_Rat_Trap/Saved/Config/Windows/Engine.ini]
[2021.04.29-14.57.59:457][  0]LogConfig: Setting CVar [[s.MinBulkDataSizeForAsyncLoading:131072]]
[2021.04.29-14.57.59:457][  0]LogConfig: Setting CVar [[s.AsyncLoadingThreadEnabled:0]]
[2021.04.29-14.57.59:457][  0]LogConfig: Setting CVar [[s.EventDrivenLoaderEnabled:1]]
[2021.04.29-14.57.59:457][  0]LogConfig: Setting CVar [[s.WarnIfTimeLimitExceeded:0]]
[2021.04.29-14.57.59:457][  0]LogConfig: Setting CVar [[s.TimeLimitExceededMultiplier:1.5]]
[2021.04.29-14.57.59:457][  0]LogConfig: Setting CVar [[s.TimeLimitExceededMinTime:0.005]]
[2021.04.29-14.57.59:457][  0]LogConfig: Setting CVar [[s.UseBackgroundLevelStreaming:1]]
[2021.04.29-14.57.59:457][  0]LogConfig: Setting CVar [[s.PriorityAsyncLoadingExtraTime:15.0]]
[2021.04.29-14.57.59:457][  0]LogConfig: Setting CVar [[s.LevelStreamingActorsUpdateTimeLimit:5.0]]
[2021.04.29-14.57.59:457][  0]LogConfig: Setting CVar [[s.PriorityLevelStreamingActorsUpdateExtraTime:5.0]]
[2021.04.29-14.57.59:457][  0]LogConfig: Setting CVar [[s.LevelStreamingComponentsRegistrationGranularity:10]]
[2021.04.29-14.57.59:457][  0]LogConfig: Setting CVar [[s.UnregisterComponentsTimeLimit:1.0]]
[2021.04.29-14.57.59:457][  0]LogConfig: Setting CVar [[s.LevelStreamingComponentsUnregistrationGranularity:5]]
[2021.04.29-14.57.59:457][  0]LogConfig: Setting CVar [[s.FlushStreamingOnExit:1]]
[2021.04.29-14.57.59:457][  0]LogConfig: Applying CVar settings from Section [/Script/Engine.GarbageCollectionSettings] File [C:/Users/danie/Documents/FMP YEAR 1/FMP_Rat_Trap/FMP_Rat_Trap/Saved/Config/Windows/Engine.ini]
[2021.04.29-14.57.59:457][  0]LogConfig: Setting CVar [[gc.MaxObjectsNotConsideredByGC:1]]
[2021.04.29-14.57.59:457][  0]LogConfig: Setting CVar [[gc.SizeOfPermanentObjectPool:0]]
[2021.04.29-14.57.59:457][  0]LogConfig: Setting CVar [[gc.FlushStreamingOnGC:0]]
[2021.04.29-14.57.59:457][  0]LogConfig: Setting CVar [[gc.NumRetriesBeforeForcingGC:10]]
[2021.04.29-14.57.59:457][  0]LogConfig: Setting CVar [[gc.AllowParallelGC:1]]
[2021.04.29-14.57.59:457][  0]LogConfig: Setting CVar [[gc.TimeBetweenPurgingPendingKillObjects:61.1]]
[2021.04.29-14.57.59:457][  0]LogConfig: Setting CVar [[gc.MaxObjectsInEditor:25165824]]
[2021.04.29-14.57.59:457][  0]LogConfig: Setting CVar [[gc.IncrementalBeginDestroyEnabled:1]]
[2021.04.29-14.57.59:457][  0]LogConfig: Setting CVar [[gc.CreateGCClusters:1]]
[2021.04.29-14.57.59:457][  0]LogConfig: Setting CVar [[gc.MinGCClusterSize:5]]
[2021.04.29-14.57.59:457][  0]LogConfig: Setting CVar [[gc.ActorClusteringEnabled:0]]
[2021.04.29-14.57.59:457][  0]LogConfig: Setting CVar [[gc.BlueprintClusteringEnabled:0]]
[2021.04.29-14.57.59:457][  0]LogConfig: Setting CVar [[gc.UseDisregardForGCOnDedicatedServers:0]]
[2021.04.29-14.57.59:457][  0]LogConfig: Applying CVar settings from Section [/Script/Engine.NetworkSettings] File [C:/Users/danie/Documents/FMP YEAR 1/FMP_Rat_Trap/FMP_Rat_Trap/Saved/Config/Windows/Engine.ini]
[2021.04.29-14.57.59:457][  0]LogConfig: Applying CVar settings from Section [/Script/UnrealEd.CookerSettings] File [C:/Users/danie/Documents/FMP YEAR 1/FMP_Rat_Trap/FMP_Rat_Trap/Saved/Config/Windows/Engine.ini]
[2021.04.29-14.57.59:466][  0]LogConfig: Applying CVar settings from Section [ViewDistanceQuality@3] File [C:/Users/danie/Documents/FMP YEAR 1/FMP_Rat_Trap/FMP_Rat_Trap/Saved/Config/Windows/Scalability.ini]
[2021.04.29-14.57.59:466][  0]LogConfig: Setting CVar [[r.SkeletalMeshLODBias:0]]
[2021.04.29-14.57.59:466][  0]LogConfig: Setting CVar [[r.ViewDistanceScale:1.0]]
[2021.04.29-14.57.59:466][  0]LogConfig: Applying CVar settings from Section [AntiAliasingQuality@3] File [C:/Users/danie/Documents/FMP YEAR 1/FMP_Rat_Trap/FMP_Rat_Trap/Saved/Config/Windows/Scalability.ini]
[2021.04.29-14.57.59:466][  0]LogConfig: Setting CVar [[r.PostProcessAAQuality:4]]
[2021.04.29-14.57.59:466][  0]LogConfig: Applying CVar settings from Section [ShadowQuality@3] File [C:/Users/danie/Documents/FMP YEAR 1/FMP_Rat_Trap/FMP_Rat_Trap/Saved/Config/Windows/Scalability.ini]
[2021.04.29-14.57.59:466][  0]LogConfig: Setting CVar [[r.LightFunctionQuality:1]]
[2021.04.29-14.57.59:466][  0]LogConfig: Setting CVar [[r.ShadowQuality:5]]
[2021.04.29-14.57.59:466][  0]LogConfig: Setting CVar [[r.Shadow.CSM.MaxCascades:10]]
[2021.04.29-14.57.59:466][  0]LogConfig: Setting CVar [[r.Shadow.MaxResolution:2048]]
[2021.04.29-14.57.59:466][  0]LogConfig: Setting CVar [[r.Shadow.MaxCSMResolution:2048]]
[2021.04.29-14.57.59:466][  0]LogConfig: Setting CVar [[r.Shadow.RadiusThreshold:0.01]]
[2021.04.29-14.57.59:466][  0]LogConfig: Setting CVar [[r.Shadow.DistanceScale:1.0]]
[2021.04.29-14.57.59:466][  0]LogConfig: Setting CVar [[r.Shadow.CSM.TransitionScale:1.0]]
[2021.04.29-14.57.59:466][  0]LogConfig: Setting CVar [[r.Shadow.PreShadowResolutionFactor:1.0]]
[2021.04.29-14.57.59:466][  0]LogConfig: Setting CVar [[r.DistanceFieldShadowing:1]]
[2021.04.29-14.57.59:466][  0]LogConfig: Setting CVar [[r.DistanceFieldAO:1]]
[2021.04.29-14.57.59:466][  0]LogConfig: Setting CVar [[r.AOQuality:2]]
[2021.04.29-14.57.59:466][  0]LogConfig: Setting CVar [[r.VolumetricFog:1]]
[2021.04.29-14.57.59:466][  0]LogConfig: Setting CVar [[r.VolumetricFog.GridPixelSize:8]]
[2021.04.29-14.57.59:466][  0]LogConfig: Setting CVar [[r.VolumetricFog.GridSizeZ:128]]
[2021.04.29-14.57.59:466][  0]LogConfig: Setting CVar [[r.VolumetricFog.HistoryMissSupersampleCount:4]]
[2021.04.29-14.57.59:466][  0]LogConfig: Setting CVar [[r.LightMaxDrawDistanceScale:1]]
[2021.04.29-14.57.59:466][  0]LogConfig: Setting CVar [[r.CapsuleShadows:1]]
[2021.04.29-14.57.59:466][  0]LogConfig: Applying CVar settings from Section [PostProcessQuality@3] File [C:/Users/danie/Documents/FMP YEAR 1/FMP_Rat_Trap/FMP_Rat_Trap/Saved/Config/Windows/Scalability.ini]
[2021.04.29-14.57.59:466][  0]LogConfig: Setting CVar [[r.MotionBlurQuality:4]]
[2021.04.29-14.57.59:466][  0]LogConfig: Setting CVar [[r.AmbientOcclusionMipLevelFactor:0.4]]
[2021.04.29-14.57.59:466][  0]LogConfig: Setting CVar [[r.AmbientOcclusionMaxQuality:100]]
[2021.04.29-14.57.59:466][  0]LogConfig: Setting CVar [[r.AmbientOcclusionLevels:-1]]
[2021.04.29-14.57.59:466][  0]LogConfig: Setting CVar [[r.AmbientOcclusionRadiusScale:1.0]]
[2021.04.29-14.57.59:466][  0]LogConfig: Setting CVar [[r.DepthOfFieldQuality:2]]
[2021.04.29-14.57.59:466][  0]LogConfig: Setting CVar [[r.RenderTargetPoolMin:400]]
[2021.04.29-14.57.59:466][  0]LogConfig: Setting CVar [[r.LensFlareQuality:2]]
[2021.04.29-14.57.59:466][  0]LogConfig: Setting CVar [[r.SceneColorFringeQuality:1]]
[2021.04.29-14.57.59:466][  0]LogConfig: Setting CVar [[r.EyeAdaptationQuality:2]]
[2021.04.29-14.57.59:466][  0]LogConfig: Setting CVar [[r.BloomQuality:5]]
[2021.04.29-14.57.59:466][  0]LogConfig: Setting CVar [[r.FastBlurThreshold:100]]
[2021.04.29-14.57.59:466][  0]LogConfig: Setting CVar [[r.Upscale.Quality:3]]
[2021.04.29-14.57.59:466][  0]LogConfig: Setting CVar [[r.Tonemapper.GrainQuantization:1]]
[2021.04.29-14.57.59:466][  0]LogConfig: Setting CVar [[r.LightShaftQuality:1]]
[2021.04.29-14.57.59:466][  0]LogConfig: Setting CVar [[r.Filter.SizeScale:1]]
[2021.04.29-14.57.59:466][  0]LogConfig: Setting CVar [[r.Tonemapper.Quality:5]]
[2021.04.29-14.57.59:466][  0]LogConfig: Setting CVar [[r.DOF.Gather.AccumulatorQuality:1        ; higher gathering accumulator quality]]
[2021.04.29-14.57.59:466][  0]LogConfig: Setting CVar [[r.DOF.Gather.PostfilterMethod:1          ; Median3x3 postfilering method]]
[2021.04.29-14.57.59:466][  0]LogConfig: Setting CVar [[r.DOF.Gather.EnableBokehSettings:0       ; no bokeh simulation when gathering]]
[2021.04.29-14.57.59:466][  0]LogConfig: Setting CVar [[r.DOF.Gather.RingCount:4                 ; medium number of samples when gathering]]
[2021.04.29-14.57.59:466][  0]LogConfig: Setting CVar [[r.DOF.Scatter.ForegroundCompositing:1    ; additive foreground scattering]]
[2021.04.29-14.57.59:466][  0]LogConfig: Setting CVar [[r.DOF.Scatter.BackgroundCompositing:2    ; additive background scattering]]
[2021.04.29-14.57.59:466][  0]LogConfig: Setting CVar [[r.DOF.Scatter.EnableBokehSettings:1      ; bokeh simulation when scattering]]
[2021.04.29-14.57.59:466][  0]LogConfig: Setting CVar [[r.DOF.Scatter.MaxSpriteRatio:0.1         ; only a maximum of 10% of scattered bokeh]]
[2021.04.29-14.57.59:466][  0]LogConfig: Setting CVar [[r.DOF.Recombine.Quality:1                ; cheap slight out of focus]]
[2021.04.29-14.57.59:466][  0]LogConfig: Setting CVar [[r.DOF.Recombine.EnableBokehSettings:0    ; no bokeh simulation on slight out of focus]]
[2021.04.29-14.57.59:466][  0]LogConfig: Setting CVar [[r.DOF.TemporalAAQuality:1                ; more stable temporal accumulation]]
[2021.04.29-14.57.59:467][  0]LogConfig: Setting CVar [[r.DOF.Kernel.MaxForegroundRadius:0.025]]
[2021.04.29-14.57.59:467][  0]LogConfig: Setting CVar [[r.DOF.Kernel.MaxBackgroundRadius:0.025]]
[2021.04.29-14.57.59:467][  0]LogConfig: Applying CVar settings from Section [TextureQuality@3] File [C:/Users/danie/Documents/FMP YEAR 1/FMP_Rat_Trap/FMP_Rat_Trap/Saved/Config/Windows/Scalability.ini]
[2021.04.29-14.57.59:467][  0]LogConfig: Setting CVar [[r.Streaming.MipBias:0]]
[2021.04.29-14.57.59:467][  0]LogConfig: Setting CVar [[r.Streaming.AmortizeCPUToGPUCopy:0]]
[2021.04.29-14.57.59:467][  0]LogConfig: Setting CVar [[r.Streaming.MaxNumTexturesToStreamPerFrame:0]]
[2021.04.29-14.57.59:467][  0]LogConfig: Setting CVar [[r.Streaming.Boost:1]]
[2021.04.29-14.57.59:467][  0]LogConfig: Setting CVar [[r.MaxAnisotropy:8]]
[2021.04.29-14.57.59:467][  0]LogConfig: Setting CVar [[r.VT.MaxAnisotropy:8]]
[2021.04.29-14.57.59:467][  0]LogConfig: Setting CVar [[r.Streaming.LimitPoolSizeToVRAM:0]]
[2021.04.29-14.57.59:467][  0]LogConfig: Setting CVar [[r.Streaming.PoolSize:1000]]
[2021.04.29-14.57.59:467][  0]LogConfig: Setting CVar [[r.Streaming.MaxEffectiveScreenSize:0]]
[2021.04.29-14.57.59:467][  0]LogConfig: Applying CVar settings from Section [EffectsQuality@3] File [C:/Users/danie/Documents/FMP YEAR 1/FMP_Rat_Trap/FMP_Rat_Trap/Saved/Config/Windows/Scalability.ini]
[2021.04.29-14.57.59:467][  0]LogConfig: Setting CVar [[r.TranslucencyLightingVolumeDim:64]]
[2021.04.29-14.57.59:467][  0]LogConfig: Setting CVar [[r.RefractionQuality:2]]
[2021.04.29-14.57.59:467][  0]LogConfig: Setting CVar [[r.SSR.Quality:3]]
[2021.04.29-14.57.59:467][  0]LogConfig: Setting CVar [[r.SSR.HalfResSceneColor:0]]
[2021.04.29-14.57.59:467][  0]LogConfig: Setting CVar [[r.SceneColorFormat:4]]
[2021.04.29-14.57.59:467][  0]LogConfig: Setting CVar [[r.DetailMode:2]]
[2021.04.29-14.57.59:467][  0]LogConfig: Setting CVar [[r.TranslucencyVolumeBlur:1]]
[2021.04.29-14.57.59:467][  0]LogConfig: Setting CVar [[r.MaterialQualityLevel:1 ; High quality]]
[2021.04.29-14.57.59:467][  0]LogConfig: Setting CVar [[r.SSS.Scale:1]]
[2021.04.29-14.57.59:467][  0]LogConfig: Setting CVar [[r.SSS.SampleSet:2]]
[2021.04.29-14.57.59:467][  0]LogConfig: Setting CVar [[r.SSS.Quality:1]]
[2021.04.29-14.57.59:467][  0]LogConfig: Setting CVar [[r.SSS.HalfRes:0]]
[2021.04.29-14.57.59:467][  0]LogConfig: Setting CVar [[r.SSGI.Quality:3]]
[2021.04.29-14.57.59:467][  0]LogConfig: Setting CVar [[r.EmitterSpawnRateScale:1.0]]
[2021.04.29-14.57.59:467][  0]LogConfig: Setting CVar [[r.ParticleLightQuality:2]]
[2021.04.29-14.57.59:467][  0]LogConfig: Setting CVar [[r.SkyAtmosphere.AerialPerspectiveLUT.FastApplyOnOpaque:1 ; Always have FastSkyLUT 1 in this case to avoid wrong sky]]
[2021.04.29-14.57.59:467][  0]LogConfig: Setting CVar [[r.SkyAtmosphere.AerialPerspectiveLUT.SampleCountPerSlice:1]]
[2021.04.29-14.57.59:467][  0]LogConfig: Setting CVar [[r.SkyAtmosphere.AerialPerspectiveLUT.DepthResolution:16.0]]
[2021.04.29-14.57.59:467][  0]LogConfig: Setting CVar [[r.SkyAtmosphere.FastSkyLUT:1]]
[2021.04.29-14.57.59:467][  0]LogConfig: Setting CVar [[r.SkyAtmosphere.FastSkyLUT.SampleCountMin:4.0]]
[2021.04.29-14.57.59:467][  0]LogConfig: Setting CVar [[r.SkyAtmosphere.FastSkyLUT.SampleCountMax:32.0]]
[2021.04.29-14.57.59:467][  0]LogConfig: Setting CVar [[r.SkyAtmosphere.SampleCountMin:4.0]]
[2021.04.29-14.57.59:467][  0]LogConfig: Setting CVar [[r.SkyAtmosphere.SampleCountMax:32.0]]
[2021.04.29-14.57.59:467][  0]LogConfig: Setting CVar [[r.SkyAtmosphere.TransmittanceLUT.UseSmallFormat:0]]
[2021.04.29-14.57.59:467][  0]LogConfig: Setting CVar [[r.SkyAtmosphere.TransmittanceLUT.SampleCount:10.0]]
[2021.04.29-14.57.59:467][  0]LogConfig: Setting CVar [[r.SkyAtmosphere.MultiScatteringLUT.SampleCount:15.0]]
[2021.04.29-14.57.59:467][  0]LogConfig: Applying CVar settings from Section [FoliageQuality@3] File [C:/Users/danie/Documents/FMP YEAR 1/FMP_Rat_Trap/FMP_Rat_Trap/Saved/Config/Windows/Scalability.ini]
[2021.04.29-14.57.59:467][  0]LogConfig: Setting CVar [[foliage.DensityScale:1.0]]
[2021.04.29-14.57.59:467][  0]LogConfig: Setting CVar [[grass.DensityScale:1.0]]
[2021.04.29-14.57.59:467][  0]LogConfig: Applying CVar settings from Section [ShadingQuality@3] File [C:/Users/danie/Documents/FMP YEAR 1/FMP_Rat_Trap/FMP_Rat_Trap/Saved/Config/Windows/Scalability.ini]
[2021.04.29-14.57.59:467][  0]LogConfig: Setting CVar [[r.HairStrands.SkyLighting.SampleCount:16]]
[2021.04.29-14.57.59:467][  0]LogConfig: Setting CVar [[r.HairStrands.SkyLighting.JitterIntegration:0]]
[2021.04.29-14.57.59:467][  0]LogConfig: Setting CVar [[r.HairStrands.SkyAO.SampleCount:16]]
[2021.04.29-14.57.59:467][  0]LogConfig: Setting CVar [[r.HairStrands.DeepShadow.SuperSampling:0]]
[2021.04.29-14.57.59:467][  0]LogConfig: Setting CVar [[r.HairStrands.VisibilityPPLL:0]]
[2021.04.29-14.57.59:467][  0]LogConfig: Setting CVar [[r.HairStrands.RasterizationScale:0.5]]
[2021.04.29-14.57.59:467][  0]LogConfig: Setting CVar [[r.HairStrands.VelocityRasterizationScale:1]]
[2021.04.29-14.57.59:468][  0]LogInit: Selected Device Profile: [Windows]
[2021.04.29-14.57.59:468][  0]LogInit: Applying CVar settings loaded from the selected device profile: [Windows]
[2021.04.29-14.57.59:470][  0]LogHAL: Display: Platform has ~ 8 GB [8446128128 / 8589934592 / 8], which maps to Default [LargestMinGB=32, LargerMinGB=12, DefaultMinGB=8, SmallerMinGB=6, SmallestMinGB=0)
[2021.04.29-14.57.59:470][  0]LogInit: Going up to parent DeviceProfile []
[2021.04.29-14.57.59:471][  0]LogConfig: Applying CVar settings from Section [ViewDistanceQuality@3] File [C:/Users/danie/Documents/FMP YEAR 1/FMP_Rat_Trap/FMP_Rat_Trap/Saved/Config/Windows/Scalability.ini]
[2021.04.29-14.57.59:471][  0]LogConfig: Setting CVar [[r.SkeletalMeshLODBias:0]]
[2021.04.29-14.57.59:471][  0]LogConfig: Setting CVar [[r.ViewDistanceScale:1.0]]
[2021.04.29-14.57.59:471][  0]LogConfig: Applying CVar settings from Section [AntiAliasingQuality@3] File [C:/Users/danie/Documents/FMP YEAR 1/FMP_Rat_Trap/FMP_Rat_Trap/Saved/Config/Windows/Scalability.ini]
[2021.04.29-14.57.59:471][  0]LogConfig: Setting CVar [[r.PostProcessAAQuality:4]]
[2021.04.29-14.57.59:471][  0]LogConfig: Applying CVar settings from Section [ShadowQuality@3] File [C:/Users/danie/Documents/FMP YEAR 1/FMP_Rat_Trap/FMP_Rat_Trap/Saved/Config/Windows/Scalability.ini]
[2021.04.29-14.57.59:471][  0]LogConfig: Setting CVar [[r.LightFunctionQuality:1]]
[2021.04.29-14.57.59:471][  0]LogConfig: Setting CVar [[r.ShadowQuality:5]]
[2021.04.29-14.57.59:471][  0]LogConfig: Setting CVar [[r.Shadow.CSM.MaxCascades:10]]
[2021.04.29-14.57.59:471][  0]LogConfig: Setting CVar [[r.Shadow.MaxResolution:2048]]
[2021.04.29-14.57.59:471][  0]LogConfig: Setting CVar [[r.Shadow.MaxCSMResolution:2048]]
[2021.04.29-14.57.59:471][  0]LogConfig: Setting CVar [[r.Shadow.RadiusThreshold:0.01]]
[2021.04.29-14.57.59:471][  0]LogConfig: Setting CVar [[r.Shadow.DistanceScale:1.0]]
[2021.04.29-14.57.59:471][  0]LogConfig: Setting CVar [[r.Shadow.CSM.TransitionScale:1.0]]
[2021.04.29-14.57.59:471][  0]LogConfig: Setting CVar [[r.Shadow.PreShadowResolutionFactor:1.0]]
[2021.04.29-14.57.59:471][  0]LogConfig: Setting CVar [[r.DistanceFieldShadowing:1]]
[2021.04.29-14.57.59:471][  0]LogConfig: Setting CVar [[r.DistanceFieldAO:1]]
[2021.04.29-14.57.59:471][  0]LogConfig: Setting CVar [[r.AOQuality:2]]
[2021.04.29-14.57.59:471][  0]LogConfig: Setting CVar [[r.VolumetricFog:1]]
[2021.04.29-14.57.59:471][  0]LogConfig: Setting CVar [[r.VolumetricFog.GridPixelSize:8]]
[2021.04.29-14.57.59:471][  0]LogConfig: Setting CVar [[r.VolumetricFog.GridSizeZ:128]]
[2021.04.29-14.57.59:471][  0]LogConfig: Setting CVar [[r.VolumetricFog.HistoryMissSupersampleCount:4]]
[2021.04.29-14.57.59:471][  0]LogConfig: Setting CVar [[r.LightMaxDrawDistanceScale:1]]
[2021.04.29-14.57.59:471][  0]LogConfig: Setting CVar [[r.CapsuleShadows:1]]
[2021.04.29-14.57.59:471][  0]LogConfig: Applying CVar settings from Section [PostProcessQuality@3] File [C:/Users/danie/Documents/FMP YEAR 1/FMP_Rat_Trap/FMP_Rat_Trap/Saved/Config/Windows/Scalability.ini]
[2021.04.29-14.57.59:471][  0]LogConfig: Setting CVar [[r.MotionBlurQuality:4]]
[2021.04.29-14.57.59:471][  0]LogConfig: Setting CVar [[r.AmbientOcclusionMipLevelFactor:0.4]]
[2021.04.29-14.57.59:471][  0]LogConfig: Setting CVar [[r.AmbientOcclusionMaxQuality:100]]
[2021.04.29-14.57.59:471][  0]LogConfig: Setting CVar [[r.AmbientOcclusionLevels:-1]]
[2021.04.29-14.57.59:471][  0]LogConfig: Setting CVar [[r.AmbientOcclusionRadiusScale:1.0]]
[2021.04.29-14.57.59:471][  0]LogConfig: Setting CVar [[r.DepthOfFieldQuality:2]]
[2021.04.29-14.57.59:471][  0]LogConfig: Setting CVar [[r.RenderTargetPoolMin:400]]
[2021.04.29-14.57.59:471][  0]LogConfig: Setting CVar [[r.LensFlareQuality:2]]
[2021.04.29-14.57.59:471][  0]LogConfig: Setting CVar [[r.SceneColorFringeQuality:1]]
[2021.04.29-14.57.59:471][  0]LogConfig: Setting CVar [[r.EyeAdaptationQuality:2]]
[2021.04.29-14.57.59:471][  0]LogConfig: Setting CVar [[r.BloomQuality:5]]
[2021.04.29-14.57.59:471][  0]LogConfig: Setting CVar [[r.FastBlurThreshold:100]]
[2021.04.29-14.57.59:471][  0]LogConfig: Setting CVar [[r.Upscale.Quality:3]]
[2021.04.29-14.57.59:471][  0]LogConfig: Setting CVar [[r.Tonemapper.GrainQuantization:1]]
[2021.04.29-14.57.59:471][  0]LogConfig: Setting CVar [[r.LightShaftQuality:1]]
[2021.04.29-14.57.59:471][  0]LogConfig: Setting CVar [[r.Filter.SizeScale:1]]
[2021.04.29-14.57.59:471][  0]LogConfig: Setting CVar [[r.Tonemapper.Quality:5]]
[2021.04.29-14.57.59:471][  0]LogConfig: Setting CVar [[r.DOF.Gather.AccumulatorQuality:1        ; higher gathering accumulator quality]]
[2021.04.29-14.57.59:471][  0]LogConfig: Setting CVar [[r.DOF.Gather.PostfilterMethod:1          ; Median3x3 postfilering method]]
[2021.04.29-14.57.59:471][  0]LogConfig: Setting CVar [[r.DOF.Gather.EnableBokehSettings:0       ; no bokeh simulation when gathering]]
[2021.04.29-14.57.59:471][  0]LogConfig: Setting CVar [[r.DOF.Gather.RingCount:4                 ; medium number of samples when gathering]]
[2021.04.29-14.57.59:471][  0]LogConfig: Setting CVar [[r.DOF.Scatter.ForegroundCompositing:1    ; additive foreground scattering]]
[2021.04.29-14.57.59:471][  0]LogConfig: Setting CVar [[r.DOF.Scatter.BackgroundCompositing:2    ; additive background scattering]]
[2021.04.29-14.57.59:471][  0]LogConfig: Setting CVar [[r.DOF.Scatter.EnableBokehSettings:1      ; bokeh simulation when scattering]]
[2021.04.29-14.57.59:471][  0]LogConfig: Setting CVar [[r.DOF.Scatter.MaxSpriteRatio:0.1         ; only a maximum of 10% of scattered bokeh]]
[2021.04.29-14.57.59:471][  0]LogConfig: Setting CVar [[r.DOF.Recombine.Quality:1                ; cheap slight out of focus]]
[2021.04.29-14.57.59:471][  0]LogConfig: Setting CVar [[r.DOF.Recombine.EnableBokehSettings:0    ; no bokeh simulation on slight out of focus]]
[2021.04.29-14.57.59:471][  0]LogConfig: Setting CVar [[r.DOF.TemporalAAQuality:1                ; more stable temporal accumulation]]
[2021.04.29-14.57.59:471][  0]LogConfig: Setting CVar [[r.DOF.Kernel.MaxForegroundRadius:0.025]]
[2021.04.29-14.57.59:471][  0]LogConfig: Setting CVar [[r.DOF.Kernel.MaxBackgroundRadius:0.025]]
[2021.04.29-14.57.59:471][  0]LogConfig: Applying CVar settings from Section [TextureQuality@3] File [C:/Users/danie/Documents/FMP YEAR 1/FMP_Rat_Trap/FMP_Rat_Trap/Saved/Config/Windows/Scalability.ini]
[2021.04.29-14.57.59:471][  0]LogConfig: Setting CVar [[r.Streaming.MipBias:0]]
[2021.04.29-14.57.59:471][  0]LogConfig: Setting CVar [[r.Streaming.AmortizeCPUToGPUCopy:0]]
[2021.04.29-14.57.59:471][  0]LogConfig: Setting CVar [[r.Streaming.MaxNumTexturesToStreamPerFrame:0]]
[2021.04.29-14.57.59:471][  0]LogConfig: Setting CVar [[r.Streaming.Boost:1]]
[2021.04.29-14.57.59:471][  0]LogConfig: Setting CVar [[r.MaxAnisotropy:8]]
[2021.04.29-14.57.59:471][  0]LogConfig: Setting CVar [[r.VT.MaxAnisotropy:8]]
[2021.04.29-14.57.59:471][  0]LogConfig: Setting CVar [[r.Streaming.LimitPoolSizeToVRAM:0]]
[2021.04.29-14.57.59:471][  0]LogConfig: Setting CVar [[r.Streaming.PoolSize:1000]]
[2021.04.29-14.57.59:471][  0]LogConfig: Setting CVar [[r.Streaming.MaxEffectiveScreenSize:0]]
[2021.04.29-14.57.59:471][  0]LogConfig: Applying CVar settings from Section [EffectsQuality@3] File [C:/Users/danie/Documents/FMP YEAR 1/FMP_Rat_Trap/FMP_Rat_Trap/Saved/Config/Windows/Scalability.ini]
[2021.04.29-14.57.59:471][  0]LogConfig: Setting CVar [[r.TranslucencyLightingVolumeDim:64]]
[2021.04.29-14.57.59:471][  0]LogConfig: Setting CVar [[r.RefractionQuality:2]]
[2021.04.29-14.57.59:471][  0]LogConfig: Setting CVar [[r.SSR.Quality:3]]
[2021.04.29-14.57.59:471][  0]LogConfig: Setting CVar [[r.SSR.HalfResSceneColor:0]]
[2021.04.29-14.57.59:471][  0]LogConfig: Setting CVar [[r.SceneColorFormat:4]]
[2021.04.29-14.57.59:471][  0]LogConfig: Setting CVar [[r.DetailMode:2]]
[2021.04.29-14.57.59:471][  0]LogConfig: Setting CVar [[r.TranslucencyVolumeBlur:1]]
[2021.04.29-14.57.59:471][  0]LogConfig: Setting CVar [[r.MaterialQualityLevel:1 ; High quality]]
[2021.04.29-14.57.59:471][  0]LogConfig: Setting CVar [[r.SSS.Scale:1]]
[2021.04.29-14.57.59:471][  0]LogConfig: Setting CVar [[r.SSS.SampleSet:2]]
[2021.04.29-14.57.59:471][  0]LogConfig: Setting CVar [[r.SSS.Quality:1]]
[2021.04.29-14.57.59:471][  0]LogConfig: Setting CVar [[r.SSS.HalfRes:0]]
[2021.04.29-14.57.59:471][  0]LogConfig: Setting CVar [[r.SSGI.Quality:3]]
[2021.04.29-14.57.59:471][  0]LogConfig: Setting CVar [[r.EmitterSpawnRateScale:1.0]]
[2021.04.29-14.57.59:471][  0]LogConfig: Setting CVar [[r.ParticleLightQuality:2]]
[2021.04.29-14.57.59:471][  0]LogConfig: Setting CVar [[r.SkyAtmosphere.AerialPerspectiveLUT.FastApplyOnOpaque:1 ; Always have FastSkyLUT 1 in this case to avoid wrong sky]]
[2021.04.29-14.57.59:471][  0]LogConfig: Setting CVar [[r.SkyAtmosphere.AerialPerspectiveLUT.SampleCountPerSlice:1]]
[2021.04.29-14.57.59:471][  0]LogConfig: Setting CVar [[r.SkyAtmosphere.AerialPerspectiveLUT.DepthResolution:16.0]]
[2021.04.29-14.57.59:471][  0]LogConfig: Setting CVar [[r.SkyAtmosphere.FastSkyLUT:1]]
[2021.04.29-14.57.59:471][  0]LogConfig: Setting CVar [[r.SkyAtmosphere.FastSkyLUT.SampleCountMin:4.0]]
[2021.04.29-14.57.59:471][  0]LogConfig: Setting CVar [[r.SkyAtmosphere.FastSkyLUT.SampleCountMax:32.0]]
[2021.04.29-14.57.59:471][  0]LogConfig: Setting CVar [[r.SkyAtmosphere.SampleCountMin:4.0]]
[2021.04.29-14.57.59:471][  0]LogConfig: Setting CVar [[r.SkyAtmosphere.SampleCountMax:32.0]]
[2021.04.29-14.57.59:471][  0]LogConfig: Setting CVar [[r.SkyAtmosphere.TransmittanceLUT.UseSmallFormat:0]]
[2021.04.29-14.57.59:471][  0]LogConfig: Setting CVar [[r.SkyAtmosphere.TransmittanceLUT.SampleCount:10.0]]
[2021.04.29-14.57.59:471][  0]LogConfig: Setting CVar [[r.SkyAtmosphere.MultiScatteringLUT.SampleCount:15.0]]
[2021.04.29-14.57.59:471][  0]LogConfig: Applying CVar settings from Section [FoliageQuality@3] File [C:/Users/danie/Documents/FMP YEAR 1/FMP_Rat_Trap/FMP_Rat_Trap/Saved/Config/Windows/Scalability.ini]
[2021.04.29-14.57.59:471][  0]LogConfig: Setting CVar [[foliage.DensityScale:1.0]]
[2021.04.29-14.57.59:471][  0]LogConfig: Setting CVar [[grass.DensityScale:1.0]]
[2021.04.29-14.57.59:471][  0]LogConfig: Applying CVar settings from Section [ShadingQuality@3] File [C:/Users/danie/Documents/FMP YEAR 1/FMP_Rat_Trap/FMP_Rat_Trap/Saved/Config/Windows/Scalability.ini]
[2021.04.29-14.57.59:471][  0]LogConfig: Setting CVar [[r.HairStrands.SkyLighting.SampleCount:16]]
[2021.04.29-14.57.59:471][  0]LogConfig: Setting CVar [[r.HairStrands.SkyLighting.JitterIntegration:0]]
[2021.04.29-14.57.59:471][  0]LogConfig: Setting CVar [[r.HairStrands.SkyAO.SampleCount:16]]
[2021.04.29-14.57.59:471][  0]LogConfig: Setting CVar [[r.HairStrands.DeepShadow.SuperSampling:0]]
[2021.04.29-14.57.59:471][  0]LogConfig: Setting CVar [[r.HairStrands.VisibilityPPLL:0]]
[2021.04.29-14.57.59:471][  0]LogConfig: Setting CVar [[r.HairStrands.RasterizationScale:0.5]]
[2021.04.29-14.57.59:472][  0]LogConfig: Setting CVar [[r.HairStrands.VelocityRasterizationScale:1]]
[2021.04.29-14.57.59:472][  0]LogConfig: Applying CVar settings from Section [Startup] File [../../../Engine/Config/ConsoleVariables.ini]
[2021.04.29-14.57.59:473][  0]LogConfig: Setting CVar [[net.UseAdaptiveNetUpdateFrequency:0]]
[2021.04.29-14.57.59:473][  0]LogConfig: Setting CVar [[p.chaos.AllowCreatePhysxBodies:1]]
[2021.04.29-14.57.59:473][  0]LogConfig: Setting CVar [[fx.SkipVectorVMBackendOptimizations:1]]
[2021.04.29-14.57.59:473][  0]LogConfig: Applying CVar settings from Section [ConsoleVariables] File [C:/Users/danie/Documents/FMP YEAR 1/FMP_Rat_Trap/FMP_Rat_Trap/Saved/Config/Windows/Engine.ini]
[2021.04.29-14.57.59:474][  0]LogInit: Computer: DESKTOP-FPDVQ07
[2021.04.29-14.57.59:474][  0]LogInit: User: danie
[2021.04.29-14.57.59:474][  0]LogInit: CPU Page size=4096, Cores=6
[2021.04.29-14.57.59:474][  0]LogInit: High frequency timer resolution =10.000000 MHz
[2021.04.29-14.57.59:474][  0]LogMemory: Memory total: Physical=7.9GB (8GB approx)
[2021.04.29-14.57.59:475][  0]LogMemory: Platform Memory Stats for Windows
[2021.04.29-14.57.59:475][  0]LogMemory: Process Physical Memory: 119.71 MB used, 119.71 MB peak
[2021.04.29-14.57.59:475][  0]LogMemory: Process Virtual Memory: 111.15 MB used, 111.15 MB peak
[2021.04.29-14.57.59:475][  0]LogMemory: Physical Memory: 4847.48 MB used,  3207.37 MB free, 8054.86 MB total
[2021.04.29-14.57.59:475][  0]LogMemory: Virtual Memory: 5181.39 MB used,  134212544.00 MB free, 134217728.00 MB total
[2021.04.29-14.57.59:484][  0]LogWindows: WindowsPlatformFeatures enabled
[2021.04.29-14.57.59:919][  0]LogInit: Physics initialised using underlying interface: PhysX
[2021.04.29-14.57.59:926][  0]LogInit: Using OS detected language (en-GB).
[2021.04.29-14.57.59:926][  0]LogInit: Using OS detected locale (en-GB).
[2021.04.29-14.57.59:945][  0]LogTextLocalizationManager: No specific localization for 'en-GB' exists, so the 'en' localization will be used.
[2021.04.29-14.58.00:258][  0]LogInit: Setting process to per monitor DPI aware
[2021.04.29-14.58.00:362][  0]LogSlate: New Slate User Created.  User Index 0, Is Virtual User: 0
[2021.04.29-14.58.00:362][  0]LogSlate: Slate User Registered.  User Index 0, Is Virtual User: 0
[2021.04.29-14.58.02:900][  0]LogHMD: Failed to initialize OpenVR with code 110
[2021.04.29-14.58.02:900][  0]LogD3D11RHI: D3D11 min allowed feature level: 11_0
[2021.04.29-14.58.02:900][  0]LogD3D11RHI: D3D11 max allowed feature level: 11_0
[2021.04.29-14.58.02:900][  0]LogD3D11RHI: D3D11 adapters:
[2021.04.29-14.58.03:022][  0]LogD3D11RHI:    0. 'NVIDIA GeForce GTX 1660 SUPER' (Feature Level 11_0)
[2021.04.29-14.58.03:022][  0]LogD3D11RHI:       5991/0/4027 MB DedicatedVideo/DedicatedSystem/SharedSystem, Outputs:1, VendorId:0x10de
[2021.04.29-14.58.03:030][  0]LogD3D11RHI:    1. 'Microsoft Basic Render Driver' (Feature Level 11_0)
[2021.04.29-14.58.03:030][  0]LogD3D11RHI:       0/0/4027 MB DedicatedVideo/DedicatedSystem/SharedSystem, Outputs:0, VendorId:0x1414
[2021.04.29-14.58.03:030][  0]LogD3D11RHI: Chosen D3D11 Adapter: 0
[2021.04.29-14.58.03:039][  0]LogD3D11RHI: Creating new Direct3DDevice
[2021.04.29-14.58.03:040][  0]LogD3D11RHI:     GPU DeviceId: 0x21c4 (for the marketing name, search the web for "GPU Device Id")
[2021.04.29-14.58.03:040][  0]LogWindows: EnumDisplayDevices:
[2021.04.29-14.58.03:040][  0]LogWindows:    0. 'NVIDIA GeForce GTX 1660 SUPER' (P:1 D:1)
[2021.04.29-14.58.03:040][  0]LogWindows:    1. 'NVIDIA GeForce GTX 1660 SUPER' (P:0 D:0)
[2021.04.29-14.58.03:040][  0]LogWindows:    2. 'NVIDIA GeForce GTX 1660 SUPER' (P:0 D:0)
[2021.04.29-14.58.03:040][  0]LogWindows:    3. 'NVIDIA GeForce GTX 1660 SUPER' (P:0 D:0)
[2021.04.29-14.58.03:040][  0]LogWindows: DebugString: FoundDriverCount:4 
[2021.04.29-14.58.03:040][  0]LogD3D11RHI:     Adapter Name: NVIDIA GeForce GTX 1660 SUPER
[2021.04.29-14.58.03:041][  0]LogD3D11RHI:   Driver Version: 460.93 (internal:27.21.14.6093, unified:460.93)
[2021.04.29-14.58.03:041][  0]LogD3D11RHI:      Driver Date: 12-14-2020
[2021.04.29-14.58.03:041][  0]LogRHI: Texture pool is 4193 MB (70% of 5991 MB)
[2021.04.29-14.58.03:119][  0]LogD3D11RHI: RHI has support for 64 bit atomics
[2021.04.29-14.58.03:125][  0]LogD3D11RHI: [Aftermath] Enabled and primed
[2021.04.29-14.58.03:125][  0]LogD3D11RHI: Async texture creation enabled
[2021.04.29-14.58.03:125][  0]LogD3D11RHI: Array index from any shader is supported
[2021.04.29-14.58.03:183][  0]LogD3D11RHI: GPU Timing Frequency: 1000.000000 (Debug: 2 1)
[2021.04.29-14.58.03:561][  0]LogTargetPlatformManager: Display: Loaded TargetPlatform 'AllDesktop'
[2021.04.29-14.58.03:586][  0]LogTargetPlatformManager: Display: Loaded TargetPlatform 'Android'
[2021.04.29-14.58.03:586][  0]LogTargetPlatformManager: Display: Loaded TargetPlatform 'Android_ASTC'
[2021.04.29-14.58.03:586][  0]LogTargetPlatformManager: Display: Loaded TargetPlatform 'Android_DXT'
[2021.04.29-14.58.03:586][  0]LogTargetPlatformManager: Display: Loaded TargetPlatform 'Android_ETC2'
[2021.04.29-14.58.03:586][  0]LogTargetPlatformManager: Display: Loaded TargetPlatform 'AndroidClient'
[2021.04.29-14.58.03:586][  0]LogTargetPlatformManager: Display: Loaded TargetPlatform 'Android_ASTCClient'
[2021.04.29-14.58.03:586][  0]LogTargetPlatformManager: Display: Loaded TargetPlatform 'Android_DXTClient'
[2021.04.29-14.58.03:586][  0]LogTargetPlatformManager: Display: Loaded TargetPlatform 'Android_ETC2Client'
[2021.04.29-14.58.03:586][  0]LogTargetPlatformManager: Display: Loaded TargetPlatform 'Android_Multi'
[2021.04.29-14.58.03:586][  0]LogTargetPlatformManager: Display: Loaded TargetPlatform 'Android_MultiClient'
[2021.04.29-14.58.03:624][  0]LogTargetPlatformManager: Display: Loaded TargetPlatform 'IOSClient'
[2021.04.29-14.58.03:624][  0]LogTargetPlatformManager: Display: Loaded TargetPlatform 'IOS'
[2021.04.29-14.58.03:640][  0]LogTargetPlatformManager: Display: Loaded TargetPlatform 'Linux'
[2021.04.29-14.58.03:653][  0]LogTargetPlatformManager: Display: Loaded TargetPlatform 'LinuxNoEditor'
[2021.04.29-14.58.03:667][  0]LogTargetPlatformManager: Display: Loaded TargetPlatform 'LinuxClient'
[2021.04.29-14.58.03:681][  0]LogTargetPlatformManager: Display: Loaded TargetPlatform 'LinuxServer'
[2021.04.29-14.58.03:693][  0]LogTargetPlatformManager: Display: Loaded TargetPlatform 'LinuxAArch64NoEditor'
[2021.04.29-14.58.03:707][  0]LogTargetPlatformManager: Display: Loaded TargetPlatform 'LinuxAArch64Client'
[2021.04.29-14.58.03:720][  0]LogTargetPlatformManager: Display: Loaded TargetPlatform 'LinuxAArch64Server'
[2021.04.29-14.58.03:750][  0]LogTargetPlatformManager: Display: Loaded TargetPlatform 'Lumin'
[2021.04.29-14.58.03:750][  0]LogTargetPlatformManager: Display: Loaded TargetPlatform 'LuminClient'
[2021.04.29-14.58.03:769][  0]LogTargetPlatformManager: Display: Loaded TargetPlatform 'TVOSClient'
[2021.04.29-14.58.03:769][  0]LogTargetPlatformManager: Display: Loaded TargetPlatform 'TVOS'
[2021.04.29-14.58.03:779][  0]LogTargetPlatformManager: Display: Loaded TargetPlatform 'WindowsNoEditor'
[2021.04.29-14.58.03:791][  0]LogTargetPlatformManager: Display: Loaded TargetPlatform 'Windows'
[2021.04.29-14.58.03:801][  0]LogTargetPlatformManager: Display: Loaded TargetPlatform 'WindowsClient'
[2021.04.29-14.58.03:811][  0]LogTargetPlatformManager: Display: Loaded TargetPlatform 'WindowsServer'
[2021.04.29-14.58.03:811][  0]LogTargetPlatformManager: Display: Building Assets For Windows
[2021.04.29-14.58.03:863][  0]LogAudioDebug: Display: Lib vorbis DLL was dynamically loaded.
[2021.04.29-14.58.04:068][  0]LogShaderCompilers: Guid format shader working directory is -30 characters bigger than the processId version (../../../../../../Users/danie/Documents/FMP YEAR 1/FMP_Rat_Trap/FMP_Rat_Trap/Intermediate/Shaders/WorkingDirectory/8144/).
[2021.04.29-14.58.04:068][  0]LogShaderCompilers: Cleaned the shader compiler working directory 'C:/Users/danie/AppData/Local/Temp/UnrealShaderWorkingDir/0462C2944DB151FE677C9889923B1020/'.
[2021.04.29-14.58.04:075][  0]LogXGEController: Cleaning working directory: C:/Users/danie/AppData/Local/Temp/UnrealXGEWorkingDir/
[2021.04.29-14.58.04:075][  0]LogXGEController: Cannot use XGE Controller as Incredibuild is not installed on this machine.
[2021.04.29-14.58.04:075][  0]LogShaderCompilers: Cannot use XGE Shader Compiler as Incredibuild is not installed on this machine.
[2021.04.29-14.58.04:075][  0]LogShaderCompilers: Display: Using Local Shader Compiler.
[2021.04.29-14.58.06:912][  0]LogDerivedDataCache: Display: Max Cache Size: 512 MB
[2021.04.29-14.58.07:029][  0]LogDerivedDataCache: Loaded boot cache 0.12s 75MB C:/Users/danie/AppData/Local/UnrealEngine/4.25/DerivedDataCache/Boot.ddc.
[2021.04.29-14.58.07:029][  0]LogDerivedDataCache: Display: Loaded Boot cache: C:/Users/danie/AppData/Local/UnrealEngine/4.25/DerivedDataCache/Boot.ddc
[2021.04.29-14.58.07:029][  0]LogDerivedDataCache: FDerivedDataBackendGraph:  Pak pak cache file ../../../../../../Users/danie/Documents/FMP YEAR 1/FMP_Rat_Trap/FMP_Rat_Trap/DerivedDataCache/DDC.ddp not found, will not use a pak cache.
[2021.04.29-14.58.07:029][  0]LogDerivedDataCache: Unable to find inner node Pak for hierarchical cache Hierarchy.
[2021.04.29-14.58.07:029][  0]LogDerivedDataCache: FDerivedDataBackendGraph:  CompressedPak pak cache file ../../../../../../Users/danie/Documents/FMP YEAR 1/FMP_Rat_Trap/FMP_Rat_Trap/DerivedDataCache/Compressed.ddp not found, will not use a pak cache.
[2021.04.29-14.58.07:029][  0]LogDerivedDataCache: Unable to find inner node CompressedPak for hierarchical cache Hierarchy.
[2021.04.29-14.58.07:049][  0]LogDerivedDataCache: Display: Pak cache opened for reading ../../../Engine/DerivedDataCache/Compressed.ddp.
[2021.04.29-14.58.07:050][  0]LogDerivedDataCache: FDerivedDataBackendGraph:  EnterprisePak pak cache file ../../../Enterprise/DerivedDataCache/Compressed.ddp not found, will not use a pak cache.
[2021.04.29-14.58.07:050][  0]LogDerivedDataCache: Unable to find inner node EnterprisePak for hierarchical cache Hierarchy.
[2021.04.29-14.58.07:052][  0]LogDerivedDataCache: Using Local data cache path C:/Users/danie/AppData/Local/UnrealEngine/Common/DerivedDataCache: Writable
[2021.04.29-14.58.07:052][  0]LogDerivedDataCache: Shared data cache path not found in *engine.ini, will not use an Shared cache.
[2021.04.29-14.58.07:052][  0]LogDerivedDataCache: Unable to find inner node Shared for hierarchical cache Hierarchy.
[2021.04.29-14.58.07:112][  0]LogSlate: Using FreeType 2.10.0
[2021.04.29-14.58.07:135][  0]LogSlate: SlateFontServices - WITH_FREETYPE: 1, WITH_HARFBUZZ: 1
[2021.04.29-14.58.07:180][  0]LogAssetRegistry: FAssetRegistry took 0.0057 seconds to start up
[2021.04.29-14.58.07:686][  0]LogInit: Selected Device Profile: [Windows]
[2021.04.29-14.58.08:083][  0]LogMeshReduction: Using QuadricMeshReduction for automatic static mesh reduction
[2021.04.29-14.58.08:083][  0]LogMeshReduction: Using SimplygonMeshReduction for automatic skeletal mesh reduction
[2021.04.29-14.58.08:083][  0]LogMeshReduction: Using ProxyLODMeshReduction for automatic mesh merging
[2021.04.29-14.58.08:083][  0]LogMeshReduction: No distributed automatic mesh merging module available
[2021.04.29-14.58.08:084][  0]LogMeshMerging: No distributed automatic mesh merging module available
[2021.04.29-14.58.08:179][  0]LogNetVersion: FMP_Rat_Trap 1.0.0, NetCL: 13144385, EngineNetVer: 14, GameNetVer: 0 (Checksum: 2547702184)
[2021.04.29-14.58.09:680][  0]LogAISub: UAISubsystem::UAISubsystem AISubsystem (0000027FB29397C0), frame # 0
[2021.04.29-14.58.09:680][  0]LogAISub: UAISubsystem::UAISubsystem AIPerceptionSystem (0000027FB37BB9C0), frame # 0
[2021.04.29-14.58.09:693][  0]LogAISub: UAISubsystem::UAISubsystem EnvQueryManager (0000027FB2829A00), frame # 0
[2021.04.29-14.58.09:798][  0]LogPackageLocalizationCache: Processed 19 localized package path(s) for 1 prioritized culture(s) in 0.038766 seconds
[2021.04.29-14.58.09:803][  0]LogUObjectArray: 15917 objects as part of root set at end of initial load.
[2021.04.29-14.58.09:803][  0]LogUObjectAllocator: 3965568 out of 0 bytes used by permanent object pool.
[2021.04.29-14.58.09:803][  0]LogUObjectArray: CloseDisregardForGC: 0/0 objects in disregard for GC pool
[2021.04.29-14.58.11:012][  0]LogTcpMessaging: Initializing TcpMessaging bridge
[2021.04.29-14.58.11:025][  0]LogUdpMessaging: Initializing bridge on interface 0.0.0.0:0 to multicast group 230.0.0.1:6666.
[2021.04.29-14.58.11:232][  0]SourceControl: Source control is disabled
[2021.04.29-14.58.11:233][  0]LogWindows: Warning: CreateProc failed: The system cannot find the file specified. (0x00000002)
[2021.04.29-14.58.11:233][  0]LogWindows: Warning: URL: C:/Users/dk05253827/AppData/Local/Programs/Git/bin/git.exe version
[2021.04.29-14.58.11:248][  0]LogWindows: Warning: CreateProc failed: The system cannot find the file specified. (0x00000002)
[2021.04.29-14.58.11:248][  0]LogWindows: Warning: URL: C:/Users/dk05253827/AppData/Local/Programs/Git/bin/git.exe version
[2021.04.29-14.58.11:257][  0]LogWindows: Warning: CreateProc failed: The system cannot find the file specified. (0x00000002)
[2021.04.29-14.58.11:257][  0]LogWindows: Warning: URL: C:/Users/dk05253827/AppData/Local/Programs/Git/bin/git.exe version
[2021.04.29-14.58.11:269][  0]LogWindows: Warning: CreateProc failed: The system cannot find the file specified. (0x00000002)
[2021.04.29-14.58.11:269][  0]LogWindows: Warning: URL: C:/Users/dk05253827/AppData/Local/Programs/Git/bin/git.exe version
[2021.04.29-14.58.11:285][  0]LogVSAccessor: Display: Unable to create Visual Studio setup instance: 80040154
[2021.04.29-14.58.11:286][  0]LogVSAccessor: Display: Unable to create Visual Studio setup instance: 80040154
[2021.04.29-14.58.11:936][  0]LogAndroidPermission: UAndroidPermissionCallbackProxy::GetInstance
[2021.04.29-14.58.11:977][  0]LogAudioCaptureCore: Display: No Audio Capture implementations found. Audio input will be silent.
[2021.04.29-14.58.11:977][  0]LogAudioCaptureCore: Display: No Audio Capture implementations found. Audio input will be silent.
[2021.04.29-14.58.12:107][  0]LogOcInput: OculusInput pre-init called
[2021.04.29-14.58.12:134][  0]LogWindows: Failed to load 'OVRPlugin.dll' (GetLastError=126)
[2021.04.29-14.58.12:134][  0]LogWindows: File 'OVRPlugin.dll' does not exist
[2021.04.29-14.58.12:408][  0]LogEngine: Initializing Engine...
[2021.04.29-14.58.12:417][  0]LogHMD: Failed to initialize OpenVR with code 110
[2021.04.29-14.58.12:417][  0]LogMagicLeap: Warning: VR disabled because ZI is not enabled.  To enable, in the editor, Edit -> Project Settings -> Plugins -> Magic Leap Plugin -> Enable Zero Iteration
[2021.04.29-14.58.12:425][  0]LogStats: UGameplayTagsManager::InitializeManager -  0.003 s
[2021.04.29-14.58.12:771][  0]LogInit: Initializing FReadOnlyCVARCache
[2021.04.29-14.58.12:872][  0]LogAIModule: Creating AISystem for world Untitled
[2021.04.29-14.58.12:872][  0]LogAISub: UAISubsystem::UAISubsystem EnvQueryManager (0000027FB5EB3C00), frame # 0
[2021.04.29-14.58.12:872][  0]LogAISub: UAISubsystem::UAISubsystem AIPerceptionSystem (0000027FB5F14680), frame # 0
[2021.04.29-14.58.12:903][  0]LogAudioMixer: Display: Audio Mixer Platform Settings:
[2021.04.29-14.58.12:903][  0]LogAudioMixer: Display: 	Sample Rate:						  48000
[2021.04.29-14.58.12:903][  0]LogAudioMixer: Display: 	Callback Buffer Frame Size Requested: 1024
[2021.04.29-14.58.12:903][  0]LogAudioMixer: Display: 	Callback Buffer Frame Size To Use:	  1024
[2021.04.29-14.58.12:903][  0]LogAudioMixer: Display: 	Number of buffers to queue:			  2
[2021.04.29-14.58.12:903][  0]LogAudioMixer: Display: 	Max Channels (voices):				  32
[2021.04.29-14.58.12:903][  0]LogAudioMixer: Display: 	Number of Async Source Workers:		  0
[2021.04.29-14.58.12:903][  0]LogAudio: Display: AudioDevice MaxSources: 32
[2021.04.29-14.58.12:907][  0]LogAudio: Display: Using built-in audio occlusion.
[2021.04.29-14.58.12:907][  0]LogAudioMixer: Display: Initializing audio mixer.
[2021.04.29-14.58.12:929][  0]LogAudioMixer: Display: 0: FrontLeft
[2021.04.29-14.58.12:929][  0]LogAudioMixer: Display: 1: FrontRight
[2021.04.29-14.58.13:187][  0]LogAudioMixer: Display: Using Audio Device Headphones (Realtek(R) Audio)
[2021.04.29-14.58.13:189][  0]LogAudioMixer: Display: Initializing Sound Submixes...
[2021.04.29-14.58.13:212][  0]LogAudioMixer: Display: Creating Master Submix 'MasterSubmixDefault'
[2021.04.29-14.58.13:213][  0]LogAudioMixer: Display: Creating Master Submix 'MasterReverbSubmixDefault'
[2021.04.29-14.58.13:215][  0]LogAudioMixer: Display: Creating Master Submix 'MasterEQSubmixDefault'
[2021.04.29-14.58.13:217][  0]LogInit: FAudioDevice initialized.
[2021.04.29-14.58.13:218][  0]LogNetVersion: Set ProjectVersion to 1.0.0.0. Version Checksum will be recalculated on next use.
[2021.04.29-14.58.13:265][  0]LogDerivedDataCache: Saved boot cache 0.05s 75MB C:/Users/danie/AppData/Local/UnrealEngine/4.25/DerivedDataCache/Boot.ddc.
[2021.04.29-14.58.13:265][  0]LogInit: Texture streaming: Enabled
[2021.04.29-14.58.13:304][  0]LogEngineSessionManager: EngineSessionManager initialized
[2021.04.29-14.58.13:304][  0]LogEditorSessionSummary: Verbose: Initializing EditorSessionSummaryWriter for editor session tracking
[2021.04.29-14.58.13:313][  0]LogEditorSessionSummary: EditorSessionSummaryWriter initialized
[2021.04.29-14.58.13:378][  0]LogInit: Transaction tracking system initialized
[2021.04.29-14.58.13:433][  0]BlueprintLog: New page: Editor Load
[2021.04.29-14.58.13:642][  0]LocalizationService: Localization service is disabled
[2021.04.29-14.58.13:837][  0]LogVSAccessor: Display: Unable to create Visual Studio setup instance: 80040154
[2021.04.29-14.58.13:837][  0]LogVSAccessor: Display: Unable to create Visual Studio setup instance: 80040154
[2021.04.29-14.58.14:183][  0]LogCook: Display: Max memory allowance for cook 16384mb min free memory 0mb
[2021.04.29-14.58.14:183][  0]LogCook: Display: Mobile HDR setting 1
[2021.04.29-14.58.14:311][  0]LogFileCache: Scanning file cache for directory 'C:/Users/danie/Documents/FMP YEAR 1/FMP_Rat_Trap/FMP_Rat_Trap/Content/' took 0.01s
[2021.04.29-14.58.14:707][  0]LogWindows: Warning: CreateProc failed: The system cannot find the file specified. (0x00000002)
[2021.04.29-14.58.14:707][  0]LogWindows: Warning: URL: C:/Users/dk05253827/AppData/Local/Programs/Git/bin/git.exe version
[2021.04.29-14.58.14:708][  0]LogUnrealEdMisc: Loading editor; pre map load, took 23.209
[2021.04.29-14.58.14:711][  0]Cmd: MAP LOAD FILE="../../../../../../Users/danie/Documents/FMP YEAR 1/FMP_Rat_Trap/FMP_Rat_Trap/Content/ThirdPersonBP/Maps/ThirdPersonExampleMap.umap" TEMPLATE=0 SHOWPROGRESS=1 FEATURELEVEL=3
[2021.04.29-14.58.14:713][  0]LightingResults: New page: Lighting Build
[2021.04.29-14.58.14:723][  0]LogWorld: UWorld::CleanupWorld for Untitled, bSessionEnded=true, bCleanupResources=true
[2021.04.29-14.58.14:725][  0]LogSlate: InvalidateAllWidgets triggered.  All widgets were invalidated
[2021.04.29-14.58.14:726][  0]MapCheck: New page: Map Check
[2021.04.29-14.58.14:726][  0]LightingResults: New page: Lighting Build
[2021.04.29-14.58.14:755][  0]LogAISub: UAISubsystem::~UAISubsystem EnvQueryManager (0000027FB5EB3C00), frame # 0
[2021.04.29-14.58.14:755][  0]LogAISub: UAISubsystem::~UAISubsystem AIPerceptionSystem (0000027FB5F14680), frame # 0
[2021.04.29-14.58.14:757][  0]LogUObjectHash: Compacting FUObjectHashTables data took   0.74ms
[2021.04.29-14.58.15:458][  0]LogTexture: Display: Building textures: target (AutoDXT, 1200X1200)
[2021.04.29-14.58.15:460][  0]LogStaticMesh: Building static mesh Floor_400x400...
[2021.04.29-14.58.15:471][  0]LogStaticMesh: Built static mesh [0.01s] /Game/StarterContent/Architecture/Floor_400x400.Floor_400x400
[2021.04.29-14.58.15:499][  0]LogMaterial: Display: Missing cached shader map for material red_material, compiling. 
[2021.04.29-14.58.15:600][  0]LogShaderCompilers: Display: Worker (1/9): shaders left to compile 15
[2021.04.29-14.58.15:601][  0]LogShaderCompilers: Display: Worker (2/9): shaders left to compile 13
[2021.04.29-14.58.15:601][  0]LogShaderCompilers: Display: Worker (3/9): shaders left to compile 11
[2021.04.29-14.58.15:601][  0]LogShaderCompilers: Display: Worker (4/9): shaders left to compile 9
[2021.04.29-14.58.15:601][  0]LogShaderCompilers: Display: Worker (5/9): shaders left to compile 7
[2021.04.29-14.58.15:601][  0]LogShaderCompilers: Display: Worker (6/9): shaders left to compile 5
[2021.04.29-14.58.15:601][  0]LogShaderCompilers: Display: Worker (7/9): shaders left to compile 3
[2021.04.29-14.58.15:601][  0]LogShaderCompilers: Display: Worker (8/9): shaders left to compile 1
[2021.04.29-14.58.15:601][  0]LogAIModule: Creating AISystem for world ThirdPersonExampleMap
[2021.04.29-14.58.15:601][  0]LogAISub: UAISubsystem::UAISubsystem EnvQueryManager (0000027FAA17FE00), frame # 0
[2021.04.29-14.58.15:601][  0]LogAISub: UAISubsystem::UAISubsystem AIPerceptionSystem (0000027FA44E87C0), frame # 0
[2021.04.29-14.58.15:689][  0]LogEditorServer: Finished looking for orphan Actors (0.000 secs)
[2021.04.29-14.58.15:719][  0]LogUObjectHash: Compacting FUObjectHashTables data took   1.13ms
[2021.04.29-14.58.15:720][  0]Cmd: MAP CHECKDEP NOCLEARLOG
[2021.04.29-14.58.15:721][  0]MapCheck: Map check complete: 0 Error(s), 0 Warning(s), took 0.648ms to complete.
[2021.04.29-14.58.15:721][  0]LogFileHelpers: Loading map 'ThirdPersonExampleMap' took 1.013
[2021.04.29-14.58.15:782][  0]LogUnrealEdMisc: Total Editor Startup Time, took 24.282
[2021.04.29-14.58.16:095][  0]LogSlate: Updating window title bar state: overlay mode, drag disabled, window buttons hidden, title bar hidden
[2021.04.29-14.58.16:120][  0]LogSlate: Updating window title bar state: overlay mode, drag disabled, window buttons hidden, title bar hidden
[2021.04.29-14.58.16:151][  0]LogSlate: Updating window title bar state: overlay mode, drag disabled, window buttons hidden, title bar hidden
[2021.04.29-14.58.16:179][  0]LogSlate: Updating window title bar state: overlay mode, drag disabled, window buttons hidden, title bar hidden
[2021.04.29-14.58.16:253][  0]LogCollectionManager: Loaded 0 collections in 0.005926 seconds
[2021.04.29-14.58.16:332][  0]LogFileCache: Scanning file cache for directory 'C:/Users/danie/Documents/FMP YEAR 1/FMP_Rat_Trap/FMP_Rat_Trap/Saved/Collections/' took 0.00s
[2021.04.29-14.58.16:332][  0]LogFileCache: Scanning file cache for directory 'C:/Users/danie/Documents/FMP YEAR 1/FMP_Rat_Trap/FMP_Rat_Trap/Content/Developers/danie/Collections/' took 0.00s
[2021.04.29-14.58.16:332][  0]LogFileCache: Scanning file cache for directory 'C:/Users/danie/Documents/FMP YEAR 1/FMP_Rat_Trap/FMP_Rat_Trap/Content/Collections/' took 0.00s
[2021.04.29-14.58.16:332][  0]LogContentBrowser: Native class hierarchy populated in 0.0278 seconds. Added 3427 classes and 821 folders.
[2021.04.29-14.58.16:368][  0]LogContentBrowser: Native class hierarchy updated for 'WidgetCarousel' in 0.0006 seconds. Added 0 classes and 0 folders.
[2021.04.29-14.58.17:188][  0]LogContentBrowser: Native class hierarchy updated for 'AddContentDialog' in 0.0004 seconds. Added 0 classes and 0 folders.
[2021.04.29-14.58.17:201][  0]LogContentBrowser: Native class hierarchy updated for 'SceneOutliner' in 0.0011 seconds. Added 2 classes and 0 folders.
[2021.04.29-14.58.17:432][  0]LogSlate: Took 0.006310 seconds to synchronously load lazily loaded font '../../../Engine/Content/Slate/Fonts/Roboto-Regular.ttf' (155K)
[2021.04.29-14.58.17:440][  0]LogSlate: Took 0.004986 seconds to synchronously load lazily loaded font '../../../Engine/Content/Slate/Fonts/Roboto-Bold.ttf' (160K)
[2021.04.29-14.58.17:453][  0]LogSlate: Took 0.005599 seconds to synchronously load lazily loaded font '../../../Engine/Content/Editor/Slate/Fonts/FontAwesome.ttf' (139K)
[2021.04.29-14.58.17:611][  0]LogRenderer: Reallocating scene render targets to support 960x584 Format 10 NumSamples 1 (Frame:1).
[2021.04.29-14.58.17:787][  0]LogContentBrowser: Native class hierarchy updated for 'HierarchicalLODOutliner' in 0.0003 seconds. Added 0 classes and 0 folders.
[2021.04.29-14.58.17:787][  0]LogLoad: (Engine Initialization) Total time: 26.29 seconds
[2021.04.29-14.58.17:787][  0]LogLoad: (Engine Initialization) Total Blueprint compile time: 0.00 seconds
[2021.04.29-14.58.17:841][  0]LogAssetRegistry: Asset discovery search completed in 10.6624 seconds
[2021.04.29-14.58.17:845][  0]LogCollectionManager: Fixed up redirectors for 0 collections in 0.000373 seconds (updated 0 objects)
[2021.04.29-14.58.17:855][  0]LogContentStreaming: Texture pool size now 1000 MB
[2021.04.29-14.58.17:919][  0]LogSlate: Took 0.007403 seconds to synchronously load lazily loaded font '../../../Engine/Content/Slate/Fonts/Roboto-Light.ttf' (167K)
[2021.04.29-14.58.18:819][ 85]LogSlate: Took 0.000182 seconds to synchronously load lazily loaded font '../../../Engine/Content/Slate/Fonts/Roboto-Light.ttf' (167K)
[2021.04.29-14.58.29:752][196]LogWindows: Warning: CreateProc failed: The system cannot find the file specified. (0x00000002)
[2021.04.29-14.58.29:752][196]LogWindows: Warning: URL: C:/Users/dk05253827/AppData/Local/Programs/Git/bin/git.exe version
[2021.04.29-14.58.29:752][196]SourceControl: Error: Failed to enable Git source control. You need to install Git and specify a valid path to git executable.
[2021.04.29-14.59.23:566][791]LogWindows: Warning: CreateProc failed: The system cannot find the file specified. (0x00000002)
[2021.04.29-14.59.23:566][791]LogWindows: Warning: URL: C:/Users/dk05253827/AppData/Local/Programs/Git/bin/git.exe version
[2021.04.29-14.59.23:566][791]SourceControl: Error: Failed to enable Git source control. You need to install Git and specify a valid path to git executable.
[2021.04.29-14.59.34:310][578]LogEditorViewport: Clicking on Actor (LMB): BP_Sky_Sphere_C (SkySphereBlueprint)
[2021.04.29-14.59.35:516][717]LogEditorViewport: Clicking on Actor (LMB): BP_Sky_Sphere_C (SkySphereBlueprint)
[2021.04.29-14.59.40:250][200]SourceControl: Source control is disabled
[2021.04.29-14.59.40:250][200]LogSlate: Window 'Source Control Login' being destroyed
[2021.04.29-17.16.07:804][314]LogTemp: Repeating last play command: Selected Viewport
[2021.04.29-17.16.07:835][314]LogPlayLevel: PlayLevel: No blueprints needed recompiling
[2021.04.29-17.16.07:837][314]PIE: New page: PIE session: ThirdPersonExampleMap (29 Apr 2021, 19:16:07)
[2021.04.29-17.16.07:845][314]LogOnline: OSS: Creating online subsystem instance for: NULL
[2021.04.29-17.16.07:848][314]LogOnline: OSS: TryLoadSubsystemAndSetDefault: Loaded subsystem for module [NULL]
[2021.04.29-17.16.07:849][314]LogPlayLevel: Creating play world package: /Game/ThirdPersonBP/Maps/UEDPIE_0_ThirdPersonExampleMap
[2021.04.29-17.16.07:880][314]LogPlayLevel: PIE: StaticDuplicateObject took: (0.030282s)
[2021.04.29-17.16.07:884][314]LogAIModule: Creating AISystem for world ThirdPersonExampleMap
[2021.04.29-17.16.07:884][314]LogAISub: UAISubsystem::UAISubsystem EnvQueryManager (0000027FC3E7E600), frame # 90314
[2021.04.29-17.16.07:884][314]LogAISub: UAISubsystem::UAISubsystem AIPerceptionSystem (0000027FA4CFBC40), frame # 90314
[2021.04.29-17.16.07:885][314]LogPlayLevel: PIE: World Init took: (0.004937s)
[2021.04.29-17.16.07:885][314]LogPlayLevel: PIE: Created PIE world by copying editor world from /Game/ThirdPersonBP/Maps/ThirdPersonExampleMap.ThirdPersonExampleMap to /Game/ThirdPersonBP/Maps/UEDPIE_0_ThirdPersonExampleMap.ThirdPersonExampleMap (0.036190s)
[2021.04.29-17.16.07:906][314]LogUObjectHash: Compacting FUObjectHashTables data took   3.79ms
[2021.04.29-17.16.07:929][314]LogAudioMixer: Display: Audio Mixer Platform Settings:
[2021.04.29-17.16.07:929][314]LogAudioMixer: Display: 	Sample Rate:						  48000
[2021.04.29-17.16.07:929][314]LogAudioMixer: Display: 	Callback Buffer Frame Size Requested: 1024
[2021.04.29-17.16.07:929][314]LogAudioMixer: Display: 	Callback Buffer Frame Size To Use:	  1024
[2021.04.29-17.16.07:929][314]LogAudioMixer: Display: 	Number of buffers to queue:			  2
[2021.04.29-17.16.07:929][314]LogAudioMixer: Display: 	Max Channels (voices):				  32
[2021.04.29-17.16.07:929][314]LogAudioMixer: Display: 	Number of Async Source Workers:		  0
[2021.04.29-17.16.07:929][314]LogAudio: Display: AudioDevice MaxSources: 32
[2021.04.29-17.16.07:930][314]LogAudio: Display: Using built-in audio occlusion.
[2021.04.29-17.16.07:930][314]LogAudioMixer: Display: Initializing audio mixer.
[2021.04.29-17.16.07:933][314]LogAudioMixer: Display: 0: FrontLeft
[2021.04.29-17.16.07:933][314]LogAudioMixer: Display: 1: FrontRight
[2021.04.29-17.16.08:016][314]LogAudioMixer: Display: Using Audio Device Headphones (Realtek(R) Audio)
[2021.04.29-17.16.08:018][314]LogAudioMixer: Display: Initializing Sound Submixes...
[2021.04.29-17.16.08:018][314]LogAudioMixer: Display: Creating Master Submix 'MasterSubmixDefault'
[2021.04.29-17.16.08:018][314]LogAudioMixer: Display: Creating Master Submix 'MasterReverbSubmixDefault'
[2021.04.29-17.16.08:021][314]LogAudioMixer: Display: Creating Master Submix 'MasterEQSubmixDefault'
[2021.04.29-17.16.08:029][314]LogInit: FAudioDevice initialized.
[2021.04.29-17.16.08:048][314]LogLoad: Game class is 'mainmenugamemode_C'
[2021.04.29-17.16.08:061][314]LogWorld: Bringing World /Game/ThirdPersonBP/Maps/UEDPIE_0_ThirdPersonExampleMap.ThirdPersonExampleMap up for play (max tick rate 0) at 2021.04.29-18.16.08
[2021.04.29-17.16.08:063][314]LogWorld: Bringing up level for play took: 0.003865
[2021.04.29-17.16.08:063][314]LogOnline: OSS: Creating online subsystem instance for: :Context_3
[2021.04.29-17.16.08:092][314]LogContentBrowser: Native class hierarchy updated for 'MovieSceneCapture' in 0.0017 seconds. Added 20 classes and 0 folders.
[2021.04.29-17.16.08:110][314]PIE: Server logged in
[2021.04.29-17.16.08:111][314]PIE: Play in editor total start time 0.285 seconds.
[2021.04.29-17.16.09:393][461]LogNet: Browse: /Game/maze-1
[2021.04.29-17.16.09:394][461]LogLoad: LoadMap: /Game/maze-1
[2021.04.29-17.16.09:394][461]LogWorld: BeginTearingDown for /Game/ThirdPersonBP/Maps/UEDPIE_0_ThirdPersonExampleMap
[2021.04.29-17.16.09:403][461]LogWorld: UWorld::CleanupWorld for ThirdPersonExampleMap, bSessionEnded=true, bCleanupResources=true
[2021.04.29-17.16.09:403][461]LogSlate: InvalidateAllWidgets triggered.  All widgets were invalidated
[2021.04.29-17.16.09:451][461]LogAISub: UAISubsystem::~UAISubsystem AIPerceptionSystem (0000027FA4CFBC40), frame # 90461
[2021.04.29-17.16.09:451][461]LogAISub: UAISubsystem::~UAISubsystem EnvQueryManager (0000027FC3E7E600), frame # 90461
[2021.04.29-17.16.09:453][461]LogUObjectHash: Compacting FUObjectHashTables data took   0.60ms
[2021.04.29-17.16.09:588][461]LogAIModule: Creating AISystem for world maze-1
[2021.04.29-17.16.09:588][461]LogAISub: UAISubsystem::UAISubsystem EnvQueryManager (0000027FDE9EBE00), frame # 90461
[2021.04.29-17.16.09:588][461]LogAISub: UAISubsystem::UAISubsystem AIPerceptionSystem (0000027FDEA28CC0), frame # 90461
[2021.04.29-17.16.09:624][461]LogLoad: Game class is 'ThirdPersonGameMode_C'
[2021.04.29-17.16.09:643][461]LogWorld: Bringing World /Game/UEDPIE_0_maze-1.maze-1 up for play (max tick rate 0) at 2021.04.29-18.16.09
[2021.04.29-17.16.09:646][461]LogWorld: Bringing up level for play took: 0.020740
[2021.04.29-17.16.09:659][461]LogLoad: Took 0.263792 seconds to LoadMap(/Game/maze-1)
[2021.04.29-17.16.14:582][ 44]LogSlate: Updating window title bar state: overlay mode, drag disabled, window buttons hidden, title bar hidden
[2021.04.29-17.16.14:582][ 44]LogWorld: BeginTearingDown for /Game/UEDPIE_0_maze-1
[2021.04.29-17.16.14:582][ 44]LogWorld: UWorld::CleanupWorld for maze-1, bSessionEnded=true, bCleanupResources=true
[2021.04.29-17.16.14:582][ 44]LogSlate: InvalidateAllWidgets triggered.  All widgets were invalidated
[2021.04.29-17.16.14:590][ 44]LogPlayLevel: Display: Shutting down PIE online subsystems
[2021.04.29-17.16.14:594][ 44]LogSlate: InvalidateAllWidgets triggered.  All widgets were invalidated
[2021.04.29-17.16.14:624][ 44]LogSlate: Updating window title bar state: overlay mode, drag disabled, window buttons hidden, title bar hidden
[2021.04.29-17.16.14:629][ 44]LogAISub: UAISubsystem::~UAISubsystem EnvQueryManager (0000027FDE9EBE00), frame # 91044
[2021.04.29-17.16.14:629][ 44]LogAISub: UAISubsystem::~UAISubsystem AIPerceptionSystem (0000027FDEA28CC0), frame # 91044
[2021.04.29-17.16.14:631][ 44]LogUObjectHash: Compacting FUObjectHashTables data took   0.82ms
[2021.04.29-17.16.14:656][ 45]LogPlayLevel: Display: Destroying online subsystem :Context_3
[2021.04.29-17.16.19:164][559]LogAssetEditorSubsystem: Opening Asset editor for World /Game/maze-1.maze-1
[2021.04.29-17.16.19:177][559]LogUObjectHash: Compacting FUObjectHashTables data took   0.64ms
[2021.04.29-17.16.19:179][559]Cmd: MAP LOAD FILE="../../../../../../Users/danie/Documents/FMP YEAR 1/FMP_Rat_Trap/FMP_Rat_Trap/Content/maze-1.umap" TEMPLATE=0 SHOWPROGRESS=1 FEATURELEVEL=3
[2021.04.29-17.16.19:179][559]LightingResults: New page: Lighting Build
[2021.04.29-17.16.19:179][559]LoadErrors: New page: Loading map: maze-1.umap
[2021.04.29-17.16.19:206][559]LogWorld: UWorld::CleanupWorld for ThirdPersonExampleMap, bSessionEnded=true, bCleanupResources=true
[2021.04.29-17.16.19:206][559]LogSlate: InvalidateAllWidgets triggered.  All widgets were invalidated
[2021.04.29-17.16.19:206][559]MapCheck: New page: Map Check
[2021.04.29-17.16.19:206][559]LightingResults: New page: Lighting Build
[2021.04.29-17.16.19:218][559]LogAISub: UAISubsystem::~UAISubsystem EnvQueryManager (0000027FAA17FE00), frame # 91559
[2021.04.29-17.16.19:218][559]LogAISub: UAISubsystem::~UAISubsystem AIPerceptionSystem (0000027FA44E87C0), frame # 91559
[2021.04.29-17.16.19:219][559]LogUObjectHash: Compacting FUObjectHashTables data took   0.70ms
[2021.04.29-17.16.19:327][559]LogEditorServer: Finished looking for orphan Actors (0.000 secs)
[2021.04.29-17.16.19:327][559]LogAIModule: Creating AISystem for world maze-1
[2021.04.29-17.16.19:327][559]LogAISub: UAISubsystem::UAISubsystem EnvQueryManager (0000027FE69D7A00), frame # 91559
[2021.04.29-17.16.19:327][559]LogAISub: UAISubsystem::UAISubsystem AIPerceptionSystem (0000027FDEB5B4C0), frame # 91559
[2021.04.29-17.16.19:343][559]LogUObjectHash: Compacting FUObjectHashTables data took   0.67ms
[2021.04.29-17.16.19:367][559]Cmd: MAP CHECKDEP NOCLEARLOG
[2021.04.29-17.16.19:367][559]MapCheck: Map check complete: 0 Error(s), 0 Warning(s), took 0.148ms to complete.
[2021.04.29-17.16.19:367][559]LogFileHelpers: Loading map 'maze-1' took 0.188
[2021.04.29-19.06.07:883][133]LogAudioMixer: Warning: Changing default audio render device to new device: {0.0.0.00000000}.{a83b3b40-6558-43f2-9db9-33aa212349b2}.
[2021.04.29-19.06.07:883][133]LogTemp: Resetting audio stream to device id 
[2021.04.29-19.06.08:175][133]LogAudioMixer: Display: 0: FrontLeft
[2021.04.29-19.06.08:175][133]LogAudioMixer: Display: 1: FrontRight
[2021.04.29-22.45.37:048][766]LogTemp: Resetting audio stream to device id 
[2021.04.29-22.45.37:082][766]LogAudioMixer: Display: 0: FrontLeft
[2021.04.29-22.45.37:082][766]LogAudioMixer: Display: 1: FrontRight
