Log file open, 05/21/21 10:17:29
LogInit: Display: Running engine for game: FMP_Rat_Trap
LogPlatformFile: Not using cached read wrapper
LogTaskGraph: Started task graph with 5 named threads and 20 total threads with 3 sets of task threads.
LogStats: Stats thread started at 0.154832
LogD3D11RHI: Loaded GFSDK_Aftermath_Lib.x64.dll
LogICUInternationalization: ICU TimeZone Detection - Raw Offset: +0:00, Platform Override: ''
LogPluginManager: Mounting plugin Paper2D
LogPluginManager: Mounting plugin AISupport
LogPluginManager: Mounting plugin LightPropagationVolume
LogPluginManager: Mounting plugin CameraShakePreviewer
LogPluginManager: Mounting plugin ActorLayerUtilities
LogPluginManager: Mounting plugin AnimationSharing
LogPluginManager: Mounting plugin CLionSourceCodeAccess
LogPluginManager: Mounting plugin CodeLiteSourceCodeAccess
LogPluginManager: Mounting plugin GitSourceControl
LogPluginManager: Mounting plugin KDevelopSourceCodeAccess
LogPluginManager: Mounting plugin NullSourceCodeAccess
LogPluginManager: Mounting plugin PerforceSourceControl
LogPluginManager: Mounting plugin PlasticSourceControl
LogPluginManager: Mounting plugin RiderSourceCodeAccess
LogPluginManager: Mounting plugin SubversionSourceControl
LogPluginManager: Mounting plugin UObjectPlugin
LogPluginManager: Mounting plugin VisualStudioCodeSourceCodeAccess
LogPluginManager: Mounting plugin VisualStudioSourceCodeAccess
LogPluginManager: Mounting plugin XCodeSourceCodeAccess
LogPluginManager: Mounting plugin AssetManagerEditor
LogPluginManager: Mounting plugin CryptoKeys
LogPluginManager: Mounting plugin CurveEditorTools
LogPluginManager: Mounting plugin DataValidation
LogPluginManager: Mounting plugin EditorScriptingUtilities
LogPluginManager: Mounting plugin FacialAnimation
LogPluginManager: Mounting plugin GameplayTagsEditor
LogPluginManager: Mounting plugin GeometryMode
LogPluginManager: Mounting plugin MacGraphicsSwitching
LogPluginManager: Mounting plugin MaterialAnalyzer
LogPluginManager: Mounting plugin MobileLauncherProfileWizard
LogPluginManager: Mounting plugin PluginBrowser
LogPluginManager: Mounting plugin SpeedTreeImporter
LogPluginManager: Mounting plugin DatasmithContent
LogPluginManager: Mounting plugin VariantManagerContent
LogPluginManager: Mounting plugin AlembicImporter
LogPluginManager: Mounting plugin AutomationUtils
LogPluginManager: Mounting plugin BackChannel
LogPluginManager: Mounting plugin ChaosCloth
LogPluginManager: Mounting plugin ChaosClothEditor
LogPluginManager: Mounting plugin ChaosEditor
LogPluginManager: Mounting plugin ChaosNiagara
LogPluginManager: Mounting plugin ChaosSolverPlugin
LogPluginManager: Mounting plugin CharacterAI
LogPluginManager: Mounting plugin GeometryCache
LogPluginManager: Mounting plugin GeometryCollectionPlugin
LogPluginManager: Mounting plugin GeometryProcessing
LogPluginManager: Mounting plugin PlanarCut
LogPluginManager: Mounting plugin PlatformCrypto
LogPluginManager: Mounting plugin ProxyLODPlugin
LogPluginManager: Mounting plugin SkeletalReduction
LogPluginManager: Mounting plugin Niagara
LogPluginManager: Mounting plugin MagicLeap
LogPluginManager: Mounting plugin MagicLeapLightEstimation
LogPluginManager: Mounting plugin MagicLeapMedia
LogPluginManager: Mounting plugin MagicLeapPassableWorld
LogPluginManager: Mounting plugin MLSDK
LogPluginManager: Mounting plugin AndroidMedia
LogPluginManager: Mounting plugin AvfMedia
LogPluginManager: Mounting plugin ImgMedia
LogPluginManager: Mounting plugin MediaCompositing
LogPluginManager: Mounting plugin MediaPlayerEditor
LogPluginManager: Mounting plugin WebMMedia
LogPluginManager: Mounting plugin WmfMedia
LogPluginManager: Mounting plugin MeshPainting
LogPluginManager: Mounting plugin TcpMessaging
LogPluginManager: Mounting plugin UdpMessaging
LogPluginManager: Mounting plugin ActorSequence
LogPluginManager: Mounting plugin LevelSequenceEditor
LogPluginManager: Mounting plugin MatineeToLevelSequence
LogPluginManager: Mounting plugin MovieRenderPipeline
LogPluginManager: Mounting plugin TemplateSequence
LogPluginManager: Mounting plugin NetcodeUnitTest
LogPluginManager: Mounting plugin NUTUnrealEngine4
LogPluginManager: Mounting plugin OnlineSubsystemGooglePlay
LogPluginManager: Mounting plugin OnlineSubsystemIOS
LogPluginManager: Mounting plugin OnlineSubsystem
LogPluginManager: Mounting plugin OnlineSubsystemNull
LogPluginManager: Mounting plugin OnlineSubsystemUtils
LogPluginManager: Mounting plugin LauncherChunkInstaller
LogPluginManager: Mounting plugin AndroidDeviceProfileSelector
LogPluginManager: Mounting plugin AndroidMoviePlayer
LogPluginManager: Mounting plugin AndroidPermission
LogPluginManager: Mounting plugin AppleImageUtils
LogPluginManager: Mounting plugin AppleMoviePlayer
LogPluginManager: Mounting plugin ArchVisCharacter
LogPluginManager: Mounting plugin AssetTags
LogPluginManager: Mounting plugin AudioCapture
LogPluginManager: Mounting plugin CableComponent
LogPluginManager: Mounting plugin CustomMeshComponent
LogPluginManager: Mounting plugin EditableMesh
LogPluginManager: Mounting plugin ExampleDeviceProfileSelector
LogPluginManager: Mounting plugin GoogleCloudMessaging
LogPluginManager: Mounting plugin GooglePAD
LogPluginManager: Mounting plugin IOSDeviceProfileSelector
LogPluginManager: Mounting plugin LinuxDeviceProfileSelector
LogPluginManager: Mounting plugin LocationServicesBPLibrary
LogPluginManager: Mounting plugin MobilePatchingUtils
LogPluginManager: Mounting plugin OculusVR
LogPluginManager: Mounting plugin PhysXVehicles
LogPluginManager: Mounting plugin PostSplashScreen
LogPluginManager: Mounting plugin ProceduralMeshComponent
LogPluginManager: Mounting plugin RuntimePhysXCooking
LogPluginManager: Mounting plugin SignificanceManager
LogPluginManager: Mounting plugin SoundFields
LogPluginManager: Mounting plugin SteamVR
LogPluginManager: Mounting plugin Synthesis
LogPluginManager: Mounting plugin WebMMoviePlayer
LogPluginManager: Mounting plugin WindowsMoviePlayer
LogPluginManager: Mounting plugin ScreenshotTools
LogInit: Using libcurl 7.55.1-DEV
LogInit:  - built for x86_64-pc-win32
LogInit:  - supports SSL with OpenSSL/1.1.1
LogInit:  - supports HTTP deflate (compression) using libz 1.2.8
LogInit:  - other features:
LogInit:      CURL_VERSION_SSL
LogInit:      CURL_VERSION_LIBZ
LogInit:      CURL_VERSION_IPV6
LogInit:      CURL_VERSION_ASYNCHDNS
LogInit:      CURL_VERSION_LARGEFILE
LogInit:      CURL_VERSION_IDN
LogInit:  CurlRequestOptions (configurable via config and command line):
LogInit:  - bVerifyPeer = true  - Libcurl will verify peer certificate
LogInit:  - bUseHttpProxy = true  - Libcurl will use HTTP proxy
LogInit:  - HttpProxyAddress = '192.168.6.186:8080'
LogInit:  - bDontReuseConnections = false  - Libcurl will reuse connections
LogInit:  - MaxHostConnections = 16  - Libcurl will limit the number of connections to a host
LogInit:  - LocalHostAddr = Default
LogInit:  - BufferSize = 65536
LogOnline: OSS: Creating online subsystem instance for: NULL
LogInit: WinSock: version 1.1 (2.2), MaxSocks=32767, MaxUdp=65467
LogOnline: OSS: TryLoadSubsystemAndSetDefault: Loaded subsystem for module [NULL]
LogInit: Build: ++UE4+Release-4.25-CL-13942748
LogInit: Engine Version: 4.25.3-13942748+++UE4+Release-4.25
LogInit: Compatible Engine Version: 4.25.0-13144385+++UE4+Release-4.25
LogInit: Net CL: 13144385
LogInit: OS: Windows 10 (Release 1909) (), CPU: Intel(R) Core(TM) i5-9400F CPU @ 2.90GHz, GPU: NVIDIA GeForce GTX 1660
LogInit: Compiled (64-bit): Jul 25 2020 02:07:48
LogInit: Compiled with Visual C++: 19.24.28315.00
LogInit: Build Configuration: Development
LogInit: Branch Name: ++UE4+Release-4.25
LogInit: Command Line: 
LogInit: Base Directory: C:/Program Files/Epic Games/UE_4.25/Engine/Binaries/Win64/
LogInit: Allocator: TBB
LogInit: Installed Engine Build: 1
LogDevObjectVersion: Number of dev versions registered: 26
LogDevObjectVersion:   Dev-Blueprints (B0D832E4-1F89-4F0D-ACCF-7EB736FD4AA2): 10
LogDevObjectVersion:   Dev-Build (E1C64328-A22C-4D53-A36C-8E866417BD8C): 0
LogDevObjectVersion:   Dev-Core (375EC13C-06E4-48FB-B500-84F0262A717E): 4
LogDevObjectVersion:   Dev-Editor (E4B068ED-F494-42E9-A231-DA0B2E46BB41): 38
LogDevObjectVersion:   Dev-Framework (CFFC743F-43B0-4480-9391-14DF171D2073): 37
LogDevObjectVersion:   Dev-Mobile (B02B49B5-BB20-44E9-A304-32B752E40360): 2
LogDevObjectVersion:   Dev-Networking (A4E4105C-59A1-49B5-A7C5-40C4547EDFEE): 0
LogDevObjectVersion:   Dev-Online (39C831C9-5AE6-47DC-9A44-9C173E1C8E7C): 0
LogDevObjectVersion:   Dev-Physics (78F01B33-EBEA-4F98-B9B4-84EACCB95AA2): 4
LogDevObjectVersion:   Dev-Platform (6631380F-2D4D-43E0-8009-CF276956A95A): 0
LogDevObjectVersion:   Dev-Rendering (12F88B9F-8875-4AFC-A67C-D90C383ABD29): 43
LogDevObjectVersion:   Dev-Sequencer (7B5AE74C-D270-4C10-A958-57980B212A5A): 12
LogDevObjectVersion:   Dev-VR (D7296918-1DD6-4BDD-9DE2-64A83CC13884): 3
LogDevObjectVersion:   Dev-LoadTimes (C2A15278-BFE7-4AFE-6C17-90FF531DF755): 1
LogDevObjectVersion:   Private-Geometry (6EACA3D4-40EC-4CC1-B786-8BED09428FC5): 3
LogDevObjectVersion:   Dev-AnimPhys (29E575DD-E0A3-4627-9D10-D276232CDCEA): 17
LogDevObjectVersion:   Dev-Anim (AF43A65D-7FD3-4947-9873-3E8ED9C1BB05): 7
LogDevObjectVersion:   Dev-ReflectionCapture (6B266CEC-1EC7-4B8F-A30B-E4D90942FC07): 1
LogDevObjectVersion:   Dev-Automation (0DF73D61-A23F-47EA-B727-89E90C41499A): 1
LogDevObjectVersion:   FortniteMain (601D1886-AC64-4F84-AA16-D3DE0DEAC7D6): 31
LogDevObjectVersion:   Dev-Enterprise (9DFFBCD6-494F-0158-E221-12823C92A888): 10
LogDevObjectVersion:   Dev-Niagara (F2AED0AC-9AFE-416F-8664-AA7FFA26D6FC): 1
LogDevObjectVersion:   Dev-Destruction (174F1F0B-B4C6-45A5-B13F-2EE8D0FB917D): 10
LogDevObjectVersion:   Dev-Physics-Ext (35F94A83-E258-406C-A318-09F59610247C): 37
LogDevObjectVersion:   Dev-PhysicsMaterial-Chaos (B68FC16E-8B1B-42E2-B453-215C058844FE): 1
LogDevObjectVersion:   Dev-CineCamera (B2E18506-4273-CFC2-A54E-F4BB758BBA07): 1
LogInit: Presizing for max 25165824 objects, including 0 objects not considered by GC, pre-allocating 0 bytes for permanent pool.
LogConfig: Applying CVar settings from Section [/Script/Engine.StreamingSettings] File [C:/Users/dk05253827/Documents/GitHub/FMP_YR1_Rat_Trap/FMP_Rat_Trap/Saved/Config/Windows/Engine.ini]
LogConfig: Setting CVar [[s.MinBulkDataSizeForAsyncLoading:131072]]
LogConfig: Setting CVar [[s.AsyncLoadingThreadEnabled:0]]
LogConfig: Setting CVar [[s.EventDrivenLoaderEnabled:1]]
LogConfig: Setting CVar [[s.WarnIfTimeLimitExceeded:0]]
LogConfig: Setting CVar [[s.TimeLimitExceededMultiplier:1.5]]
LogConfig: Setting CVar [[s.TimeLimitExceededMinTime:0.005]]
LogConfig: Setting CVar [[s.UseBackgroundLevelStreaming:1]]
LogConfig: Setting CVar [[s.PriorityAsyncLoadingExtraTime:15.0]]
LogConfig: Setting CVar [[s.LevelStreamingActorsUpdateTimeLimit:5.0]]
LogConfig: Setting CVar [[s.PriorityLevelStreamingActorsUpdateExtraTime:5.0]]
LogConfig: Setting CVar [[s.LevelStreamingComponentsRegistrationGranularity:10]]
LogConfig: Setting CVar [[s.UnregisterComponentsTimeLimit:1.0]]
LogConfig: Setting CVar [[s.LevelStreamingComponentsUnregistrationGranularity:5]]
LogConfig: Setting CVar [[s.FlushStreamingOnExit:1]]
LogInit: Object subsystem initialized
LogConfig: Setting CVar [[con.DebugEarlyDefault:1]]
LogConfig: Setting CVar [[r.setres:1280x720]]
[2021.05.21-09.17.29:592][  0]LogConfig: Setting CVar [[r.VSync:0]]
[2021.05.21-09.17.29:592][  0]LogConfig: Setting CVar [[r.RHICmdBypass:0]]
[2021.05.21-09.17.29:592][  0]LogConfig: Applying CVar settings from Section [/Script/Engine.RendererSettings] File [C:/Users/dk05253827/Documents/GitHub/FMP_YR1_Rat_Trap/FMP_Rat_Trap/Saved/Config/Windows/Engine.ini]
[2021.05.21-09.17.29:592][  0]LogConfig: Setting CVar [[r.GPUCrashDebugging:0]]
[2021.05.21-09.17.29:592][  0]LogConfig: Applying CVar settings from Section [/Script/Engine.RendererOverrideSettings] File [C:/Users/dk05253827/Documents/GitHub/FMP_YR1_Rat_Trap/FMP_Rat_Trap/Saved/Config/Windows/Engine.ini]
[2021.05.21-09.17.29:592][  0]LogConfig: Applying CVar settings from Section [/Script/Engine.StreamingSettings] File [C:/Users/dk05253827/Documents/GitHub/FMP_YR1_Rat_Trap/FMP_Rat_Trap/Saved/Config/Windows/Engine.ini]
[2021.05.21-09.17.29:592][  0]LogConfig: Setting CVar [[s.MinBulkDataSizeForAsyncLoading:131072]]
[2021.05.21-09.17.29:592][  0]LogConfig: Setting CVar [[s.AsyncLoadingThreadEnabled:0]]
[2021.05.21-09.17.29:592][  0]LogConfig: Setting CVar [[s.EventDrivenLoaderEnabled:1]]
[2021.05.21-09.17.29:592][  0]LogConfig: Setting CVar [[s.WarnIfTimeLimitExceeded:0]]
[2021.05.21-09.17.29:592][  0]LogConfig: Setting CVar [[s.TimeLimitExceededMultiplier:1.5]]
[2021.05.21-09.17.29:592][  0]LogConfig: Setting CVar [[s.TimeLimitExceededMinTime:0.005]]
[2021.05.21-09.17.29:592][  0]LogConfig: Setting CVar [[s.UseBackgroundLevelStreaming:1]]
[2021.05.21-09.17.29:592][  0]LogConfig: Setting CVar [[s.PriorityAsyncLoadingExtraTime:15.0]]
[2021.05.21-09.17.29:592][  0]LogConfig: Setting CVar [[s.LevelStreamingActorsUpdateTimeLimit:5.0]]
[2021.05.21-09.17.29:592][  0]LogConfig: Setting CVar [[s.PriorityLevelStreamingActorsUpdateExtraTime:5.0]]
[2021.05.21-09.17.29:592][  0]LogConfig: Setting CVar [[s.LevelStreamingComponentsRegistrationGranularity:10]]
[2021.05.21-09.17.29:592][  0]LogConfig: Setting CVar [[s.UnregisterComponentsTimeLimit:1.0]]
[2021.05.21-09.17.29:592][  0]LogConfig: Setting CVar [[s.LevelStreamingComponentsUnregistrationGranularity:5]]
[2021.05.21-09.17.29:592][  0]LogConfig: Setting CVar [[s.FlushStreamingOnExit:1]]
[2021.05.21-09.17.29:592][  0]LogConfig: Applying CVar settings from Section [/Script/Engine.GarbageCollectionSettings] File [C:/Users/dk05253827/Documents/GitHub/FMP_YR1_Rat_Trap/FMP_Rat_Trap/Saved/Config/Windows/Engine.ini]
[2021.05.21-09.17.29:592][  0]LogConfig: Setting CVar [[gc.MaxObjectsNotConsideredByGC:1]]
[2021.05.21-09.17.29:592][  0]LogConfig: Setting CVar [[gc.SizeOfPermanentObjectPool:0]]
[2021.05.21-09.17.29:592][  0]LogConfig: Setting CVar [[gc.FlushStreamingOnGC:0]]
[2021.05.21-09.17.29:592][  0]LogConfig: Setting CVar [[gc.NumRetriesBeforeForcingGC:10]]
[2021.05.21-09.17.29:592][  0]LogConfig: Setting CVar [[gc.AllowParallelGC:1]]
[2021.05.21-09.17.29:592][  0]LogConfig: Setting CVar [[gc.TimeBetweenPurgingPendingKillObjects:61.1]]
[2021.05.21-09.17.29:592][  0]LogConfig: Setting CVar [[gc.MaxObjectsInEditor:25165824]]
[2021.05.21-09.17.29:592][  0]LogConfig: Setting CVar [[gc.IncrementalBeginDestroyEnabled:1]]
[2021.05.21-09.17.29:592][  0]LogConfig: Setting CVar [[gc.CreateGCClusters:1]]
[2021.05.21-09.17.29:592][  0]LogConfig: Setting CVar [[gc.MinGCClusterSize:5]]
[2021.05.21-09.17.29:592][  0]LogConfig: Setting CVar [[gc.ActorClusteringEnabled:0]]
[2021.05.21-09.17.29:592][  0]LogConfig: Setting CVar [[gc.BlueprintClusteringEnabled:0]]
[2021.05.21-09.17.29:592][  0]LogConfig: Setting CVar [[gc.UseDisregardForGCOnDedicatedServers:0]]
[2021.05.21-09.17.29:592][  0]LogConfig: Applying CVar settings from Section [/Script/Engine.NetworkSettings] File [C:/Users/dk05253827/Documents/GitHub/FMP_YR1_Rat_Trap/FMP_Rat_Trap/Saved/Config/Windows/Engine.ini]
[2021.05.21-09.17.29:592][  0]LogConfig: Applying CVar settings from Section [/Script/UnrealEd.CookerSettings] File [C:/Users/dk05253827/Documents/GitHub/FMP_YR1_Rat_Trap/FMP_Rat_Trap/Saved/Config/Windows/Engine.ini]
[2021.05.21-09.17.29:594][  0]LogConfig: Applying CVar settings from Section [ViewDistanceQuality@3] File [C:/Users/dk05253827/Documents/GitHub/FMP_YR1_Rat_Trap/FMP_Rat_Trap/Saved/Config/Windows/Scalability.ini]
[2021.05.21-09.17.29:594][  0]LogConfig: Setting CVar [[r.SkeletalMeshLODBias:0]]
[2021.05.21-09.17.29:594][  0]LogConfig: Setting CVar [[r.ViewDistanceScale:1.0]]
[2021.05.21-09.17.29:594][  0]LogConfig: Applying CVar settings from Section [AntiAliasingQuality@3] File [C:/Users/dk05253827/Documents/GitHub/FMP_YR1_Rat_Trap/FMP_Rat_Trap/Saved/Config/Windows/Scalability.ini]
[2021.05.21-09.17.29:594][  0]LogConfig: Setting CVar [[r.PostProcessAAQuality:4]]
[2021.05.21-09.17.29:594][  0]LogConfig: Applying CVar settings from Section [ShadowQuality@3] File [C:/Users/dk05253827/Documents/GitHub/FMP_YR1_Rat_Trap/FMP_Rat_Trap/Saved/Config/Windows/Scalability.ini]
[2021.05.21-09.17.29:594][  0]LogConfig: Setting CVar [[r.LightFunctionQuality:1]]
[2021.05.21-09.17.29:594][  0]LogConfig: Setting CVar [[r.ShadowQuality:5]]
[2021.05.21-09.17.29:594][  0]LogConfig: Setting CVar [[r.Shadow.CSM.MaxCascades:10]]
[2021.05.21-09.17.29:594][  0]LogConfig: Setting CVar [[r.Shadow.MaxResolution:2048]]
[2021.05.21-09.17.29:594][  0]LogConfig: Setting CVar [[r.Shadow.MaxCSMResolution:2048]]
[2021.05.21-09.17.29:594][  0]LogConfig: Setting CVar [[r.Shadow.RadiusThreshold:0.01]]
[2021.05.21-09.17.29:594][  0]LogConfig: Setting CVar [[r.Shadow.DistanceScale:1.0]]
[2021.05.21-09.17.29:594][  0]LogConfig: Setting CVar [[r.Shadow.CSM.TransitionScale:1.0]]
[2021.05.21-09.17.29:594][  0]LogConfig: Setting CVar [[r.Shadow.PreShadowResolutionFactor:1.0]]
[2021.05.21-09.17.29:594][  0]LogConfig: Setting CVar [[r.DistanceFieldShadowing:1]]
[2021.05.21-09.17.29:594][  0]LogConfig: Setting CVar [[r.DistanceFieldAO:1]]
[2021.05.21-09.17.29:594][  0]LogConfig: Setting CVar [[r.AOQuality:2]]
[2021.05.21-09.17.29:594][  0]LogConfig: Setting CVar [[r.VolumetricFog:1]]
[2021.05.21-09.17.29:594][  0]LogConfig: Setting CVar [[r.VolumetricFog.GridPixelSize:8]]
[2021.05.21-09.17.29:594][  0]LogConfig: Setting CVar [[r.VolumetricFog.GridSizeZ:128]]
[2021.05.21-09.17.29:594][  0]LogConfig: Setting CVar [[r.VolumetricFog.HistoryMissSupersampleCount:4]]
[2021.05.21-09.17.29:594][  0]LogConfig: Setting CVar [[r.LightMaxDrawDistanceScale:1]]
[2021.05.21-09.17.29:594][  0]LogConfig: Setting CVar [[r.CapsuleShadows:1]]
[2021.05.21-09.17.29:594][  0]LogConfig: Applying CVar settings from Section [PostProcessQuality@3] File [C:/Users/dk05253827/Documents/GitHub/FMP_YR1_Rat_Trap/FMP_Rat_Trap/Saved/Config/Windows/Scalability.ini]
[2021.05.21-09.17.29:594][  0]LogConfig: Setting CVar [[r.MotionBlurQuality:4]]
[2021.05.21-09.17.29:594][  0]LogConfig: Setting CVar [[r.AmbientOcclusionMipLevelFactor:0.4]]
[2021.05.21-09.17.29:594][  0]LogConfig: Setting CVar [[r.AmbientOcclusionMaxQuality:100]]
[2021.05.21-09.17.29:594][  0]LogConfig: Setting CVar [[r.AmbientOcclusionLevels:-1]]
[2021.05.21-09.17.29:594][  0]LogConfig: Setting CVar [[r.AmbientOcclusionRadiusScale:1.0]]
[2021.05.21-09.17.29:594][  0]LogConfig: Setting CVar [[r.DepthOfFieldQuality:2]]
[2021.05.21-09.17.29:594][  0]LogConfig: Setting CVar [[r.RenderTargetPoolMin:400]]
[2021.05.21-09.17.29:594][  0]LogConfig: Setting CVar [[r.LensFlareQuality:2]]
[2021.05.21-09.17.29:594][  0]LogConfig: Setting CVar [[r.SceneColorFringeQuality:1]]
[2021.05.21-09.17.29:594][  0]LogConfig: Setting CVar [[r.EyeAdaptationQuality:2]]
[2021.05.21-09.17.29:594][  0]LogConfig: Setting CVar [[r.BloomQuality:5]]
[2021.05.21-09.17.29:594][  0]LogConfig: Setting CVar [[r.FastBlurThreshold:100]]
[2021.05.21-09.17.29:594][  0]LogConfig: Setting CVar [[r.Upscale.Quality:3]]
[2021.05.21-09.17.29:594][  0]LogConfig: Setting CVar [[r.Tonemapper.GrainQuantization:1]]
[2021.05.21-09.17.29:595][  0]LogConfig: Setting CVar [[r.LightShaftQuality:1]]
[2021.05.21-09.17.29:595][  0]LogConfig: Setting CVar [[r.Filter.SizeScale:1]]
[2021.05.21-09.17.29:595][  0]LogConfig: Setting CVar [[r.Tonemapper.Quality:5]]
[2021.05.21-09.17.29:595][  0]LogConfig: Setting CVar [[r.DOF.Gather.AccumulatorQuality:1        ; higher gathering accumulator quality]]
[2021.05.21-09.17.29:595][  0]LogConfig: Setting CVar [[r.DOF.Gather.PostfilterMethod:1          ; Median3x3 postfilering method]]
[2021.05.21-09.17.29:595][  0]LogConfig: Setting CVar [[r.DOF.Gather.EnableBokehSettings:0       ; no bokeh simulation when gathering]]
[2021.05.21-09.17.29:595][  0]LogConfig: Setting CVar [[r.DOF.Gather.RingCount:4                 ; medium number of samples when gathering]]
[2021.05.21-09.17.29:595][  0]LogConfig: Setting CVar [[r.DOF.Scatter.ForegroundCompositing:1    ; additive foreground scattering]]
[2021.05.21-09.17.29:595][  0]LogConfig: Setting CVar [[r.DOF.Scatter.BackgroundCompositing:2    ; additive background scattering]]
[2021.05.21-09.17.29:595][  0]LogConfig: Setting CVar [[r.DOF.Scatter.EnableBokehSettings:1      ; bokeh simulation when scattering]]
[2021.05.21-09.17.29:595][  0]LogConfig: Setting CVar [[r.DOF.Scatter.MaxSpriteRatio:0.1         ; only a maximum of 10% of scattered bokeh]]
[2021.05.21-09.17.29:595][  0]LogConfig: Setting CVar [[r.DOF.Recombine.Quality:1                ; cheap slight out of focus]]
[2021.05.21-09.17.29:595][  0]LogConfig: Setting CVar [[r.DOF.Recombine.EnableBokehSettings:0    ; no bokeh simulation on slight out of focus]]
[2021.05.21-09.17.29:595][  0]LogConfig: Setting CVar [[r.DOF.TemporalAAQuality:1                ; more stable temporal accumulation]]
[2021.05.21-09.17.29:595][  0]LogConfig: Setting CVar [[r.DOF.Kernel.MaxForegroundRadius:0.025]]
[2021.05.21-09.17.29:595][  0]LogConfig: Setting CVar [[r.DOF.Kernel.MaxBackgroundRadius:0.025]]
[2021.05.21-09.17.29:595][  0]LogConfig: Applying CVar settings from Section [TextureQuality@3] File [C:/Users/dk05253827/Documents/GitHub/FMP_YR1_Rat_Trap/FMP_Rat_Trap/Saved/Config/Windows/Scalability.ini]
[2021.05.21-09.17.29:595][  0]LogConfig: Setting CVar [[r.Streaming.MipBias:0]]
[2021.05.21-09.17.29:595][  0]LogConfig: Setting CVar [[r.Streaming.AmortizeCPUToGPUCopy:0]]
[2021.05.21-09.17.29:595][  0]LogConfig: Setting CVar [[r.Streaming.MaxNumTexturesToStreamPerFrame:0]]
[2021.05.21-09.17.29:595][  0]LogConfig: Setting CVar [[r.Streaming.Boost:1]]
[2021.05.21-09.17.29:595][  0]LogConfig: Setting CVar [[r.MaxAnisotropy:8]]
[2021.05.21-09.17.29:595][  0]LogConfig: Setting CVar [[r.VT.MaxAnisotropy:8]]
[2021.05.21-09.17.29:595][  0]LogConfig: Setting CVar [[r.Streaming.LimitPoolSizeToVRAM:0]]
[2021.05.21-09.17.29:595][  0]LogConfig: Setting CVar [[r.Streaming.PoolSize:1000]]
[2021.05.21-09.17.29:595][  0]LogConfig: Setting CVar [[r.Streaming.MaxEffectiveScreenSize:0]]
[2021.05.21-09.17.29:595][  0]LogConfig: Applying CVar settings from Section [EffectsQuality@3] File [C:/Users/dk05253827/Documents/GitHub/FMP_YR1_Rat_Trap/FMP_Rat_Trap/Saved/Config/Windows/Scalability.ini]
[2021.05.21-09.17.29:595][  0]LogConfig: Setting CVar [[r.TranslucencyLightingVolumeDim:64]]
[2021.05.21-09.17.29:595][  0]LogConfig: Setting CVar [[r.RefractionQuality:2]]
[2021.05.21-09.17.29:595][  0]LogConfig: Setting CVar [[r.SSR.Quality:3]]
[2021.05.21-09.17.29:595][  0]LogConfig: Setting CVar [[r.SSR.HalfResSceneColor:0]]
[2021.05.21-09.17.29:595][  0]LogConfig: Setting CVar [[r.SceneColorFormat:4]]
[2021.05.21-09.17.29:595][  0]LogConfig: Setting CVar [[r.DetailMode:2]]
[2021.05.21-09.17.29:595][  0]LogConfig: Setting CVar [[r.TranslucencyVolumeBlur:1]]
[2021.05.21-09.17.29:595][  0]LogConfig: Setting CVar [[r.MaterialQualityLevel:1 ; High quality]]
[2021.05.21-09.17.29:595][  0]LogConfig: Setting CVar [[r.SSS.Scale:1]]
[2021.05.21-09.17.29:595][  0]LogConfig: Setting CVar [[r.SSS.SampleSet:2]]
[2021.05.21-09.17.29:595][  0]LogConfig: Setting CVar [[r.SSS.Quality:1]]
[2021.05.21-09.17.29:595][  0]LogConfig: Setting CVar [[r.SSS.HalfRes:0]]
[2021.05.21-09.17.29:595][  0]LogConfig: Setting CVar [[r.SSGI.Quality:3]]
[2021.05.21-09.17.29:595][  0]LogConfig: Setting CVar [[r.EmitterSpawnRateScale:1.0]]
[2021.05.21-09.17.29:595][  0]LogConfig: Setting CVar [[r.ParticleLightQuality:2]]
[2021.05.21-09.17.29:595][  0]LogConfig: Setting CVar [[r.SkyAtmosphere.AerialPerspectiveLUT.FastApplyOnOpaque:1 ; Always have FastSkyLUT 1 in this case to avoid wrong sky]]
[2021.05.21-09.17.29:595][  0]LogConfig: Setting CVar [[r.SkyAtmosphere.AerialPerspectiveLUT.SampleCountPerSlice:1]]
[2021.05.21-09.17.29:595][  0]LogConfig: Setting CVar [[r.SkyAtmosphere.AerialPerspectiveLUT.DepthResolution:16.0]]
[2021.05.21-09.17.29:595][  0]LogConfig: Setting CVar [[r.SkyAtmosphere.FastSkyLUT:1]]
[2021.05.21-09.17.29:595][  0]LogConfig: Setting CVar [[r.SkyAtmosphere.FastSkyLUT.SampleCountMin:4.0]]
[2021.05.21-09.17.29:595][  0]LogConfig: Setting CVar [[r.SkyAtmosphere.FastSkyLUT.SampleCountMax:32.0]]
[2021.05.21-09.17.29:595][  0]LogConfig: Setting CVar [[r.SkyAtmosphere.SampleCountMin:4.0]]
[2021.05.21-09.17.29:595][  0]LogConfig: Setting CVar [[r.SkyAtmosphere.SampleCountMax:32.0]]
[2021.05.21-09.17.29:595][  0]LogConfig: Setting CVar [[r.SkyAtmosphere.TransmittanceLUT.UseSmallFormat:0]]
[2021.05.21-09.17.29:595][  0]LogConfig: Setting CVar [[r.SkyAtmosphere.TransmittanceLUT.SampleCount:10.0]]
[2021.05.21-09.17.29:595][  0]LogConfig: Setting CVar [[r.SkyAtmosphere.MultiScatteringLUT.SampleCount:15.0]]
[2021.05.21-09.17.29:595][  0]LogConfig: Applying CVar settings from Section [FoliageQuality@3] File [C:/Users/dk05253827/Documents/GitHub/FMP_YR1_Rat_Trap/FMP_Rat_Trap/Saved/Config/Windows/Scalability.ini]
[2021.05.21-09.17.29:595][  0]LogConfig: Setting CVar [[foliage.DensityScale:1.0]]
[2021.05.21-09.17.29:595][  0]LogConfig: Setting CVar [[grass.DensityScale:1.0]]
[2021.05.21-09.17.29:595][  0]LogConfig: Applying CVar settings from Section [ShadingQuality@3] File [C:/Users/dk05253827/Documents/GitHub/FMP_YR1_Rat_Trap/FMP_Rat_Trap/Saved/Config/Windows/Scalability.ini]
[2021.05.21-09.17.29:595][  0]LogConfig: Setting CVar [[r.HairStrands.SkyLighting.SampleCount:16]]
[2021.05.21-09.17.29:595][  0]LogConfig: Setting CVar [[r.HairStrands.SkyLighting.JitterIntegration:0]]
[2021.05.21-09.17.29:595][  0]LogConfig: Setting CVar [[r.HairStrands.SkyAO.SampleCount:16]]
[2021.05.21-09.17.29:595][  0]LogConfig: Setting CVar [[r.HairStrands.DeepShadow.SuperSampling:0]]
[2021.05.21-09.17.29:595][  0]LogConfig: Setting CVar [[r.HairStrands.VisibilityPPLL:0]]
[2021.05.21-09.17.29:595][  0]LogConfig: Setting CVar [[r.HairStrands.RasterizationScale:0.5]]
[2021.05.21-09.17.29:595][  0]LogConfig: Setting CVar [[r.HairStrands.VelocityRasterizationScale:1]]
[2021.05.21-09.17.29:595][  0]LogInit: Selected Device Profile: [Windows]
[2021.05.21-09.17.29:595][  0]LogInit: Applying CVar settings loaded from the selected device profile: [Windows]
[2021.05.21-09.17.29:595][  0]LogHAL: Display: Platform has ~ 16 GB [17125572608 / 17179869184 / 16], which maps to Larger [LargestMinGB=32, LargerMinGB=12, DefaultMinGB=8, SmallerMinGB=6, SmallestMinGB=0)
[2021.05.21-09.17.29:595][  0]LogInit: Going up to parent DeviceProfile []
[2021.05.21-09.17.29:595][  0]LogConfig: Applying CVar settings from Section [ViewDistanceQuality@3] File [C:/Users/dk05253827/Documents/GitHub/FMP_YR1_Rat_Trap/FMP_Rat_Trap/Saved/Config/Windows/Scalability.ini]
[2021.05.21-09.17.29:595][  0]LogConfig: Setting CVar [[r.SkeletalMeshLODBias:0]]
[2021.05.21-09.17.29:595][  0]LogConfig: Setting CVar [[r.ViewDistanceScale:1.0]]
[2021.05.21-09.17.29:595][  0]LogConfig: Applying CVar settings from Section [AntiAliasingQuality@3] File [C:/Users/dk05253827/Documents/GitHub/FMP_YR1_Rat_Trap/FMP_Rat_Trap/Saved/Config/Windows/Scalability.ini]
[2021.05.21-09.17.29:595][  0]LogConfig: Setting CVar [[r.PostProcessAAQuality:4]]
[2021.05.21-09.17.29:595][  0]LogConfig: Applying CVar settings from Section [ShadowQuality@3] File [C:/Users/dk05253827/Documents/GitHub/FMP_YR1_Rat_Trap/FMP_Rat_Trap/Saved/Config/Windows/Scalability.ini]
[2021.05.21-09.17.29:595][  0]LogConfig: Setting CVar [[r.LightFunctionQuality:1]]
[2021.05.21-09.17.29:595][  0]LogConfig: Setting CVar [[r.ShadowQuality:5]]
[2021.05.21-09.17.29:595][  0]LogConfig: Setting CVar [[r.Shadow.CSM.MaxCascades:10]]
[2021.05.21-09.17.29:595][  0]LogConfig: Setting CVar [[r.Shadow.MaxResolution:2048]]
[2021.05.21-09.17.29:595][  0]LogConfig: Setting CVar [[r.Shadow.MaxCSMResolution:2048]]
[2021.05.21-09.17.29:595][  0]LogConfig: Setting CVar [[r.Shadow.RadiusThreshold:0.01]]
[2021.05.21-09.17.29:595][  0]LogConfig: Setting CVar [[r.Shadow.DistanceScale:1.0]]
[2021.05.21-09.17.29:595][  0]LogConfig: Setting CVar [[r.Shadow.CSM.TransitionScale:1.0]]
[2021.05.21-09.17.29:595][  0]LogConfig: Setting CVar [[r.Shadow.PreShadowResolutionFactor:1.0]]
[2021.05.21-09.17.29:595][  0]LogConfig: Setting CVar [[r.DistanceFieldShadowing:1]]
[2021.05.21-09.17.29:595][  0]LogConfig: Setting CVar [[r.DistanceFieldAO:1]]
[2021.05.21-09.17.29:595][  0]LogConfig: Setting CVar [[r.AOQuality:2]]
[2021.05.21-09.17.29:595][  0]LogConfig: Setting CVar [[r.VolumetricFog:1]]
[2021.05.21-09.17.29:595][  0]LogConfig: Setting CVar [[r.VolumetricFog.GridPixelSize:8]]
[2021.05.21-09.17.29:595][  0]LogConfig: Setting CVar [[r.VolumetricFog.GridSizeZ:128]]
[2021.05.21-09.17.29:595][  0]LogConfig: Setting CVar [[r.VolumetricFog.HistoryMissSupersampleCount:4]]
[2021.05.21-09.17.29:595][  0]LogConfig: Setting CVar [[r.LightMaxDrawDistanceScale:1]]
[2021.05.21-09.17.29:595][  0]LogConfig: Setting CVar [[r.CapsuleShadows:1]]
[2021.05.21-09.17.29:595][  0]LogConfig: Applying CVar settings from Section [PostProcessQuality@3] File [C:/Users/dk05253827/Documents/GitHub/FMP_YR1_Rat_Trap/FMP_Rat_Trap/Saved/Config/Windows/Scalability.ini]
[2021.05.21-09.17.29:595][  0]LogConfig: Setting CVar [[r.MotionBlurQuality:4]]
[2021.05.21-09.17.29:595][  0]LogConfig: Setting CVar [[r.AmbientOcclusionMipLevelFactor:0.4]]
[2021.05.21-09.17.29:595][  0]LogConfig: Setting CVar [[r.AmbientOcclusionMaxQuality:100]]
[2021.05.21-09.17.29:596][  0]LogConfig: Setting CVar [[r.AmbientOcclusionLevels:-1]]
[2021.05.21-09.17.29:596][  0]LogConfig: Setting CVar [[r.AmbientOcclusionRadiusScale:1.0]]
[2021.05.21-09.17.29:596][  0]LogConfig: Setting CVar [[r.DepthOfFieldQuality:2]]
[2021.05.21-09.17.29:596][  0]LogConfig: Setting CVar [[r.RenderTargetPoolMin:400]]
[2021.05.21-09.17.29:596][  0]LogConfig: Setting CVar [[r.LensFlareQuality:2]]
[2021.05.21-09.17.29:596][  0]LogConfig: Setting CVar [[r.SceneColorFringeQuality:1]]
[2021.05.21-09.17.29:596][  0]LogConfig: Setting CVar [[r.EyeAdaptationQuality:2]]
[2021.05.21-09.17.29:596][  0]LogConfig: Setting CVar [[r.BloomQuality:5]]
[2021.05.21-09.17.29:596][  0]LogConfig: Setting CVar [[r.FastBlurThreshold:100]]
[2021.05.21-09.17.29:596][  0]LogConfig: Setting CVar [[r.Upscale.Quality:3]]
[2021.05.21-09.17.29:596][  0]LogConfig: Setting CVar [[r.Tonemapper.GrainQuantization:1]]
[2021.05.21-09.17.29:596][  0]LogConfig: Setting CVar [[r.LightShaftQuality:1]]
[2021.05.21-09.17.29:596][  0]LogConfig: Setting CVar [[r.Filter.SizeScale:1]]
[2021.05.21-09.17.29:596][  0]LogConfig: Setting CVar [[r.Tonemapper.Quality:5]]
[2021.05.21-09.17.29:596][  0]LogConfig: Setting CVar [[r.DOF.Gather.AccumulatorQuality:1        ; higher gathering accumulator quality]]
[2021.05.21-09.17.29:596][  0]LogConfig: Setting CVar [[r.DOF.Gather.PostfilterMethod:1          ; Median3x3 postfilering method]]
[2021.05.21-09.17.29:596][  0]LogConfig: Setting CVar [[r.DOF.Gather.EnableBokehSettings:0       ; no bokeh simulation when gathering]]
[2021.05.21-09.17.29:596][  0]LogConfig: Setting CVar [[r.DOF.Gather.RingCount:4                 ; medium number of samples when gathering]]
[2021.05.21-09.17.29:596][  0]LogConfig: Setting CVar [[r.DOF.Scatter.ForegroundCompositing:1    ; additive foreground scattering]]
[2021.05.21-09.17.29:596][  0]LogConfig: Setting CVar [[r.DOF.Scatter.BackgroundCompositing:2    ; additive background scattering]]
[2021.05.21-09.17.29:596][  0]LogConfig: Setting CVar [[r.DOF.Scatter.EnableBokehSettings:1      ; bokeh simulation when scattering]]
[2021.05.21-09.17.29:596][  0]LogConfig: Setting CVar [[r.DOF.Scatter.MaxSpriteRatio:0.1         ; only a maximum of 10% of scattered bokeh]]
[2021.05.21-09.17.29:596][  0]LogConfig: Setting CVar [[r.DOF.Recombine.Quality:1                ; cheap slight out of focus]]
[2021.05.21-09.17.29:596][  0]LogConfig: Setting CVar [[r.DOF.Recombine.EnableBokehSettings:0    ; no bokeh simulation on slight out of focus]]
[2021.05.21-09.17.29:596][  0]LogConfig: Setting CVar [[r.DOF.TemporalAAQuality:1                ; more stable temporal accumulation]]
[2021.05.21-09.17.29:596][  0]LogConfig: Setting CVar [[r.DOF.Kernel.MaxForegroundRadius:0.025]]
[2021.05.21-09.17.29:596][  0]LogConfig: Setting CVar [[r.DOF.Kernel.MaxBackgroundRadius:0.025]]
[2021.05.21-09.17.29:596][  0]LogConfig: Applying CVar settings from Section [TextureQuality@3] File [C:/Users/dk05253827/Documents/GitHub/FMP_YR1_Rat_Trap/FMP_Rat_Trap/Saved/Config/Windows/Scalability.ini]
[2021.05.21-09.17.29:596][  0]LogConfig: Setting CVar [[r.Streaming.MipBias:0]]
[2021.05.21-09.17.29:596][  0]LogConfig: Setting CVar [[r.Streaming.AmortizeCPUToGPUCopy:0]]
[2021.05.21-09.17.29:596][  0]LogConfig: Setting CVar [[r.Streaming.MaxNumTexturesToStreamPerFrame:0]]
[2021.05.21-09.17.29:596][  0]LogConfig: Setting CVar [[r.Streaming.Boost:1]]
[2021.05.21-09.17.29:596][  0]LogConfig: Setting CVar [[r.MaxAnisotropy:8]]
[2021.05.21-09.17.29:596][  0]LogConfig: Setting CVar [[r.VT.MaxAnisotropy:8]]
[2021.05.21-09.17.29:596][  0]LogConfig: Setting CVar [[r.Streaming.LimitPoolSizeToVRAM:0]]
[2021.05.21-09.17.29:596][  0]LogConfig: Setting CVar [[r.Streaming.PoolSize:1000]]
[2021.05.21-09.17.29:596][  0]LogConfig: Setting CVar [[r.Streaming.MaxEffectiveScreenSize:0]]
[2021.05.21-09.17.29:596][  0]LogConfig: Applying CVar settings from Section [EffectsQuality@3] File [C:/Users/dk05253827/Documents/GitHub/FMP_YR1_Rat_Trap/FMP_Rat_Trap/Saved/Config/Windows/Scalability.ini]
[2021.05.21-09.17.29:596][  0]LogConfig: Setting CVar [[r.TranslucencyLightingVolumeDim:64]]
[2021.05.21-09.17.29:596][  0]LogConfig: Setting CVar [[r.RefractionQuality:2]]
[2021.05.21-09.17.29:596][  0]LogConfig: Setting CVar [[r.SSR.Quality:3]]
[2021.05.21-09.17.29:596][  0]LogConfig: Setting CVar [[r.SSR.HalfResSceneColor:0]]
[2021.05.21-09.17.29:596][  0]LogConfig: Setting CVar [[r.SceneColorFormat:4]]
[2021.05.21-09.17.29:596][  0]LogConfig: Setting CVar [[r.DetailMode:2]]
[2021.05.21-09.17.29:596][  0]LogConfig: Setting CVar [[r.TranslucencyVolumeBlur:1]]
[2021.05.21-09.17.29:596][  0]LogConfig: Setting CVar [[r.MaterialQualityLevel:1 ; High quality]]
[2021.05.21-09.17.29:596][  0]LogConfig: Setting CVar [[r.SSS.Scale:1]]
[2021.05.21-09.17.29:596][  0]LogConfig: Setting CVar [[r.SSS.SampleSet:2]]
[2021.05.21-09.17.29:596][  0]LogConfig: Setting CVar [[r.SSS.Quality:1]]
[2021.05.21-09.17.29:596][  0]LogConfig: Setting CVar [[r.SSS.HalfRes:0]]
[2021.05.21-09.17.29:596][  0]LogConfig: Setting CVar [[r.SSGI.Quality:3]]
[2021.05.21-09.17.29:596][  0]LogConfig: Setting CVar [[r.EmitterSpawnRateScale:1.0]]
[2021.05.21-09.17.29:596][  0]LogConfig: Setting CVar [[r.ParticleLightQuality:2]]
[2021.05.21-09.17.29:596][  0]LogConfig: Setting CVar [[r.SkyAtmosphere.AerialPerspectiveLUT.FastApplyOnOpaque:1 ; Always have FastSkyLUT 1 in this case to avoid wrong sky]]
[2021.05.21-09.17.29:596][  0]LogConfig: Setting CVar [[r.SkyAtmosphere.AerialPerspectiveLUT.SampleCountPerSlice:1]]
[2021.05.21-09.17.29:596][  0]LogConfig: Setting CVar [[r.SkyAtmosphere.AerialPerspectiveLUT.DepthResolution:16.0]]
[2021.05.21-09.17.29:596][  0]LogConfig: Setting CVar [[r.SkyAtmosphere.FastSkyLUT:1]]
[2021.05.21-09.17.29:596][  0]LogConfig: Setting CVar [[r.SkyAtmosphere.FastSkyLUT.SampleCountMin:4.0]]
[2021.05.21-09.17.29:596][  0]LogConfig: Setting CVar [[r.SkyAtmosphere.FastSkyLUT.SampleCountMax:32.0]]
[2021.05.21-09.17.29:596][  0]LogConfig: Setting CVar [[r.SkyAtmosphere.SampleCountMin:4.0]]
[2021.05.21-09.17.29:596][  0]LogConfig: Setting CVar [[r.SkyAtmosphere.SampleCountMax:32.0]]
[2021.05.21-09.17.29:596][  0]LogConfig: Setting CVar [[r.SkyAtmosphere.TransmittanceLUT.UseSmallFormat:0]]
[2021.05.21-09.17.29:596][  0]LogConfig: Setting CVar [[r.SkyAtmosphere.TransmittanceLUT.SampleCount:10.0]]
[2021.05.21-09.17.29:596][  0]LogConfig: Setting CVar [[r.SkyAtmosphere.MultiScatteringLUT.SampleCount:15.0]]
[2021.05.21-09.17.29:596][  0]LogConfig: Applying CVar settings from Section [FoliageQuality@3] File [C:/Users/dk05253827/Documents/GitHub/FMP_YR1_Rat_Trap/FMP_Rat_Trap/Saved/Config/Windows/Scalability.ini]
[2021.05.21-09.17.29:596][  0]LogConfig: Setting CVar [[foliage.DensityScale:1.0]]
[2021.05.21-09.17.29:596][  0]LogConfig: Setting CVar [[grass.DensityScale:1.0]]
[2021.05.21-09.17.29:596][  0]LogConfig: Applying CVar settings from Section [ShadingQuality@3] File [C:/Users/dk05253827/Documents/GitHub/FMP_YR1_Rat_Trap/FMP_Rat_Trap/Saved/Config/Windows/Scalability.ini]
[2021.05.21-09.17.29:596][  0]LogConfig: Setting CVar [[r.HairStrands.SkyLighting.SampleCount:16]]
[2021.05.21-09.17.29:596][  0]LogConfig: Setting CVar [[r.HairStrands.SkyLighting.JitterIntegration:0]]
[2021.05.21-09.17.29:596][  0]LogConfig: Setting CVar [[r.HairStrands.SkyAO.SampleCount:16]]
[2021.05.21-09.17.29:596][  0]LogConfig: Setting CVar [[r.HairStrands.DeepShadow.SuperSampling:0]]
[2021.05.21-09.17.29:596][  0]LogConfig: Setting CVar [[r.HairStrands.VisibilityPPLL:0]]
[2021.05.21-09.17.29:596][  0]LogConfig: Setting CVar [[r.HairStrands.RasterizationScale:0.5]]
[2021.05.21-09.17.29:596][  0]LogConfig: Setting CVar [[r.HairStrands.VelocityRasterizationScale:1]]
[2021.05.21-09.17.29:596][  0]LogConfig: Applying CVar settings from Section [Startup] File [../../../Engine/Config/ConsoleVariables.ini]
[2021.05.21-09.17.29:597][  0]LogConfig: Setting CVar [[net.UseAdaptiveNetUpdateFrequency:0]]
[2021.05.21-09.17.29:597][  0]LogConfig: Setting CVar [[p.chaos.AllowCreatePhysxBodies:1]]
[2021.05.21-09.17.29:597][  0]LogConfig: Setting CVar [[fx.SkipVectorVMBackendOptimizations:1]]
[2021.05.21-09.17.29:597][  0]LogConfig: Applying CVar settings from Section [ConsoleVariables] File [C:/Users/dk05253827/Documents/GitHub/FMP_YR1_Rat_Trap/FMP_Rat_Trap/Saved/Config/Windows/Engine.ini]
[2021.05.21-09.17.29:597][  0]LogInit: Computer: A22809X
[2021.05.21-09.17.29:597][  0]LogInit: User: dk05253827
[2021.05.21-09.17.29:597][  0]LogInit: CPU Page size=4096, Cores=6
[2021.05.21-09.17.29:597][  0]LogInit: High frequency timer resolution =10.000000 MHz
[2021.05.21-09.17.29:597][  0]LogMemory: Memory total: Physical=15.9GB (16GB approx)
[2021.05.21-09.17.29:597][  0]LogMemory: Platform Memory Stats for Windows
[2021.05.21-09.17.29:597][  0]LogMemory: Process Physical Memory: 114.04 MB used, 114.04 MB peak
[2021.05.21-09.17.29:597][  0]LogMemory: Process Virtual Memory: 97.94 MB used, 97.94 MB peak
[2021.05.21-09.17.29:597][  0]LogMemory: Physical Memory: 5342.66 MB used,  10989.55 MB free, 16332.22 MB total
[2021.05.21-09.17.29:597][  0]LogMemory: Virtual Memory: 5139.24 MB used,  134212592.00 MB free, 134217728.00 MB total
[2021.05.21-09.17.29:601][  0]LogWindows: WindowsPlatformFeatures enabled
[2021.05.21-09.17.29:636][  0]LogInit: Physics initialised using underlying interface: PhysX
[2021.05.21-09.17.29:637][  0]LogInit: Using OS detected language (en-US).
[2021.05.21-09.17.29:637][  0]LogInit: Using OS detected locale (en-GB).
[2021.05.21-09.17.29:639][  0]LogTextLocalizationManager: No specific localization for 'en-US' exists, so the 'en' localization will be used.
[2021.05.21-09.17.29:777][  0]LogInit: Setting process to per monitor DPI aware
[2021.05.21-09.17.29:803][  0]LogSlate: New Slate User Created.  User Index 0, Is Virtual User: 0
[2021.05.21-09.17.29:803][  0]LogSlate: Slate User Registered.  User Index 0, Is Virtual User: 0
[2021.05.21-09.17.30:106][  0]LogHMD: Failed to initialize OpenVR with code 110
[2021.05.21-09.17.30:106][  0]LogD3D11RHI: D3D11 min allowed feature level: 11_0
[2021.05.21-09.17.30:106][  0]LogD3D11RHI: D3D11 max allowed feature level: 11_0
[2021.05.21-09.17.30:106][  0]LogD3D11RHI: D3D11 adapters:
[2021.05.21-09.17.30:174][  0]LogD3D11RHI:    0. 'NVIDIA GeForce GTX 1660' (Feature Level 11_0)
[2021.05.21-09.17.30:174][  0]LogD3D11RHI:       5991/0/8166 MB DedicatedVideo/DedicatedSystem/SharedSystem, Outputs:1, VendorId:0x10de
[2021.05.21-09.17.30:177][  0]LogD3D11RHI:    1. 'Microsoft Basic Render Driver' (Feature Level 11_0)
[2021.05.21-09.17.30:177][  0]LogD3D11RHI:       0/0/8166 MB DedicatedVideo/DedicatedSystem/SharedSystem, Outputs:0, VendorId:0x1414
[2021.05.21-09.17.30:177][  0]LogD3D11RHI: Chosen D3D11 Adapter: 0
[2021.05.21-09.17.30:181][  0]LogD3D11RHI: Creating new Direct3DDevice
[2021.05.21-09.17.30:182][  0]LogD3D11RHI:     GPU DeviceId: 0x2184 (for the marketing name, search the web for "GPU Device Id")
[2021.05.21-09.17.30:182][  0]LogWindows: EnumDisplayDevices:
[2021.05.21-09.17.30:182][  0]LogWindows:    0. 'NVIDIA GeForce GTX 1660' (P:1 D:1)
[2021.05.21-09.17.30:182][  0]LogWindows:    1. 'NVIDIA GeForce GTX 1660' (P:0 D:0)
[2021.05.21-09.17.30:182][  0]LogWindows:    2. 'NVIDIA GeForce GTX 1660' (P:0 D:0)
[2021.05.21-09.17.30:182][  0]LogWindows:    3. 'NVIDIA GeForce GTX 1660' (P:0 D:0)
[2021.05.21-09.17.30:182][  0]LogWindows: DebugString: FoundDriverCount:4 
[2021.05.21-09.17.30:182][  0]LogD3D11RHI:     Adapter Name: NVIDIA GeForce GTX 1660
[2021.05.21-09.17.30:182][  0]LogD3D11RHI:   Driver Version: 451.67 (internal:27.21.14.5167, unified:451.67)
[2021.05.21-09.17.30:182][  0]LogD3D11RHI:      Driver Date: 7-5-2020
[2021.05.21-09.17.30:182][  0]LogRHI: Texture pool is 4193 MB (70% of 5991 MB)
[2021.05.21-09.17.30:222][  0]LogD3D11RHI: RHI has support for 64 bit atomics
[2021.05.21-09.17.30:223][  0]LogD3D11RHI: [Aftermath] Enabled and primed
[2021.05.21-09.17.30:223][  0]LogD3D11RHI: Async texture creation enabled
[2021.05.21-09.17.30:223][  0]LogD3D11RHI: Array index from any shader is supported
[2021.05.21-09.17.30:236][  0]LogD3D11RHI: GPU Timing Frequency: 1000.000000 (Debug: 2 1)
[2021.05.21-09.17.30:467][  0]LogTargetPlatformManager: Display: Loaded TargetPlatform 'AllDesktop'
[2021.05.21-09.17.30:486][  0]LogTargetPlatformManager: Display: Loaded TargetPlatform 'Android'
[2021.05.21-09.17.30:486][  0]LogTargetPlatformManager: Display: Loaded TargetPlatform 'Android_ASTC'
[2021.05.21-09.17.30:486][  0]LogTargetPlatformManager: Display: Loaded TargetPlatform 'Android_DXT'
[2021.05.21-09.17.30:486][  0]LogTargetPlatformManager: Display: Loaded TargetPlatform 'Android_ETC2'
[2021.05.21-09.17.30:486][  0]LogTargetPlatformManager: Display: Loaded TargetPlatform 'AndroidClient'
[2021.05.21-09.17.30:486][  0]LogTargetPlatformManager: Display: Loaded TargetPlatform 'Android_ASTCClient'
[2021.05.21-09.17.30:486][  0]LogTargetPlatformManager: Display: Loaded TargetPlatform 'Android_DXTClient'
[2021.05.21-09.17.30:486][  0]LogTargetPlatformManager: Display: Loaded TargetPlatform 'Android_ETC2Client'
[2021.05.21-09.17.30:486][  0]LogTargetPlatformManager: Display: Loaded TargetPlatform 'Android_Multi'
[2021.05.21-09.17.30:486][  0]LogTargetPlatformManager: Display: Loaded TargetPlatform 'Android_MultiClient'
[2021.05.21-09.17.30:508][  0]LogTargetPlatformManager: Display: Loaded TargetPlatform 'IOSClient'
[2021.05.21-09.17.30:508][  0]LogTargetPlatformManager: Display: Loaded TargetPlatform 'IOS'
[2021.05.21-09.17.30:518][  0]LogTargetPlatformManager: Display: Loaded TargetPlatform 'Linux'
[2021.05.21-09.17.30:527][  0]LogTargetPlatformManager: Display: Loaded TargetPlatform 'LinuxNoEditor'
[2021.05.21-09.17.30:536][  0]LogTargetPlatformManager: Display: Loaded TargetPlatform 'LinuxClient'
[2021.05.21-09.17.30:545][  0]LogTargetPlatformManager: Display: Loaded TargetPlatform 'LinuxServer'
[2021.05.21-09.17.30:553][  0]LogTargetPlatformManager: Display: Loaded TargetPlatform 'LinuxAArch64NoEditor'
[2021.05.21-09.17.30:561][  0]LogTargetPlatformManager: Display: Loaded TargetPlatform 'LinuxAArch64Client'
[2021.05.21-09.17.30:570][  0]LogTargetPlatformManager: Display: Loaded TargetPlatform 'LinuxAArch64Server'
[2021.05.21-09.17.30:594][  0]LogTargetPlatformManager: Display: Loaded TargetPlatform 'Lumin'
[2021.05.21-09.17.30:594][  0]LogTargetPlatformManager: Display: Loaded TargetPlatform 'LuminClient'
[2021.05.21-09.17.30:609][  0]LogTargetPlatformManager: Display: Loaded TargetPlatform 'TVOSClient'
[2021.05.21-09.17.30:609][  0]LogTargetPlatformManager: Display: Loaded TargetPlatform 'TVOS'
[2021.05.21-09.17.30:617][  0]LogTargetPlatformManager: Display: Loaded TargetPlatform 'WindowsNoEditor'
[2021.05.21-09.17.30:626][  0]LogTargetPlatformManager: Display: Loaded TargetPlatform 'Windows'
[2021.05.21-09.17.30:635][  0]LogTargetPlatformManager: Display: Loaded TargetPlatform 'WindowsClient'
[2021.05.21-09.17.30:644][  0]LogTargetPlatformManager: Display: Loaded TargetPlatform 'WindowsServer'
[2021.05.21-09.17.30:644][  0]LogTargetPlatformManager: Display: Building Assets For Windows
[2021.05.21-09.17.30:653][  0]LogAudioDebug: Display: Lib vorbis DLL was dynamically loaded.
[2021.05.21-09.17.30:714][  0]LogShaderCompilers: Guid format shader working directory is -30 characters bigger than the processId version (../../../../../../Users/dk05253827/Documents/GitHub/FMP_YR1_Rat_Trap/FMP_Rat_Trap/Intermediate/Shaders/WorkingDirectory/4540/).
[2021.05.21-09.17.30:714][  0]LogShaderCompilers: Cleaned the shader compiler working directory 'C:/Users/dk05253827/AppData/Local/Temp/UnrealShaderWorkingDir/4801822E4280BA95E0D14485BE740007/'.
[2021.05.21-09.17.30:715][  0]LogXGEController: Cannot use XGE Controller as Incredibuild is not installed on this machine.
[2021.05.21-09.17.30:715][  0]LogShaderCompilers: Cannot use XGE Shader Compiler as Incredibuild is not installed on this machine.
[2021.05.21-09.17.30:715][  0]LogShaderCompilers: Display: Using Local Shader Compiler.
[2021.05.21-09.17.31:471][  0]LogDerivedDataCache: Display: Max Cache Size: 512 MB
[2021.05.21-09.17.31:511][  0]LogDerivedDataCache: Loaded boot cache 0.04s 75MB C:/Users/dk05253827/AppData/Local/UnrealEngine/4.25/DerivedDataCache/Boot.ddc.
[2021.05.21-09.17.31:511][  0]LogDerivedDataCache: Display: Loaded Boot cache: C:/Users/dk05253827/AppData/Local/UnrealEngine/4.25/DerivedDataCache/Boot.ddc
[2021.05.21-09.17.31:511][  0]LogDerivedDataCache: FDerivedDataBackendGraph:  Pak pak cache file ../../../../../../Users/dk05253827/Documents/GitHub/FMP_YR1_Rat_Trap/FMP_Rat_Trap/DerivedDataCache/DDC.ddp not found, will not use a pak cache.
[2021.05.21-09.17.31:511][  0]LogDerivedDataCache: Unable to find inner node Pak for hierarchical cache Hierarchy.
[2021.05.21-09.17.31:511][  0]LogDerivedDataCache: FDerivedDataBackendGraph:  CompressedPak pak cache file ../../../../../../Users/dk05253827/Documents/GitHub/FMP_YR1_Rat_Trap/FMP_Rat_Trap/DerivedDataCache/Compressed.ddp not found, will not use a pak cache.
[2021.05.21-09.17.31:511][  0]LogDerivedDataCache: Unable to find inner node CompressedPak for hierarchical cache Hierarchy.
[2021.05.21-09.17.31:520][  0]LogDerivedDataCache: Display: Pak cache opened for reading ../../../Engine/DerivedDataCache/Compressed.ddp.
[2021.05.21-09.17.31:520][  0]LogDerivedDataCache: FDerivedDataBackendGraph:  EnterprisePak pak cache file ../../../Enterprise/DerivedDataCache/Compressed.ddp not found, will not use a pak cache.
[2021.05.21-09.17.31:520][  0]LogDerivedDataCache: Unable to find inner node EnterprisePak for hierarchical cache Hierarchy.
[2021.05.21-09.17.31:521][  0]LogDerivedDataCache: Using Local data cache path C:/Users/dk05253827/AppData/Local/UnrealEngine/Common/DerivedDataCache: Writable
[2021.05.21-09.17.31:521][  0]LogDerivedDataCache: Shared data cache path not found in *engine.ini, will not use an Shared cache.
[2021.05.21-09.17.31:521][  0]LogDerivedDataCache: Unable to find inner node Shared for hierarchical cache Hierarchy.
[2021.05.21-09.17.31:566][  0]LogSlate: Using FreeType 2.10.0
[2021.05.21-09.17.31:567][  0]LogSlate: SlateFontServices - WITH_FREETYPE: 1, WITH_HARFBUZZ: 1
[2021.05.21-09.17.31:595][  0]LogAssetRegistry: FAssetRegistry took 0.0022 seconds to start up
[2021.05.21-09.17.31:796][  0]LogInit: Selected Device Profile: [Windows]
[2021.05.21-09.17.31:901][  0]LogMeshReduction: Using QuadricMeshReduction for automatic static mesh reduction
[2021.05.21-09.17.31:901][  0]LogMeshReduction: Using SimplygonMeshReduction for automatic skeletal mesh reduction
[2021.05.21-09.17.31:901][  0]LogMeshReduction: Using ProxyLODMeshReduction for automatic mesh merging
[2021.05.21-09.17.31:901][  0]LogMeshReduction: No distributed automatic mesh merging module available
[2021.05.21-09.17.31:901][  0]LogMeshMerging: No distributed automatic mesh merging module available
[2021.05.21-09.17.31:914][  0]LogNetVersion: FMP_Rat_Trap 1.0.0, NetCL: 13144385, EngineNetVer: 14, GameNetVer: 0 (Checksum: 2547702184)
[2021.05.21-09.17.32:343][  0]LogAISub: UAISubsystem::UAISubsystem AISubsystem (00000251C0C89BC0), frame # 0
[2021.05.21-09.17.32:343][  0]LogAISub: UAISubsystem::UAISubsystem AIPerceptionSystem (00000251C1B991C0), frame # 0
[2021.05.21-09.17.32:344][  0]LogAISub: UAISubsystem::UAISubsystem EnvQueryManager (00000251C1BEDE00), frame # 0
[2021.05.21-09.17.32:387][  0]LogPackageLocalizationCache: Processed 19 localized package path(s) for 1 prioritized culture(s) in 0.037693 seconds
[2021.05.21-09.17.32:391][  0]LogUObjectArray: 15917 objects as part of root set at end of initial load.
[2021.05.21-09.17.32:391][  0]LogUObjectAllocator: 3965568 out of 0 bytes used by permanent object pool.
[2021.05.21-09.17.32:391][  0]LogUObjectArray: CloseDisregardForGC: 0/0 objects in disregard for GC pool
[2021.05.21-09.17.32:743][  0]LogTcpMessaging: Initializing TcpMessaging bridge
[2021.05.21-09.17.32:749][  0]LogUdpMessaging: Initializing bridge on interface 0.0.0.0:0 to multicast group 230.0.0.1:6666.
[2021.05.21-09.17.32:831][  0]SourceControl: Source control is disabled
[2021.05.21-09.17.32:832][  0]LogWindows: Warning: CreateProc failed: The system cannot find the file specified. (0x00000002)
[2021.05.21-09.17.32:832][  0]LogWindows: Warning: URL: C:/Users/dk05253827/AppData/Local/Programs/Git/bin/git.exe version
[2021.05.21-09.17.32:835][  0]LogWindows: Warning: CreateProc failed: The system cannot find the file specified. (0x00000002)
[2021.05.21-09.17.32:835][  0]LogWindows: Warning: URL: C:/Users/dk05253827/AppData/Local/Programs/Git/bin/git.exe version
[2021.05.21-09.17.32:838][  0]LogWindows: Warning: CreateProc failed: The system cannot find the file specified. (0x00000002)
[2021.05.21-09.17.32:838][  0]LogWindows: Warning: URL: C:/Users/dk05253827/AppData/Local/Programs/Git/bin/git.exe version
[2021.05.21-09.17.32:846][  0]LogWindows: Warning: CreateProc failed: The system cannot find the file specified. (0x00000002)
[2021.05.21-09.17.32:846][  0]LogWindows: Warning: URL: C:/Users/dk05253827/AppData/Local/Programs/Git/bin/git.exe version
[2021.05.21-09.17.33:100][  0]LogAndroidPermission: UAndroidPermissionCallbackProxy::GetInstance
[2021.05.21-09.17.33:124][  0]LogAudioCaptureCore: Display: No Audio Capture implementations found. Audio input will be silent.
[2021.05.21-09.17.33:124][  0]LogAudioCaptureCore: Display: No Audio Capture implementations found. Audio input will be silent.
[2021.05.21-09.17.33:173][  0]LogOcInput: OculusInput pre-init called
[2021.05.21-09.17.33:183][  0]LogWindows: Failed to load 'OVRPlugin.dll' (GetLastError=126)
[2021.05.21-09.17.33:183][  0]LogWindows: File 'OVRPlugin.dll' does not exist
[2021.05.21-09.17.33:243][  0]LogEngine: Initializing Engine...
[2021.05.21-09.17.33:244][  0]LogHMD: Failed to initialize OpenVR with code 110
[2021.05.21-09.17.33:244][  0]LogMagicLeap: Warning: VR disabled because ZI is not enabled.  To enable, in the editor, Edit -> Project Settings -> Plugins -> Magic Leap Plugin -> Enable Zero Iteration
[2021.05.21-09.17.33:245][  0]LogStats: UGameplayTagsManager::InitializeManager -  0.000 s
[2021.05.21-09.17.33:348][  0]LogInit: Initializing FReadOnlyCVARCache
[2021.05.21-09.17.33:357][  0]LogAIModule: Creating AISystem for world Untitled
[2021.05.21-09.17.33:357][  0]LogAISub: UAISubsystem::UAISubsystem EnvQueryManager (00000251C30DC600), frame # 0
[2021.05.21-09.17.33:357][  0]LogAISub: UAISubsystem::UAISubsystem AIPerceptionSystem (00000251C308BB00), frame # 0
[2021.05.21-09.17.33:365][  0]LogAudioMixer: Display: Audio Mixer Platform Settings:
[2021.05.21-09.17.33:365][  0]LogAudioMixer: Display: 	Sample Rate:						  48000
[2021.05.21-09.17.33:365][  0]LogAudioMixer: Display: 	Callback Buffer Frame Size Requested: 1024
[2021.05.21-09.17.33:365][  0]LogAudioMixer: Display: 	Callback Buffer Frame Size To Use:	  1024
[2021.05.21-09.17.33:365][  0]LogAudioMixer: Display: 	Number of buffers to queue:			  2
[2021.05.21-09.17.33:365][  0]LogAudioMixer: Display: 	Max Channels (voices):				  32
[2021.05.21-09.17.33:365][  0]LogAudioMixer: Display: 	Number of Async Source Workers:		  0
[2021.05.21-09.17.33:365][  0]LogAudio: Display: AudioDevice MaxSources: 32
[2021.05.21-09.17.33:365][  0]LogAudio: Display: Using built-in audio occlusion.
[2021.05.21-09.17.33:365][  0]LogAudioMixer: Display: Initializing audio mixer.
[2021.05.21-09.17.33:373][  0]LogAudioMixer: Display: 0: FrontLeft
[2021.05.21-09.17.33:373][  0]LogAudioMixer: Display: 1: FrontRight
[2021.05.21-09.17.33:409][  0]LogAudioMixer: Display: Using Audio Device Headphones (High Definition Audio Device)
[2021.05.21-09.17.33:410][  0]LogAudioMixer: Display: Initializing Sound Submixes...
[2021.05.21-09.17.33:412][  0]LogAudioMixer: Display: Creating Master Submix 'MasterSubmixDefault'
[2021.05.21-09.17.33:412][  0]LogAudioMixer: Display: Creating Master Submix 'MasterReverbSubmixDefault'
[2021.05.21-09.17.33:413][  0]LogAudioMixer: Display: Creating Master Submix 'MasterEQSubmixDefault'
[2021.05.21-09.17.33:414][  0]LogInit: FAudioDevice initialized.
[2021.05.21-09.17.33:414][  0]LogNetVersion: Set ProjectVersion to 1.0.0.0. Version Checksum will be recalculated on next use.
[2021.05.21-09.17.33:491][  0]LogDerivedDataCache: Saved boot cache 0.08s 75MB C:/Users/dk05253827/AppData/Local/UnrealEngine/4.25/DerivedDataCache/Boot.ddc.
[2021.05.21-09.17.33:492][  0]LogInit: Texture streaming: Enabled
[2021.05.21-09.17.33:508][  0]LogEngineSessionManager: EngineSessionManager initialized
[2021.05.21-09.17.33:508][  0]LogEditorSessionSummary: Verbose: Initializing EditorSessionSummaryWriter for editor session tracking
[2021.05.21-09.17.33:514][  0]LogEditorSessionSummary: EditorSessionSummaryWriter initialized
[2021.05.21-09.17.33:559][  0]LogInit: Transaction tracking system initialized
[2021.05.21-09.17.33:582][  0]BlueprintLog: New page: Editor Load
[2021.05.21-09.17.33:655][  0]LocalizationService: Localization service is disabled
[2021.05.21-09.17.33:797][  0]LogCook: Display: Max memory allowance for cook 16384mb min free memory 0mb
[2021.05.21-09.17.33:797][  0]LogCook: Display: Mobile HDR setting 1
[2021.05.21-09.17.33:941][  0]LogFileCache: Scanning file cache for directory 'C:/Users/dk05253827/Documents/GitHub/FMP_YR1_Rat_Trap/FMP_Rat_Trap/Content/' took 0.00s
[2021.05.21-09.17.34:223][  0]LogWindows: Warning: CreateProc failed: The system cannot find the file specified. (0x00000002)
[2021.05.21-09.17.34:223][  0]LogWindows: Warning: URL: C:/Users/dk05253827/AppData/Local/Programs/Git/bin/git.exe version
[2021.05.21-09.17.34:223][  0]LogUnrealEdMisc: Loading editor; pre map load, took 5.823
[2021.05.21-09.17.34:224][  0]Cmd: MAP LOAD FILE="../../../../../../Users/dk05253827/Documents/GitHub/FMP_YR1_Rat_Trap/FMP_Rat_Trap/Content/ThirdPersonBP/Maps/ThirdPersonExampleMap.umap" TEMPLATE=0 SHOWPROGRESS=1 FEATURELEVEL=3
[2021.05.21-09.17.34:224][  0]LightingResults: New page: Lighting Build
[2021.05.21-09.17.34:225][  0]LogWorld: UWorld::CleanupWorld for Untitled, bSessionEnded=true, bCleanupResources=true
[2021.05.21-09.17.34:225][  0]LogSlate: InvalidateAllWidgets triggered.  All widgets were invalidated
[2021.05.21-09.17.34:225][  0]MapCheck: New page: Map Check
[2021.05.21-09.17.34:225][  0]LightingResults: New page: Lighting Build
[2021.05.21-09.17.34:233][  0]LogAISub: UAISubsystem::~UAISubsystem EnvQueryManager (00000251C30DC600), frame # 0
[2021.05.21-09.17.34:233][  0]LogAISub: UAISubsystem::~UAISubsystem AIPerceptionSystem (00000251C308BB00), frame # 0
[2021.05.21-09.17.34:234][  0]LogUObjectHash: Compacting FUObjectHashTables data took   0.55ms
[2021.05.21-09.17.34:728][  0]LogTexture: Display: Building textures: rat_Normal (BC5, 2048X2048)
[2021.05.21-09.17.34:728][  0]LogTexture: Display: Building textures: rat_BaseColor (AutoDXT, 2048X2048)
[2021.05.21-09.17.34:728][  0]LogMaterial: Display: Missing cached shader map for material blinn8, compiling. 
[2021.05.21-09.17.34:757][  0]LogStaticMesh: Building static mesh rat...
[2021.05.21-09.17.34:803][  0]LogShaderCompilers: Display: Worker (1/3): shaders left to compile 15
[2021.05.21-09.17.34:803][  0]LogShaderCompilers: Display: Worker (2/3): shaders left to compile 9
[2021.05.21-09.17.34:803][  0]LogShaderCompilers: Display: Worker (3/3): shaders left to compile 3
[2021.05.21-09.17.34:803][  0]LogStaticMesh: Built static mesh [0.05s] /Game/assets/rat.rat
[2021.05.21-09.17.34:830][  0]LogMaterial: Display: Missing cached shader map for material pink, compiling. 
[2021.05.21-09.17.34:846][  0]LogAIModule: Creating AISystem for world ThirdPersonExampleMap
[2021.05.21-09.17.34:846][  0]LogAISub: UAISubsystem::UAISubsystem EnvQueryManager (00000251B3A62400), frame # 0
[2021.05.21-09.17.34:846][  0]LogAISub: UAISubsystem::UAISubsystem AIPerceptionSystem (00000251B824D6C0), frame # 0
[2021.05.21-09.17.34:853][  0]LogEditorServer: Finished looking for orphan Actors (0.000 secs)
[2021.05.21-09.17.34:868][  0]LogUObjectHash: Compacting FUObjectHashTables data took   0.74ms
[2021.05.21-09.17.34:868][  0]Cmd: MAP CHECKDEP NOCLEARLOG
[2021.05.21-09.17.34:868][  0]MapCheck: Map check complete: 0 Error(s), 0 Warning(s), took 0.067ms to complete.
[2021.05.21-09.17.34:868][  0]LogFileHelpers: Loading map 'ThirdPersonExampleMap' took 0.645
[2021.05.21-09.17.34:870][  0]LogUnrealEdMisc: Total Editor Startup Time, took 6.470
[2021.05.21-09.17.35:067][  0]LogSlate: Updating window title bar state: overlay mode, drag disabled, window buttons hidden, title bar hidden
[2021.05.21-09.17.35:073][  0]LogSlate: Updating window title bar state: overlay mode, drag disabled, window buttons hidden, title bar hidden
[2021.05.21-09.17.35:080][  0]LogSlate: Updating window title bar state: overlay mode, drag disabled, window buttons hidden, title bar hidden
[2021.05.21-09.17.35:086][  0]LogSlate: Updating window title bar state: overlay mode, drag disabled, window buttons hidden, title bar hidden
[2021.05.21-09.17.35:095][  0]LogCollectionManager: Loaded 0 collections in 0.001112 seconds
[2021.05.21-09.17.35:108][  0]LogFileCache: Scanning file cache for directory 'C:/Users/dk05253827/Documents/GitHub/FMP_YR1_Rat_Trap/FMP_Rat_Trap/Saved/Collections/' took 0.00s
[2021.05.21-09.17.35:108][  0]LogFileCache: Scanning file cache for directory 'C:/Users/dk05253827/Documents/GitHub/FMP_YR1_Rat_Trap/FMP_Rat_Trap/Content/Developers/dk05253827/Collections/' took 0.00s
[2021.05.21-09.17.35:108][  0]LogFileCache: Scanning file cache for directory 'C:/Users/dk05253827/Documents/GitHub/FMP_YR1_Rat_Trap/FMP_Rat_Trap/Content/Collections/' took 0.00s
[2021.05.21-09.17.35:108][  0]LogContentBrowser: Native class hierarchy populated in 0.0077 seconds. Added 3427 classes and 821 folders.
[2021.05.21-09.17.35:110][  0]LogContentBrowser: Native class hierarchy updated for 'WidgetCarousel' in 0.0002 seconds. Added 0 classes and 0 folders.
[2021.05.21-09.17.35:168][  0]LogContentBrowser: Native class hierarchy updated for 'AddContentDialog' in 0.0002 seconds. Added 0 classes and 0 folders.
[2021.05.21-09.17.35:169][  0]LogContentBrowser: Native class hierarchy updated for 'SceneOutliner' in 0.0002 seconds. Added 2 classes and 0 folders.
[2021.05.21-09.17.35:203][  0]LogSlate: Took 0.000649 seconds to synchronously load lazily loaded font '../../../Engine/Content/Slate/Fonts/Roboto-Regular.ttf' (155K)
[2021.05.21-09.17.35:204][  0]LogSlate: Took 0.000341 seconds to synchronously load lazily loaded font '../../../Engine/Content/Slate/Fonts/Roboto-Bold.ttf' (160K)
[2021.05.21-09.17.35:208][  0]LogSlate: Took 0.000319 seconds to synchronously load lazily loaded font '../../../Engine/Content/Editor/Slate/Fonts/FontAwesome.ttf' (139K)
[2021.05.21-09.17.35:264][  0]LogRenderer: Reallocating scene render targets to support 1208x572 Format 10 NumSamples 1 (Frame:1).
[2021.05.21-09.17.35:372][  0]LogContentBrowser: Native class hierarchy updated for 'HierarchicalLODOutliner' in 0.0002 seconds. Added 0 classes and 0 folders.
[2021.05.21-09.17.35:372][  0]LogLoad: (Engine Initialization) Total time: 6.97 seconds
[2021.05.21-09.17.35:372][  0]LogLoad: (Engine Initialization) Total Blueprint compile time: 0.00 seconds
[2021.05.21-09.17.35:414][  0]LogAssetRegistry: Asset discovery search completed in 3.8198 seconds
[2021.05.21-09.17.35:417][  0]LogCollectionManager: Fixed up redirectors for 0 collections in 0.000002 seconds (updated 0 objects)
[2021.05.21-09.17.35:419][  0]LogContentStreaming: Texture pool size now 1000 MB
[2021.05.21-09.17.35:526][  0]LogSlate: Took 0.000307 seconds to synchronously load lazily loaded font '../../../Engine/Content/Slate/Fonts/Roboto-Light.ttf' (167K)
[2021.05.21-09.17.37:656][247]LogShaderCompilers: Display: Worker (1/3): shaders left to compile 15
[2021.05.21-09.17.37:738][256]LogShaderCompilers: Display: Worker (2/3): shaders left to compile 7
[2021.05.21-09.17.39:018][410]LogShaderCompilers: Display: Worker (2/3): shaders left to compile 3
[2021.05.21-09.17.39:352][450]LogShaderCompilers: Display: Worker (2/3): shaders left to compile 1
[2021.05.21-09.19.36:126][453]LogTemp: Repeating last play command: Selected Viewport
[2021.05.21-09.19.36:142][453]LogPlayLevel: PlayLevel: No blueprints needed recompiling
[2021.05.21-09.19.36:143][453]PIE: New page: PIE session: ThirdPersonExampleMap (21 May 2021, 11:19:36)
[2021.05.21-09.19.36:144][453]LogOnline: OSS: Creating online subsystem instance for: NULL
[2021.05.21-09.19.36:144][453]LogOnline: OSS: TryLoadSubsystemAndSetDefault: Loaded subsystem for module [NULL]
[2021.05.21-09.19.36:144][453]LogPlayLevel: Creating play world package: /Game/ThirdPersonBP/Maps/UEDPIE_0_ThirdPersonExampleMap
[2021.05.21-09.19.36:157][453]LogPlayLevel: PIE: StaticDuplicateObject took: (0.012311s)
[2021.05.21-09.19.36:158][453]LogAIModule: Creating AISystem for world ThirdPersonExampleMap
[2021.05.21-09.19.36:158][453]LogAISub: UAISubsystem::UAISubsystem EnvQueryManager (00000251B81ECC00), frame # 14453
[2021.05.21-09.19.36:158][453]LogAISub: UAISubsystem::UAISubsystem AIPerceptionSystem (00000251C80A1940), frame # 14453
[2021.05.21-09.19.36:158][453]LogPlayLevel: PIE: World Init took: (0.001386s)
[2021.05.21-09.19.36:158][453]LogPlayLevel: PIE: Created PIE world by copying editor world from /Game/ThirdPersonBP/Maps/ThirdPersonExampleMap.ThirdPersonExampleMap to /Game/ThirdPersonBP/Maps/UEDPIE_0_ThirdPersonExampleMap.ThirdPersonExampleMap (0.013857s)
[2021.05.21-09.19.36:168][453]LogUObjectHash: Compacting FUObjectHashTables data took   0.54ms
[2021.05.21-09.19.36:169][453]LogAudioMixer: Display: Audio Mixer Platform Settings:
[2021.05.21-09.19.36:169][453]LogAudioMixer: Display: 	Sample Rate:						  48000
[2021.05.21-09.19.36:169][453]LogAudioMixer: Display: 	Callback Buffer Frame Size Requested: 1024
[2021.05.21-09.19.36:169][453]LogAudioMixer: Display: 	Callback Buffer Frame Size To Use:	  1024
[2021.05.21-09.19.36:169][453]LogAudioMixer: Display: 	Number of buffers to queue:			  2
[2021.05.21-09.19.36:169][453]LogAudioMixer: Display: 	Max Channels (voices):				  32
[2021.05.21-09.19.36:169][453]LogAudioMixer: Display: 	Number of Async Source Workers:		  0
[2021.05.21-09.19.36:169][453]LogAudio: Display: AudioDevice MaxSources: 32
[2021.05.21-09.19.36:169][453]LogAudio: Display: Using built-in audio occlusion.
[2021.05.21-09.19.36:169][453]LogAudioMixer: Display: Initializing audio mixer.
[2021.05.21-09.19.36:172][453]LogAudioMixer: Display: 0: FrontLeft
[2021.05.21-09.19.36:172][453]LogAudioMixer: Display: 1: FrontRight
[2021.05.21-09.19.36:184][453]LogAudioMixer: Display: Using Audio Device Headphones (High Definition Audio Device)
[2021.05.21-09.19.36:184][453]LogAudioMixer: Display: Initializing Sound Submixes...
[2021.05.21-09.19.36:185][453]LogAudioMixer: Display: Creating Master Submix 'MasterSubmixDefault'
[2021.05.21-09.19.36:185][453]LogAudioMixer: Display: Creating Master Submix 'MasterReverbSubmixDefault'
[2021.05.21-09.19.36:185][453]LogAudioMixer: Display: Creating Master Submix 'MasterEQSubmixDefault'
[2021.05.21-09.19.36:196][453]LogInit: FAudioDevice initialized.
[2021.05.21-09.19.36:200][453]LogLoad: Game class is 'mainmenugamemode_C'
[2021.05.21-09.19.36:202][453]LogWorld: Bringing World /Game/ThirdPersonBP/Maps/UEDPIE_0_ThirdPersonExampleMap.ThirdPersonExampleMap up for play (max tick rate 0) at 2021.05.21-10.19.36
[2021.05.21-09.19.36:202][453]LogWorld: Bringing up level for play took: 0.001187
[2021.05.21-09.19.36:202][453]LogOnline: OSS: Creating online subsystem instance for: :Context_3
[2021.05.21-09.19.36:205][453]LogContentBrowser: Native class hierarchy updated for 'MovieSceneCapture' in 0.0003 seconds. Added 20 classes and 0 folders.
[2021.05.21-09.19.36:206][453]PIE: Server logged in
[2021.05.21-09.19.36:207][453]PIE: Play in editor total start time 0.068 seconds.
[2021.05.21-09.19.37:398][592]LogNet: Browse: /Game/maze-1
[2021.05.21-09.19.37:398][592]LogLoad: LoadMap: /Game/maze-1
[2021.05.21-09.19.37:398][592]LogWorld: BeginTearingDown for /Game/ThirdPersonBP/Maps/UEDPIE_0_ThirdPersonExampleMap
[2021.05.21-09.19.37:398][592]LogWorld: UWorld::CleanupWorld for ThirdPersonExampleMap, bSessionEnded=true, bCleanupResources=true
[2021.05.21-09.19.37:398][592]LogSlate: InvalidateAllWidgets triggered.  All widgets were invalidated
[2021.05.21-09.19.37:452][592]LogAISub: UAISubsystem::~UAISubsystem AIPerceptionSystem (00000251C80A1940), frame # 14592
[2021.05.21-09.19.37:452][592]LogAISub: UAISubsystem::~UAISubsystem EnvQueryManager (00000251B81ECC00), frame # 14592
[2021.05.21-09.19.37:453][592]LogUObjectHash: Compacting FUObjectHashTables data took   0.79ms
[2021.05.21-09.19.37:516][592]LogLinker: Warning: While loading '../../../../../../Users/dk05253827/Documents/GitHub/FMP_YR1_Rat_Trap/FMP_Rat_Trap/Content/maze-1.umap' failed to load '/Game/maze-1_BuiltData': Can't find file.
[2021.05.21-09.19.37:516][592]LogLinker: Warning: While loading '../../../../../../Users/dk05253827/Documents/GitHub/FMP_YR1_Rat_Trap/FMP_Rat_Trap/Content/maze-1.umap' failed to load '/Game/maze-1_BuiltData': Can't find file.
[2021.05.21-09.19.37:525][592]LogLinker: Warning: While loading '../../../../../../Users/dk05253827/Documents/GitHub/FMP_YR1_Rat_Trap/FMP_Rat_Trap/Content/maze-1.umap' failed to load '/Game/maze-1_BuiltData': Can't find file.
[2021.05.21-09.19.37:525][592]LogLinker: Warning: While loading '../../../../../../Users/dk05253827/Documents/GitHub/FMP_YR1_Rat_Trap/FMP_Rat_Trap/Content/maze-1.umap' failed to load '/Game/maze-1_BuiltData': Can't find file.
[2021.05.21-09.19.37:559][592]LogLinker: Warning: While loading '../../../../../../Users/dk05253827/Documents/GitHub/FMP_YR1_Rat_Trap/FMP_Rat_Trap/Content/maze-1.umap' failed to load '/Game/maze-1_BuiltData': Can't find file.
[2021.05.21-09.19.37:559][592]LoadErrors: Failed to load /Game/maze-1_BuiltData.maze-1_BuiltData Referenced by PersistentLevel
[2021.05.21-09.19.37:560][592]LogLinker: Warning: While loading '../../../../../../Users/dk05253827/Documents/GitHub/FMP_YR1_Rat_Trap/FMP_Rat_Trap/Content/maze-1.umap' failed to load '/Game/maze-1_BuiltData': Can't find file.
[2021.05.21-09.19.37:580][592]LogStaticMesh: Building static mesh cheese_texture...
[2021.05.21-09.19.37:652][592]LogTexture: Display: Building textures: crum_Normal (BC5, 2048X2048)
[2021.05.21-09.19.37:652][592]LogTexture: Display: Building textures: cheese_BaseColor (AutoDXT, 2048X2048)
[2021.05.21-09.19.37:652][592]LogTexture: Display: Building textures: cheese_Normal (BC5, 2048X2048)
[2021.05.21-09.19.37:652][592]LogStaticMesh: Built static mesh [0.07s] /Game/assets/cheese_texture.cheese_texture
[2021.05.21-09.19.37:669][592]LogStaticMesh: Building static mesh crum...
[2021.05.21-09.19.37:686][592]LogStaticMesh: Built static mesh [0.02s] /Game/assets/crum.crum
[2021.05.21-09.19.37:976][592]LogTexture: Display: Building textures: moveable_boxes_BaseColor (AutoDXT, 2048X2048)
[2021.05.21-09.19.37:976][592]LogStaticMesh: Building static mesh cheese_wheel...
[2021.05.21-09.19.37:984][592]LogStaticMesh: Built static mesh [0.01s] /Game/assets/cheese_wheel.cheese_wheel
[2021.05.21-09.19.38:023][592]LogTexture: Display: Building textures: crum_BaseColor (AutoDXT, 2048X2048)
[2021.05.21-09.19.38:023][592]LogTexture: Display: Building textures: wheel_o_cheese_BaseColor (AutoDXT, 2048X2048)
[2021.05.21-09.19.38:534][592]LogTexture: Display: Building textures: moveable_boxes_Normal (BC5, 2048X2048)
[2021.05.21-09.19.38:534][592]LogTexture: Display: Building textures: wheel_o_cheese_Normal (BC5, 2048X2048)
[2021.05.21-09.19.38:534][592]LogTexture: Display: Building textures: box_Normal (BC5, 2048X2048)
[2021.05.21-09.19.38:534][592]LogMaterial: Display: Missing cached shader map for material wheel_o_cheese, compiling. 
[2021.05.21-09.19.38:542][592]LogMaterial: Display: Missing cached shader map for material ccheese, compiling. 
[2021.05.21-09.19.39:641][592]LogShaderCompilers: Display: Worker (1/3): shaders left to compile 30
[2021.05.21-09.19.39:641][592]LogShaderCompilers: Display: Worker (2/3): shaders left to compile 20
[2021.05.21-09.19.39:641][592]LogTexture: Display: Building textures: hook_target_Normal (BC5, 2048X2048)
[2021.05.21-09.19.39:641][592]LogTexture: Display: Building textures: box_BaseColor (AutoDXT, 2048X2048)
[2021.05.21-09.19.39:641][592]LogTexture: Display: Building textures: hook_target_BaseColor (AutoDXT, 2048X2048)
[2021.05.21-09.19.39:641][592]LogMaterial: Display: Missing cached shader map for material moveable_boxes, compiling. 
[2021.05.21-09.19.39:648][592]LogStaticMesh: Building static mesh moveable_box...
[2021.05.21-09.19.39:823][592]LogStaticMesh: Built static mesh [0.17s] /Game/assets/moveable_box.moveable_box
[2021.05.21-09.19.39:834][592]LogMaterial: Display: Missing cached shader map for material crum1, compiling. 
[2021.05.21-09.19.39:950][592]LogStaticMesh: Building static mesh box...
[2021.05.21-09.19.39:963][592]LogStaticMesh: Built static mesh [0.01s] /Game/assets/box.box
[2021.05.21-09.19.39:964][592]LogStaticMesh: Building static mesh hook_target...
[2021.05.21-09.19.39:982][592]LogStaticMesh: Built static mesh [0.02s] /Game/obsticals/hook_target.hook_target
[2021.05.21-09.19.40:413][592]LogMaterial: Display: Missing cached shader map for material blinn10, compiling. 
[2021.05.21-09.19.40:421][592]LogMaterial: Display: Missing cached shader map for material blinn12, compiling. 
[2021.05.21-09.19.40:460][592]LogMaterial: Display: Missing cached shader map for material NewMaterial, compiling. 
[2021.05.21-09.19.40:467][592]LogMaterial: Display: Missing cached shader map for material wight_, compiling. 
[2021.05.21-09.19.40:475][592]LogMaterial: Display: Missing cached shader map for material oringe, compiling. 
[2021.05.21-09.19.40:498][592]LogAIModule: Creating AISystem for world maze-1
[2021.05.21-09.19.40:498][592]LogAISub: UAISubsystem::UAISubsystem EnvQueryManager (0000025205583E00), frame # 14592
[2021.05.21-09.19.40:498][592]LogAISub: UAISubsystem::UAISubsystem AIPerceptionSystem (000002520558BB00), frame # 14592
[2021.05.21-09.19.40:512][592]LogLoad: Game class is 'ThirdPersonGameMode_C'
[2021.05.21-09.19.40:562][592]LogWorld: Bringing World /Game/UEDPIE_0_maze-1.maze-1 up for play (max tick rate 0) at 2021.05.21-10.19.40
[2021.05.21-09.19.40:563][592]LogWorld: Bringing up level for play took: 0.049536
[2021.05.21-09.19.40:568][592]LogLoad: Took 3.169265 seconds to LoadMap(/Game/maze-1)
[2021.05.21-09.19.41:806][696]LogShaderCompilers: Display: Worker (2/3): shaders left to compile 115
[2021.05.21-09.19.42:214][717]LogShaderCompilers: Display: Worker (1/3): shaders left to compile 105
[2021.05.21-09.19.44:584][998]LogShaderCompilers: Display: Worker (2/3): shaders left to compile 95
[2021.05.21-09.19.45:517][110]LogShaderCompilers: Display: Worker (1/3): shaders left to compile 85
[2021.05.21-09.19.47:084][292]LogShaderCompilers: Display: Worker (2/3): shaders left to compile 75
[2021.05.21-09.19.48:323][439]LogShaderCompilers: Display: Worker (1/3): shaders left to compile 65
[2021.05.21-09.19.50:407][689]LogShaderCompilers: Display: Worker (2/3): shaders left to compile 55
[2021.05.21-09.19.50:863][738]LogShaderCompilers: Display: Worker (1/3): shaders left to compile 45
[2021.05.21-09.19.51:042][754]LogSlate: Updating window title bar state: overlay mode, drag disabled, window buttons hidden, title bar hidden
[2021.05.21-09.19.51:042][754]LogWorld: BeginTearingDown for /Game/UEDPIE_0_maze-1
[2021.05.21-09.19.51:042][754]LogWorld: UWorld::CleanupWorld for maze-1, bSessionEnded=true, bCleanupResources=true
[2021.05.21-09.19.51:043][754]LogSlate: InvalidateAllWidgets triggered.  All widgets were invalidated
[2021.05.21-09.19.51:051][754]LogPlayLevel: Display: Shutting down PIE online subsystems
[2021.05.21-09.19.51:053][754]LogSlate: InvalidateAllWidgets triggered.  All widgets were invalidated
[2021.05.21-09.19.51:075][754]LogSlate: Updating window title bar state: overlay mode, drag disabled, window buttons hidden, title bar hidden
[2021.05.21-09.19.51:081][754]LogAISub: UAISubsystem::~UAISubsystem EnvQueryManager (0000025205583E00), frame # 15754
[2021.05.21-09.19.51:081][754]LogAISub: UAISubsystem::~UAISubsystem AIPerceptionSystem (000002520558BB00), frame # 15754
[2021.05.21-09.19.51:082][754]LogUObjectHash: Compacting FUObjectHashTables data took   0.80ms
[2021.05.21-09.19.51:105][755]LogPlayLevel: Display: Destroying online subsystem :Context_3
[2021.05.21-09.19.53:221][  1]MapCheck: New page: Map Check
[2021.05.21-09.19.53:234][  1]Cmd: MAP REBUILD ALLVISIBLE
[2021.05.21-09.19.53:234][  1]LogEditorServer: Rebuildmap Clear paths rebuilt
[2021.05.21-09.19.53:239][  1]LogWorld: UWorld::CleanupWorld for ThirdPersonExampleMap, bSessionEnded=true, bCleanupResources=false
[2021.05.21-09.19.53:250][  1]LogNavigationDataBuild: Display: UNavigationSystemV1::Build started...
[2021.05.21-09.19.53:250][  1]LogNavigationDataBuild: Display:    Building navigation data using PHYSICS_INTERFACE_PHYSX.
[2021.05.21-09.19.53:250][  1]LogNavigationDataBuild: Display:    Building navigation data using WITH_PHYSX.
[2021.05.21-09.19.53:259][  1]LogUObjectHash: Compacting FUObjectHashTables data took   0.59ms
[2021.05.21-09.19.57:429][  1]LogShaderCompilers: Display: Worker (2/3): shaders left to compile 35
[2021.05.21-09.19.57:429][  1]LogShaderCompilers: Display: Worker (1/3): shaders left to compile 25
[2021.05.21-09.19.57:429][  1]LogShaderCompilers: Display: Worker (2/3): shaders left to compile 15
[2021.05.21-09.19.57:429][  1]LogShaderCompilers: Display: Worker (1/3): shaders left to compile 7
[2021.05.21-09.19.57:429][  1]LogShaderCompilers: Display: Worker (2/3): shaders left to compile 3
[2021.05.21-09.19.57:429][  1]LogShaderCompilers: Display: Worker (1/3): shaders left to compile 1
[2021.05.21-09.19.57:429][  1]LogMaterial: Display: Missing cached shader map for material DebugViewMode MaterialTexCoordScale, compiling. 
[2021.05.21-09.19.57:432][  1]LogMaterial: Display: Missing cached shader map for material DebugViewMode MaterialTexCoordScale, compiling. 
[2021.05.21-09.19.57:434][  1]LogShaderCompilers: Display: Worker (1/3): shaders left to compile 2
[2021.05.21-09.19.57:434][  1]LogShaderCompilers: Display: Worker (2/3): shaders left to compile 1
[2021.05.21-09.19.57:434][  1]LogMaterial: Display: Missing cached shader map for material DebugViewMode MaterialTexCoordScale, compiling. 
[2021.05.21-09.19.57:435][  1]LogMaterial: Display: Missing cached shader map for material DebugViewMode MaterialTexCoordScale, compiling. 
[2021.05.21-09.19.57:436][  1]LogMaterial: Display: Missing cached shader map for material DebugViewMode MaterialTexCoordScale, compiling. 
[2021.05.21-09.19.57:437][  1]LogMaterial: Display: Missing cached shader map for material DebugViewMode MaterialTexCoordScale, compiling. 
[2021.05.21-09.19.57:438][  1]LogMaterial: Display: Missing cached shader map for material DebugViewMode MaterialTexCoordScale, compiling. 
[2021.05.21-09.19.57:441][  1]LogMaterial: Display: Missing cached shader map for material DebugViewMode MaterialTexCoordScale, compiling. 
[2021.05.21-09.19.57:444][  1]LogMaterial: Display: Missing cached shader map for material DebugViewMode MaterialTexCoordScale, compiling. 
[2021.05.21-09.19.57:445][  1]LogMaterial: Display: Missing cached shader map for material DebugViewMode MaterialTexCoordScale, compiling. 
[2021.05.21-09.19.59:086][  1]LogShaderCompilers: Display: Worker (2/3): shaders left to compile 18
[2021.05.21-09.19.59:087][  1]LogShaderCompilers: Display: Worker (1/3): shaders left to compile 17
[2021.05.21-09.19.59:087][  1]LogShaderCompilers: Display: Worker (2/3): shaders left to compile 16
[2021.05.21-09.19.59:087][  1]LogShaderCompilers: Display: Worker (1/3): shaders left to compile 15
[2021.05.21-09.19.59:087][  1]LogShaderCompilers: Display: Worker (2/3): shaders left to compile 14
[2021.05.21-09.19.59:087][  1]LogShaderCompilers: Display: Worker (1/3): shaders left to compile 13
[2021.05.21-09.19.59:087][  1]LogShaderCompilers: Display: Worker (2/3): shaders left to compile 12
[2021.05.21-09.19.59:087][  1]LogShaderCompilers: Display: Worker (2/3): shaders left to compile 11
[2021.05.21-09.19.59:087][  1]LogShaderCompilers: Display: Worker (1/3): shaders left to compile 10
[2021.05.21-09.19.59:087][  1]LogShaderCompilers: Display: Worker (1/3): shaders left to compile 9
[2021.05.21-09.19.59:087][  1]LogShaderCompilers: Display: Worker (2/3): shaders left to compile 8
[2021.05.21-09.19.59:087][  1]LogShaderCompilers: Display: Worker (1/3): shaders left to compile 7
[2021.05.21-09.19.59:087][  1]LogShaderCompilers: Display: Worker (2/3): shaders left to compile 6
[2021.05.21-09.19.59:087][  1]LogShaderCompilers: Display: Worker (1/3): shaders left to compile 5
[2021.05.21-09.19.59:087][  1]LogShaderCompilers: Display: Worker (2/3): shaders left to compile 4
[2021.05.21-09.19.59:087][  1]LogShaderCompilers: Display: Worker (1/3): shaders left to compile 3
[2021.05.21-09.19.59:087][  1]LogShaderCompilers: Display: Worker (2/3): shaders left to compile 2
[2021.05.21-09.19.59:087][  1]LogShaderCompilers: Display: Worker (1/3): shaders left to compile 1
[2021.05.21-09.19.59:087][  1]TextureStreamingBuild: Display: Compiling optional shaders took 1.661 seconds.
[2021.05.21-09.19.59:101][  1]LogLevel: Display: Export Material TexCoord Scales took 0.014 seconds.
[2021.05.21-09.19.59:102][  1]TextureStreamingBuild: Display: Build Texture Streaming took 0.001 seconds.
[2021.05.21-09.19.59:109][  1]LogUObjectHash: Compacting FUObjectHashTables data took   0.20ms
[2021.05.21-09.19.59:113][  1]LightingResults: New page: Lighting Build - 21 May 2021, 11:19:59
[2021.05.21-09.19.59:174][  1]LogSwarmInterface: [OpenConnection] Registering TCP channel ...
[2021.05.21-09.19.59:273][  1]LogSwarmInterface: [OpenConnection] Connecting to agent ...
[2021.05.21-09.19.59:284][  1]LogSwarmInterface: [TryOpenConnection] Testing the Agent
[2021.05.21-09.19.59:792][  1]LogSwarmInterface: [TryOpenConnection] Opening Connection to Agent
[2021.05.21-09.19.59:792][  1]LogSwarmInterface: [TryOpenConnection] Local Process ID is 4540
[2021.05.21-09.20.02:179][  1]LogStaticLightingSystem: Running Lightmass w/ ImmediateImport mode ENABLED
[2021.05.21-09.20.02:179][  1]LogStaticLightingSystem: Running Lightmass w/ ImmediateProcess mode ENABLED
[2021.05.21-09.20.02:179][  1]LogStaticLightingSystem: Running Lightmass w/ Sorting mode ENABLED
[2021.05.21-09.20.02:179][  1]LogStaticLightingSystem: Running Lightmass w/ Mapping paddings ENABLED
[2021.05.21-09.20.02:179][  1]LogStaticLightingSystem: Running Lightmass w/ Mapping debug paddings DISABLED
[2021.05.21-09.20.02:317][  1]Cmd: MAP CHECK DONTDISPLAYDIALOG
[2021.05.21-09.20.02:317][  1]MapCheck: New page: ThirdPersonExampleMap - 21 May 2021, 11:20:02
[2021.05.21-09.20.02:317][  1]MapCheck: Error: WorldInfo_0 Maps need lighting rebuilt 
[2021.05.21-09.20.02:317][  1]MapCheck: Map check complete: 1 Error(s), 0 Warning(s), took 0.326ms to complete.
[2021.05.21-09.20.02:319][  1]LogEditorBuildUtils: Build time 0:09
[2021.05.21-09.20.02:380][  1]LogMaterial: Display: Missing cached shader map for material FLightmassMaterialRenderer MaterialInstanceDynamic_0, compiling. 
[2021.05.21-09.20.02:382][  1]LogMaterial: Display: Missing cached shader map for material FLightmassMaterialRenderer MaterialInstanceDynamic_0, compiling. 
[2021.05.21-09.20.02:385][  1]LogMaterial: Display: Missing cached shader map for material FLightmassMaterialRenderer CubeMaterial, compiling. 
[2021.05.21-09.20.02:387][  1]LogMaterial: Display: Missing cached shader map for material FLightmassMaterialRenderer CubeMaterial, compiling. 
[2021.05.21-09.20.02:390][  1]LogMaterial: Display: Missing cached shader map for material FLightmassMaterialRenderer BasicShapeMaterial, compiling. 
[2021.05.21-09.20.02:392][  1]LogShaderCompilers: Display: Worker (1/3): shaders left to compile 8
[2021.05.21-09.20.02:392][  1]LogShaderCompilers: Display: Worker (2/3): shaders left to compile 3
[2021.05.21-09.20.02:392][  1]LogMaterial: Display: Missing cached shader map for material FLightmassMaterialRenderer BasicShapeMaterial, compiling. 
[2021.05.21-09.20.02:481][  1]LogSlate: Took 0.001392 seconds to synchronously load lazily loaded font '../../../Engine/Content/Slate/Fonts/DroidSansMono.ttf' (77K)
[2021.05.21-09.20.02:502][  2]LogMaterial: Display: Missing cached shader map for material FLightmassMaterialRenderer WorldGridMaterial, compiling. Is special engine material.
[2021.05.21-09.20.02:506][  2]LogMaterial: Display: Missing cached shader map for material FLightmassMaterialRenderer WorldGridMaterial, compiling. Is special engine material.
[2021.05.21-09.20.04:174][  2]LogShaderCompilers: Display: Worker (2/3): shaders left to compile 8
[2021.05.21-09.20.04:174][  2]LogShaderCompilers: Display: Worker (1/3): shaders left to compile 3
[2021.05.21-09.20.04:174][  2]LogShaderCompilers: Display: Worker (1/3): shaders left to compile 1
[2021.05.21-09.20.04:425][  9]LogUObjectHash: Compacting FUObjectHashTables data took   0.21ms
[2021.05.21-09.20.07:665][254]Job is a success!
[2021.05.21-09.20.07:697][255]LogSlate: Took 0.000357 seconds to synchronously load lazily loaded font '../../../Engine/Content/Slate/Fonts/Roboto-Light.ttf' (167K)
[2021.05.21-09.20.07:829][255]LogVolumetricLightmapImport: Imported Volumetric Lightmap in 0.023s
[2021.05.21-09.20.07:829][255]LogVolumetricLightmapImport:      Indirection Texture 16x16x16 = 0.0Mb
[2021.05.21-09.20.07:829][255]LogVolumetricLightmapImport:      BrickData (all levels) 0.2Mb (trimmed 0.0Mb due to 0.010000 MinBrickError)
[2021.05.21-09.20.07:829][255]LogVolumetricLightmapImport:      Bricks at depth
[2021.05.21-09.20.07:829][255]LogVolumetricLightmapImport:          0: 2.1% covering 100.0% of volume
[2021.05.21-09.20.07:829][255]LogVolumetricLightmapImport:          1: 8.5% covering 6.3% of volume
[2021.05.21-09.20.07:829][255]LogVolumetricLightmapImport:          2: 89.4% covering 1.0% of volume
[2021.05.21-09.20.07:829][255]LogVolumetricLightmapImport:      Bricks in each level
[2021.05.21-09.20.07:829][255]LogVolumetricLightmapImport:          ThirdPersonExampleMap 			 47 bricks 	 100.0% (Persistent Level)
[2021.05.21-09.20.08:193][255]LogTexture: Display: Building textures: SkyOcclusion0_1 (AutoDXT, 1024X512)
[2021.05.21-09.20.08:193][255]LogTexture: Display: Building textures: HQ_Lightmap0_1 (AutoDXT, 1024X1024)
[2021.05.21-09.20.08:193][255]LogTexture: Display: Building textures: LQ_Lightmap_0_1 (DXT1, 1024X1024)
[2021.05.21-09.20.08:193][255]LogTexture: Display: Building textures: SkyOcclusion0_2 (AutoDXT, 128X64)
[2021.05.21-09.20.08:193][255]LogTexture: Display: Building textures: HQ_Lightmap0_2 (AutoDXT, 128X128)
[2021.05.21-09.20.08:193][255]LogTexture: Display: Building textures: LQ_Lightmap_0_2 (DXT1, 128X128)
[2021.05.21-09.20.08:193][255]LogTexture: Display: Building textures: SkyOcclusion0_3 (AutoDXT, 64X32)
[2021.05.21-09.20.08:193][255]LogTexture: Display: Building textures: HQ_Lightmap0_3 (AutoDXT, 64X64)
[2021.05.21-09.20.08:193][255]LogTexture: Display: Building textures: LQ_Lightmap_0_3 (DXT1, 64X64)
[2021.05.21-09.20.08:399][255]LogTexture: Display: Building textures: ShadowMapTexture2D_1 (G8, 32X32)
[2021.05.21-09.20.08:399][255]LogTexture: Display: Building textures: ShadowMapTexture2D_0 (G8, 1024X1024)
[2021.05.21-09.20.08:400][255]Lightmass on A22809X: 3.04 sec total, 110 ms importing, 4 ms setup, 551 ms photons, 2.30 sec processing, 0 ms extra exporting [7/7 mappings]. Threads: 11.5 sec total, 3.19 sec processing.
[2021.05.21-09.20.08:402][255]LogStaticLightingSystem: ThirdPersonExampleMap_BuiltData storing lightmap data for 7 meshes in 3 LightmapResourceClusters (2.3 Meshes per cluster).
[2021.05.21-09.20.08:412][255]LogUObjectHash: Compacting FUObjectHashTables data took   0.22ms
[2021.05.21-09.20.08:422][255]LogStaticLightingSystem: Illumination: 9.28 sec (367 ms encoding lightmaps, 159 ms encoding shadowmaps)
[2021.05.21-09.20.08:422][255]LogStaticLightingSystem: Lightmap texture memory:  2.7 MB (2.7 MB streaming, 0.0 MB non-streaming), 6 textures
[2021.05.21-09.20.08:422][255]LogStaticLightingSystem: Shadowmap texture memory: 1.3 MB (1.3 MB streaming, 0.0 MB non-streaming), 2 textures
[2021.05.21-09.20.09:184][255]DumpUnbuiltLightIteractions
[2021.05.21-09.20.09:184][255]Lights with unbuilt interactions: 0
[2021.05.21-09.20.09:184][255]
[2021.05.21-09.20.09:184][255]Primitives with unbuilt interactions: 0
[2021.05.21-09.20.09:260][256]Cmd: MAP CHECK NOTIFYRESULTS
[2021.05.21-09.20.09:260][256]MapCheck: New page: ThirdPersonExampleMap - 21 May 2021, 11:20:09
[2021.05.21-09.20.09:260][256]MapCheck: Map check complete: 0 Error(s), 0 Warning(s), took 0.218ms to complete.
[2021.05.21-09.20.10:708][423]LogSlate: Window 'Message Log' being destroyed
[2021.05.21-09.20.10:710][423]LogSlate: Window 'Message Log' being destroyed
[2021.05.21-09.20.11:441][508]LogTemp: Repeating last play command: Selected Viewport
[2021.05.21-09.20.11:456][508]LogPlayLevel: PlayLevel: No blueprints needed recompiling
[2021.05.21-09.20.11:456][508]PIE: New page: PIE session: ThirdPersonExampleMap (21 May 2021, 11:20:11)
[2021.05.21-09.20.11:456][508]LogPlayLevel: Creating play world package: /Game/ThirdPersonBP/Maps/UEDPIE_0_ThirdPersonExampleMap
[2021.05.21-09.20.11:466][508]LogPlayLevel: PIE: StaticDuplicateObject took: (0.009306s)
[2021.05.21-09.20.11:467][508]LogAIModule: Creating AISystem for world ThirdPersonExampleMap
[2021.05.21-09.20.11:467][508]LogAISub: UAISubsystem::UAISubsystem EnvQueryManager (00000251D5B76600), frame # 16508
[2021.05.21-09.20.11:467][508]LogAISub: UAISubsystem::UAISubsystem AIPerceptionSystem (00000251FF33C400), frame # 16508
[2021.05.21-09.20.11:467][508]LogPlayLevel: PIE: World Init took: (0.000929s)
[2021.05.21-09.20.11:467][508]LogPlayLevel: PIE: Created PIE world by copying editor world from /Game/ThirdPersonBP/Maps/ThirdPersonExampleMap.ThirdPersonExampleMap to /Game/ThirdPersonBP/Maps/UEDPIE_0_ThirdPersonExampleMap.ThirdPersonExampleMap (0.010362s)
[2021.05.21-09.20.11:475][508]LogUObjectHash: Compacting FUObjectHashTables data took   0.53ms
[2021.05.21-09.20.11:477][508]LogAudioMixer: Display: Audio Mixer Platform Settings:
[2021.05.21-09.20.11:477][508]LogAudioMixer: Display: 	Sample Rate:						  48000
[2021.05.21-09.20.11:477][508]LogAudioMixer: Display: 	Callback Buffer Frame Size Requested: 1024
[2021.05.21-09.20.11:477][508]LogAudioMixer: Display: 	Callback Buffer Frame Size To Use:	  1024
[2021.05.21-09.20.11:477][508]LogAudioMixer: Display: 	Number of buffers to queue:			  2
[2021.05.21-09.20.11:477][508]LogAudioMixer: Display: 	Max Channels (voices):				  32
[2021.05.21-09.20.11:477][508]LogAudioMixer: Display: 	Number of Async Source Workers:		  0
[2021.05.21-09.20.11:477][508]LogAudio: Display: AudioDevice MaxSources: 32
[2021.05.21-09.20.11:477][508]LogAudio: Display: Using built-in audio occlusion.
[2021.05.21-09.20.11:477][508]LogAudioMixer: Display: Initializing audio mixer.
[2021.05.21-09.20.11:480][508]LogAudioMixer: Display: 0: FrontLeft
[2021.05.21-09.20.11:480][508]LogAudioMixer: Display: 1: FrontRight
[2021.05.21-09.20.11:493][508]LogAudioMixer: Display: Using Audio Device Headphones (High Definition Audio Device)
[2021.05.21-09.20.11:493][508]LogAudioMixer: Display: Initializing Sound Submixes...
[2021.05.21-09.20.11:493][508]LogAudioMixer: Display: Creating Master Submix 'MasterSubmixDefault'
[2021.05.21-09.20.11:493][508]LogAudioMixer: Display: Creating Master Submix 'MasterReverbSubmixDefault'
[2021.05.21-09.20.11:493][508]LogAudioMixer: Display: Creating Master Submix 'MasterEQSubmixDefault'
[2021.05.21-09.20.11:504][508]LogInit: FAudioDevice initialized.
[2021.05.21-09.20.11:514][508]LogLoad: Game class is 'mainmenugamemode_C'
[2021.05.21-09.20.11:515][508]LogWorld: Bringing World /Game/ThirdPersonBP/Maps/UEDPIE_0_ThirdPersonExampleMap.ThirdPersonExampleMap up for play (max tick rate 0) at 2021.05.21-10.20.11
[2021.05.21-09.20.11:515][508]LogWorld: Bringing up level for play took: 0.001058
[2021.05.21-09.20.11:515][508]LogOnline: OSS: Creating online subsystem instance for: :Context_4
[2021.05.21-09.20.11:517][508]PIE: Server logged in
[2021.05.21-09.20.11:518][508]PIE: Play in editor total start time 0.063 seconds.
[2021.05.21-09.20.12:314][602]LogNet: Browse: /Game/maze-1
[2021.05.21-09.20.12:314][602]LogLoad: LoadMap: /Game/maze-1
[2021.05.21-09.20.12:315][602]LogWorld: BeginTearingDown for /Game/ThirdPersonBP/Maps/UEDPIE_0_ThirdPersonExampleMap
[2021.05.21-09.20.12:315][602]LogWorld: UWorld::CleanupWorld for ThirdPersonExampleMap, bSessionEnded=true, bCleanupResources=true
[2021.05.21-09.20.12:315][602]LogSlate: InvalidateAllWidgets triggered.  All widgets were invalidated
[2021.05.21-09.20.12:347][602]LogAISub: UAISubsystem::~UAISubsystem AIPerceptionSystem (00000251FF33C400), frame # 16602
[2021.05.21-09.20.12:347][602]LogAISub: UAISubsystem::~UAISubsystem EnvQueryManager (00000251D5B76600), frame # 16602
[2021.05.21-09.20.12:348][602]LogUObjectHash: Compacting FUObjectHashTables data took   0.53ms
[2021.05.21-09.20.12:353][602]LogLinker: Warning: While loading '../../../../../../Users/dk05253827/Documents/GitHub/FMP_YR1_Rat_Trap/FMP_Rat_Trap/Content/maze-1.umap' failed to load '/Game/maze-1_BuiltData': Can't find file.
[2021.05.21-09.20.12:353][602]LogLinker: Warning: While loading '../../../../../../Users/dk05253827/Documents/GitHub/FMP_YR1_Rat_Trap/FMP_Rat_Trap/Content/maze-1.umap' failed to load '/Game/maze-1_BuiltData': Can't find file.
[2021.05.21-09.20.12:354][602]LogLinker: Warning: While loading '../../../../../../Users/dk05253827/Documents/GitHub/FMP_YR1_Rat_Trap/FMP_Rat_Trap/Content/maze-1.umap' failed to load '/Game/maze-1_BuiltData': Can't find file.
[2021.05.21-09.20.12:354][602]LogLinker: Warning: While loading '../../../../../../Users/dk05253827/Documents/GitHub/FMP_YR1_Rat_Trap/FMP_Rat_Trap/Content/maze-1.umap' failed to load '/Game/maze-1_BuiltData': Can't find file.
[2021.05.21-09.20.12:383][602]LogLinker: Warning: While loading '../../../../../../Users/dk05253827/Documents/GitHub/FMP_YR1_Rat_Trap/FMP_Rat_Trap/Content/maze-1.umap' failed to load '/Game/maze-1_BuiltData': Can't find file.
[2021.05.21-09.20.12:384][602]LogLinker: Warning: While loading '../../../../../../Users/dk05253827/Documents/GitHub/FMP_YR1_Rat_Trap/FMP_Rat_Trap/Content/maze-1.umap' failed to load '/Game/maze-1_BuiltData': Can't find file.
[2021.05.21-09.20.12:433][602]LogAIModule: Creating AISystem for world maze-1
[2021.05.21-09.20.12:433][602]LogAISub: UAISubsystem::UAISubsystem EnvQueryManager (0000025205478C00), frame # 16602
[2021.05.21-09.20.12:433][602]LogAISub: UAISubsystem::UAISubsystem AIPerceptionSystem (00000251D5BDA200), frame # 16602
[2021.05.21-09.20.12:433][602]LogLoad: Game class is 'ThirdPersonGameMode_C'
[2021.05.21-09.20.12:477][602]LogWorld: Bringing World /Game/UEDPIE_0_maze-1.maze-1 up for play (max tick rate 0) at 2021.05.21-10.20.12
[2021.05.21-09.20.12:477][602]LogWorld: Bringing up level for play took: 0.042982
[2021.05.21-09.20.12:481][602]LogLoad: Took 0.165906 seconds to LoadMap(/Game/maze-1)
[2021.05.21-09.20.13:741][748]LogSlate: Updating window title bar state: overlay mode, drag disabled, window buttons hidden, title bar hidden
[2021.05.21-09.20.13:741][748]LogWorld: BeginTearingDown for /Game/UEDPIE_0_maze-1
[2021.05.21-09.20.13:741][748]LogWorld: UWorld::CleanupWorld for maze-1, bSessionEnded=true, bCleanupResources=true
[2021.05.21-09.20.13:742][748]LogSlate: InvalidateAllWidgets triggered.  All widgets were invalidated
[2021.05.21-09.20.13:751][748]LogPlayLevel: Display: Shutting down PIE online subsystems
[2021.05.21-09.20.13:753][748]LogSlate: InvalidateAllWidgets triggered.  All widgets were invalidated
[2021.05.21-09.20.13:776][748]LogSlate: Updating window title bar state: overlay mode, drag disabled, window buttons hidden, title bar hidden
[2021.05.21-09.20.13:778][748]LogAISub: UAISubsystem::~UAISubsystem AIPerceptionSystem (00000251D5BDA200), frame # 16748
[2021.05.21-09.20.13:778][748]LogAISub: UAISubsystem::~UAISubsystem EnvQueryManager (0000025205478C00), frame # 16748
[2021.05.21-09.20.13:779][748]LogUObjectHash: Compacting FUObjectHashTables data took   0.57ms
[2021.05.21-09.20.13:801][749]LogPlayLevel: Display: Destroying online subsystem :Context_4
[2021.05.21-09.20.21:107][588]LogSlate: Window 'Open Level' being destroyed
[2021.05.21-09.20.23:782][869]LogLinker: Warning: While loading '../../../../../../Users/dk05253827/Documents/GitHub/FMP_YR1_Rat_Trap/FMP_Rat_Trap/Content/maze-1.umap' failed to load '/Game/maze-1_BuiltData': Can't find file.
[2021.05.21-09.20.23:782][869]LogLinker: Warning: While loading '../../../../../../Users/dk05253827/Documents/GitHub/FMP_YR1_Rat_Trap/FMP_Rat_Trap/Content/maze-1.umap' failed to load '/Game/maze-1_BuiltData': Can't find file.
[2021.05.21-09.20.23:782][869]LogLinker: Warning: While loading '../../../../../../Users/dk05253827/Documents/GitHub/FMP_YR1_Rat_Trap/FMP_Rat_Trap/Content/maze-1.umap' failed to load '/Game/maze-1_BuiltData': Can't find file.
[2021.05.21-09.20.23:782][869]LogLinker: Warning: While loading '../../../../../../Users/dk05253827/Documents/GitHub/FMP_YR1_Rat_Trap/FMP_Rat_Trap/Content/maze-1.umap' failed to load '/Game/maze-1_BuiltData': Can't find file.
[2021.05.21-09.20.23:811][869]LogLinker: Warning: While loading '../../../../../../Users/dk05253827/Documents/GitHub/FMP_YR1_Rat_Trap/FMP_Rat_Trap/Content/maze-1.umap' failed to load '/Game/maze-1_BuiltData': Can't find file.
[2021.05.21-09.20.23:812][869]LogLinker: Warning: While loading '../../../../../../Users/dk05253827/Documents/GitHub/FMP_YR1_Rat_Trap/FMP_Rat_Trap/Content/maze-1.umap' failed to load '/Game/maze-1_BuiltData': Can't find file.
[2021.05.21-09.20.23:890][869]LogAssetEditorSubsystem: Opening Asset editor for World /Game/maze-1.maze-1
[2021.05.21-09.20.23:901][869]LogUObjectHash: Compacting FUObjectHashTables data took   0.62ms
[2021.05.21-09.20.25:771][869]LogSlate: Window 'Save Content' being destroyed
[2021.05.21-09.20.27:188][ 29]LogUObjectHash: Compacting FUObjectHashTables data took   0.22ms
[2021.05.21-09.20.28:794][ 29]LogSlate: Window 'Save Content' being destroyed
[2021.05.21-09.20.28:822][ 29]LogUObjectHash: Compacting FUObjectHashTables data took   0.22ms
[2021.05.21-09.20.28:854][ 29]LogSavePackage: Moving '../../../../../../Users/dk05253827/Documents/GitHub/FMP_YR1_Rat_Trap/FMP_Rat_Trap/Saved/ThirdPersonExampleMap4D4FCA78431B89CDDF1255BAACF9B5FD.tmp' to '../../../../../../Users/dk05253827/Documents/GitHub/FMP_YR1_Rat_Trap/FMP_Rat_Trap/Content/ThirdPersonBP/Maps/ThirdPersonExampleMap.umap'
[2021.05.21-09.20.28:880][ 29]LogFileHelpers: Saving map 'ThirdPersonExampleMap' took 0.067
[2021.05.21-09.20.28:926][ 29]LogSavePackage: Moving '../../../../../../Users/dk05253827/Documents/GitHub/FMP_YR1_Rat_Trap/FMP_Rat_Trap/Saved/ThirdPersonExampleMap_BuiltDataCDCEF6B74C1CC485606C03BA8B4E14C4.tmp' to '../../../../../../Users/dk05253827/Documents/GitHub/FMP_YR1_Rat_Trap/FMP_Rat_Trap/Content/ThirdPersonBP/Maps/ThirdPersonExampleMap_BuiltData.uasset'
[2021.05.21-09.20.28:939][ 29]AssetCheck: New page: Asset Save: multiple assets
[2021.05.21-09.20.28:940][ 29]LogContentValidation: Display: Validating World /Game/ThirdPersonBP/Maps/ThirdPersonExampleMap.ThirdPersonExampleMap
[2021.05.21-09.20.28:940][ 29]LogContentValidation: Display: Validating MapBuildDataRegistry /Game/ThirdPersonBP/Maps/ThirdPersonExampleMap_BuiltData.ThirdPersonExampleMap_BuiltData
[2021.05.21-09.20.32:558][459]LogEditorViewport: Clicking on Actor (LMB): StaticMeshActor (Floor)
[2021.05.21-09.20.45:217][961]LogEditorViewport: Clicking on Actor (LMB): StaticMeshActor (Floor)
[2021.05.21-09.20.47:578][240]SourceControl: Source control is disabled
[2021.05.21-09.20.47:578][240]LogSlate: Window 'Source Control Login' being destroyed
[2021.05.21-09.21.04:070][179]LogWindows: Warning: CreateProc failed: The system cannot find the file specified. (0x00000002)
[2021.05.21-09.21.04:070][179]LogWindows: Warning: URL: C:/Users/dk05253827/AppData/Local/Programs/Git/bin/git.exe version
[2021.05.21-09.21.10:101][894]LogWindows: Warning: CreateProc failed: The system cannot find the file specified. (0x00000002)
[2021.05.21-09.21.10:101][894]LogWindows: Warning: URL: C:/Users/dk05253827/AppData/Local/Programs/Git/bin/git.exe version
[2021.05.21-09.21.10:101][894]SourceControl: Error: Failed to enable Git source control. You need to install Git and specify a valid path to git executable.
[2021.05.21-09.22.14:719][129]SourceControl: Source control is disabled
[2021.05.21-09.22.14:719][129]LogSlate: Window 'Source Control Login' being destroyed
[2021.05.21-09.22.30:171][295]LogEditorViewport: Clicking on Actor (LMB): BP_Grapple_target_C (BP_Grapple_target)
